2026-01-19T07:40:06.140Z [debug][Settings Migrator]: Checking migration '0001_migrate_hostname.js'... 
2026-01-19T07:40:07.730Z [debug][Settings Migrator]: Checking migration '0002_migrate_apitokens.js'... 
2026-01-19T07:40:07.762Z [debug][Settings Migrator]: Checking migration '0003_emby_media_server_type.js'... 
2026-01-19T07:40:07.787Z [debug][Settings Migrator]: Checking migration '0004_migrate_region_setting.js'... 
2026-01-19T07:40:07.804Z [debug][Settings Migrator]: Checking migration '0005_migrate_network_settings.js'... 
2026-01-19T07:40:07.822Z [debug][Settings Migrator]: Checking migration '0006_remove_lunasea.js'... 
2026-01-19T07:40:08.654Z [info][Notifications]: Registered notification agents 
2026-01-19T07:40:12.478Z [info][Jobs]: Scheduled jobs loaded 
2026-01-19T07:40:16.456Z [info][Server]: Server ready on port 5055 
2026-01-19T07:41:00.164Z [debug][Jobs]: Starting scheduled job: Download Sync 
2026-01-19T07:42:00.023Z [debug][Jobs]: Starting scheduled job: Download Sync 
2026-01-19T07:43:00.018Z [debug][Jobs]: Starting scheduled job: Download Sync 
2026-01-19T07:43:46.533Z [debug][Image Cache]: Something went wrong caching image. {"errorMessage":"Request failed with status code 404"}
2026-01-19T07:44:00.004Z [debug][Jobs]: Starting scheduled job: Download Sync 
2026-01-19T07:45:00.035Z [debug][Jobs]: Starting scheduled job: Download Sync 
2026-01-19T07:45:00.126Z [info][Jobs]: Starting scheduled job: Jellyfin Recently Added Scan 
2026-01-19T07:45:00.129Z [info][Jellyfin Sync]: Jellyfin Sync Starting {"sessionId":"e41576c7-5e6d-4141-b2fc-e789bb44daa1"}
2026-01-19T07:45:00.178Z [info][Jellyfin Sync]: Beginning to process recently added for library: Movies 
2026-01-19T07:45:00.957Z [debug][Jellyfin Sync]: Title already exists and no new media types found The Dark Knight 
2026-01-19T07:45:04.960Z [info][Jellyfin Sync]: Recently Added Scan Complete 
2026-01-19T07:46:00.015Z [debug][Jobs]: Starting scheduled job: Download Sync 
2026-01-19T07:47:00.015Z [debug][Jobs]: Starting scheduled job: Download Sync 
2026-01-19T07:48:00.018Z [debug][Jobs]: Starting scheduled job: Download Sync 
2026-01-19T07:49:00.029Z [debug][Jobs]: Starting scheduled job: Download Sync 
