{"Protocol":0,"Id":"7d709df544ecc68f01067a5ae802c25a","Path":"/data/Movies/The.Dark.Knight.2008.UHD.BluRay.2160p.DTS-HD.MA.5.1.HEVC.REMUX-FraMeSToR-AsRequested/ylKO9DAurhGDpn4G.mkv","EncoderPath":null,"EncoderProtocol":null,"Type":0,"Container":"mkv","Size":58311670851,"Name":"ylKO9DAurhGDpn4G","IsRemote":false,"ETag":"8348d2c367cda248016f8009ae378ee3","RunTimeTicks":91322560000,"ReadAtNativeFramerate":false,"IgnoreDts":false,"IgnoreIndex":false,"GenPtsInput":false,"SupportsTranscoding":true,"SupportsDirectStream":true,"SupportsDirectPlay":true,"IsInfiniteStream":false,"UseMostCompatibleTranscodingProfile":false,"RequiresOpening":false,"OpenToken":null,"RequiresClosing":false,"LiveStreamId":null,"BufferMs":null,"RequiresLooping":false,"SupportsProbing":true,"VideoType":0,"IsoType":null,"Video3DFormat":null,"MediaStreams":[{"Codec":"hevc","CodecTag":null,"Language":null,"ColorRange":null,"ColorSpace":"bt2020nc","ColorTransfer":"smpte2084","ColorPrimaries":"bt2020","DvVersionMajor":null,"DvVersionMinor":null,"DvProfile":null,"DvLevel":null,"RpuPresentFlag":null,"ElPresentFlag":null,"BlPresentFlag":null,"DvBlSignalCompatibilityId":null,"Rotation":null,"Comment":null,"TimeBase":"1/1000","CodecTimeBase":null,"Title":null,"Hdr10PlusPresentFlag":null,"VideoRange":2,"VideoRangeType":2,"VideoDoViTitle":null,"AudioSpatialFormat":0,"LocalizedUndefined":null,"LocalizedDefault":null,"LocalizedForced":null,"LocalizedExternal":null,"LocalizedHearingImpaired":null,"DisplayTitle":"4K HEVC HDR","NalLengthSize":null,"IsInterlaced":false,"IsAVC":false,"ChannelLayout":null,"BitRate":51081941,"BitDepth":10,"RefFrames":1,"PacketLength":null,"Channels":null,"SampleRate":null,"IsDefault":true,"IsForced":false,"IsHearingImpaired":false,"Height":2160,"Width":3840,"AverageFrameRate":23.976025,"RealFrameRate":23.976025,"ReferenceFrameRate":23.976025,"Profile":"Main 10","Type":1,"AspectRatio":"16:9","Index":0,"Score":null,"IsExternal":false,"DeliveryMethod":null,"DeliveryUrl":null,"IsExternalUrl":null,"IsTextSubtitleStream":false,"SupportsExternalStream":false,"Path":null,"PixelFormat":"yuv420p10le","Level":153,"IsAnamorphic":false},{"Codec":"dts","CodecTag":null,"Language":"eng","ColorRange":null,"ColorSpace":null,"ColorTransfer":null,"ColorPrimaries":null,"DvVersionMajor":null,"DvVersionMinor":null,"DvProfile":null,"DvLevel":null,"RpuPresentFlag":null,"ElPresentFlag":null,"BlPresentFlag":null,"DvBlSignalCompatibilityId":null,"Rotation":null,"Comment":null,"TimeBase":"1/1000","CodecTimeBase":null,"Title":"DTS-HD MA 5.1","Hdr10PlusPresentFlag":null,"VideoRange":0,"VideoRangeType":0,"VideoDoViTitle":null,"AudioSpatialFormat":0,"LocalizedUndefined":null,"LocalizedDefault":"Default","LocalizedForced":null,"LocalizedExternal":"External","LocalizedHearingImpaired":null,"DisplayTitle":"DTS-HD MA 5.1 - English - Default","NalLengthSize":null,"IsInterlaced":false,"IsAVC":false,"ChannelLayout":"5.1","BitRate":3814479,"BitDepth":24,"RefFrames":null,"PacketLength":null,"Channels":6,"SampleRate":48000,"IsDefault":true,"IsForced":false,"IsHearingImpaired":false,"Height":null,"Width":null,"AverageFrameRate":null,"RealFrameRate":null,"ReferenceFrameRate":null,"Profile":"DTS-HD MA","Type":0,"AspectRatio":null,"Index":1,"Score":null,"IsExternal":false,"DeliveryMethod":null,"DeliveryUrl":null,"IsExternalUrl":null,"IsTextSubtitleStream":false,"SupportsExternalStream":false,"Path":null,"PixelFormat":null,"Level":0,"IsAnamorphic":null},{"Codec":"PGSSUB","CodecTag":null,"Language":"eng","ColorRange":null,"ColorSpace":null,"ColorTransfer":null,"ColorPrimaries":null,"DvVersionMajor":null,"DvVersionMinor":null,"DvProfile":null,"DvLevel":null,"RpuPresentFlag":null,"ElPresentFlag":null,"BlPresentFlag":null,"DvBlSignalCompatibilityId":null,"Rotation":null,"Comment":null,"TimeBase":"1/1000","CodecTimeBase":null,"Title":"English (SDH)","Hdr10PlusPresentFlag":null,"VideoRange":0,"VideoRangeType":0,"VideoDoViTitle":null,"AudioSpatialFormat":0,"LocalizedUndefined":"Undefined","LocalizedDefault":"Default","LocalizedForced":"Forced","LocalizedExternal":"External","LocalizedHearingImpaired":"Hearing Impaired","DisplayTitle":"English (SDH) - PGSSUB","NalLengthSize":null,"IsInterlaced":false,"IsAVC":false,"ChannelLayout":null,"BitRate":null,"BitDepth":null,"RefFrames":null,"PacketLength":null,"Channels":null,"SampleRate":null,"IsDefault":false,"IsForced":false,"IsHearingImpaired":false,"Height":1080,"Width":1920,"AverageFrameRate":null,"RealFrameRate":null,"ReferenceFrameRate":null,"Profile":null,"Type":2,"AspectRatio":null,"Index":2,"Score":null,"IsExternal":false,"DeliveryMethod":null,"DeliveryUrl":null,"IsExternalUrl":null,"IsTextSubtitleStream":false,"SupportsExternalStream":true,"Path":null,"PixelFormat":null,"Level":0,"IsAnamorphic":null},{"Codec":"PGSSUB","CodecTag":null,"Language":"fra","ColorRange":null,"ColorSpace":null,"ColorTransfer":null,"ColorPrimaries":null,"DvVersionMajor":null,"DvVersionMinor":null,"DvProfile":null,"DvLevel":null,"RpuPresentFlag":null,"ElPresentFlag":null,"BlPresentFlag":null,"DvBlSignalCompatibilityId":null,"Rotation":null,"Comment":null,"TimeBase":"1/1000","CodecTimeBase":null,"Title":"French","Hdr10PlusPresentFlag":null,"VideoRange":0,"VideoRangeType":0,"VideoDoViTitle":null,"AudioSpatialFormat":0,"LocalizedUndefined":"Undefined","LocalizedDefault":"Default","LocalizedForced":"Forced","LocalizedExternal":"External","LocalizedHearingImpaired":"Hearing Impaired","DisplayTitle":"French - PGSSUB","NalLengthSize":null,"IsInterlaced":false,"IsAVC":false,"ChannelLayout":null,"BitRate":null,"BitDepth":null,"RefFrames":null,"PacketLength":null,"Channels":null,"SampleRate":null,"IsDefault":false,"IsForced":false,"IsHearingImpaired":false,"Height":1080,"Width":1920,"AverageFrameRate":null,"RealFrameRate":null,"ReferenceFrameRate":null,"Profile":null,"Type":2,"AspectRatio":null,"Index":3,"Score":null,"IsExternal":false,"DeliveryMethod":null,"DeliveryUrl":null,"IsExternalUrl":null,"IsTextSubtitleStream":false,"SupportsExternalStream":true,"Path":null,"PixelFormat":null,"Level":0,"IsAnamorphic":null},{"Codec":"PGSSUB","CodecTag":null,"Language":"zho","ColorRange":null,"ColorSpace":null,"ColorTransfer":null,"ColorPrimaries":null,"DvVersionMajor":null,"DvVersionMinor":null,"DvProfile":null,"DvLevel":null,"RpuPresentFlag":null,"ElPresentFlag":null,"BlPresentFlag":null,"DvBlSignalCompatibilityId":null,"Rotation":null,"Comment":null,"TimeBase":"1/1000","CodecTimeBase":null,"Title":"Chinese (Mandarin Simplified)","Hdr10PlusPresentFlag":null,"VideoRange":0,"VideoRangeType":0,"VideoDoViTitle":null,"AudioSpatialFormat":0,"LocalizedUndefined":"Undefined","LocalizedDefault":"Default","LocalizedForced":"Forced","LocalizedExternal":"External","LocalizedHearingImpaired":"Hearing Impaired","DisplayTitle":"Chinese (Mandarin Simplified) - PGSSUB","NalLengthSize":null,"IsInterlaced":false,"IsAVC":false,"ChannelLayout":null,"BitRate":null,"BitDepth":null,"RefFrames":null,"PacketLength":null,"Channels":null,"SampleRate":null,"IsDefault":false,"IsForced":false,"IsHearingImpaired":false,"Height":1080,"Width":1920,"AverageFrameRate":null,"RealFrameRate":null,"ReferenceFrameRate":null,"Profile":null,"Type":2,"AspectRatio":null,"Index":4,"Score":null,"IsExternal":false,"DeliveryMethod":null,"DeliveryUrl":null,"IsExternalUrl":null,"IsTextSubtitleStream":false,"SupportsExternalStream":true,"Path":null,"PixelFormat":null,"Level":0,"IsAnamorphic":null},{"Codec":"PGSSUB","CodecTag":null,"Language":"spa","ColorRange":null,"ColorSpace":null,"ColorTransfer":null,"ColorPrimaries":null,"DvVersionMajor":null,"DvVersionMinor":null,"DvProfile":null,"DvLevel":null,"RpuPresentFlag":null,"ElPresentFlag":null,"BlPresentFlag":null,"DvBlSignalCompatibilityId":null,"Rotation":null,"Comment":null,"TimeBase":"1/1000","CodecTimeBase":null,"Title":"Spanish (Latin American)","Hdr10PlusPresentFlag":null,"VideoRange":0,"VideoRangeType":0,"VideoDoViTitle":null,"AudioSpatialFormat":0,"LocalizedUndefined":"Undefined","LocalizedDefault":"Default","LocalizedForced":"Forced","LocalizedExternal":"External","LocalizedHearingImpaired":"Hearing Impaired","DisplayTitle":"Spanish (Latin American) - PGSSUB","NalLengthSize":null,"IsInterlaced":false,"IsAVC":false,"ChannelLayout":null,"BitRate":null,"BitDepth":null,"RefFrames":null,"PacketLength":null,"Channels":null,"SampleRate":null,"IsDefault":false,"IsForced":false,"IsHearingImpaired":false,"Height":1080,"Width":1920,"AverageFrameRate":null,"RealFrameRate":null,"ReferenceFrameRate":null,"Profile":null,"Type":2,"AspectRatio":null,"Index":5,"Score":null,"IsExternal":false,"DeliveryMethod":null,"DeliveryUrl":null,"IsExternalUrl":null,"IsTextSubtitleStream":false,"SupportsExternalStream":true,"Path":null,"PixelFormat":null,"Level":0,"IsAnamorphic":null},{"Codec":"PGSSUB","CodecTag":null,"Language":"por","ColorRange":null,"ColorSpace":null,"ColorTransfer":null,"ColorPrimaries":null,"DvVersionMajor":null,"DvVersionMinor":null,"DvProfile":null,"DvLevel":null,"RpuPresentFlag":null,"ElPresentFlag":null,"BlPresentFlag":null,"DvBlSignalCompatibilityId":null,"Rotation":null,"Comment":null,"TimeBase":"1/1000","CodecTimeBase":null,"Title":"Portuguese (Brazilian)","Hdr10PlusPresentFlag":null,"VideoRange":0,"VideoRangeType":0,"VideoDoViTitle":null,"AudioSpatialFormat":0,"LocalizedUndefined":"Undefined","LocalizedDefault":"Default","LocalizedForced":"Forced","LocalizedExternal":"External","LocalizedHearingImpaired":"Hearing Impaired","DisplayTitle":"Portuguese (Brazilian) - PGSSUB","NalLengthSize":null,"IsInterlaced":false,"IsAVC":false,"ChannelLayout":null,"BitRate":null,"BitDepth":null,"RefFrames":null,"PacketLength":null,"Channels":null,"SampleRate":null,"IsDefault":false,"IsForced":false,"IsHearingImpaired":false,"Height":1080,"Width":1920,"AverageFrameRate":null,"RealFrameRate":null,"ReferenceFrameRate":null,"Profile":null,"Type":2,"AspectRatio":null,"Index":6,"Score":null,"IsExternal":false,"DeliveryMethod":null,"DeliveryUrl":null,"IsExternalUrl":null,"IsTextSubtitleStream":false,"SupportsExternalStream":true,"Path":null,"PixelFormat":null,"Level":0,"IsAnamorphic":null},{"Codec":"PGSSUB","CodecTag":null,"Language":"tha","ColorRange":null,"ColorSpace":null,"ColorTransfer":null,"ColorPrimaries":null,"DvVersionMajor":null,"DvVersionMinor":null,"DvProfile":null,"DvLevel":null,"RpuPresentFlag":null,"ElPresentFlag":null,"BlPresentFlag":null,"DvBlSignalCompatibilityId":null,"Rotation":null,"Comment":null,"TimeBase":"1/1000","CodecTimeBase":null,"Title":"Thai","Hdr10PlusPresentFlag":null,"VideoRange":0,"VideoRangeType":0,"VideoDoViTitle":null,"AudioSpatialFormat":0,"LocalizedUndefined":"Undefined","LocalizedDefault":"Default","LocalizedForced":"Forced","LocalizedExternal":"External","LocalizedHearingImpaired":"Hearing Impaired","DisplayTitle":"Thai - PGSSUB","NalLengthSize":null,"IsInterlaced":false,"IsAVC":false,"ChannelLayout":null,"BitRate":null,"BitDepth":null,"RefFrames":null,"PacketLength":null,"Channels":null,"SampleRate":null,"IsDefault":false,"IsForced":false,"IsHearingImpaired":false,"Height":1080,"Width":1920,"AverageFrameRate":null,"RealFrameRate":null,"ReferenceFrameRate":null,"Profile":null,"Type":2,"AspectRatio":null,"Index":7,"Score":null,"IsExternal":false,"DeliveryMethod":null,"DeliveryUrl":null,"IsExternalUrl":null,"IsTextSubtitleStream":false,"SupportsExternalStream":true,"Path":null,"PixelFormat":null,"Level":0,"IsAnamorphic":null}],"MediaAttachments":[],"Formats":[],"Bitrate":54896420,"FallbackMaxStreamingBitrate":null,"Timestamp":null,"RequiredHttpHeaders":{},"TranscodingUrl":null,"TranscodingSubProtocol":0,"TranscodingContainer":null,"AnalyzeDurationMs":null,"DefaultAudioStreamIndex":null,"DefaultSubtitleStreamIndex":null,"HasSegments":false}

/usr/lib/jellyfin-ffmpeg/ffmpeg -analyzeduration 200M -probesize 1G  -canvas_size 1920x1080 -i file:"/data/Movies/The.Dark.Knight.2008.UHD.BluRay.2160p.DTS-HD.MA.5.1.HEVC.REMUX-FraMeSToR-AsRequested/ylKO9DAurhGDpn4G.mkv" -map_metadata -1 -map_chapters -1 -threads 0 -map 0:0 -map 0:1 -map -0:0 -codec:v:0 libx264 -preset veryfast -crf 23 -maxrate 51081941 -bufsize 102163882 -profile:v:0 high -level 51 -x264opts:0 subme=0:me_range=16:rc_lookahead=10:me=hex:open_gop=0 -force_key_frames:0 "expr:gte(t,n_forced*3)" -sc_threshold:v:0 0 -filter_complex "[0:2]scale,scale=3840:2160:fast_bilinear[sub];[0:0]setparams=color_primaries=bt2020:color_trc=smpte2084:colorspace=bt2020nc,scale=trunc(min(max(iw\,ih*a)\,min(3840\,2160*a))/2)*2:trunc(min(max(iw/a\,ih)\,min(3840/a\,2160))/2)*2,tonemapx=tonemap=bt2390:desat=0:peak=100:t=bt709:m=bt709:p=bt709:format=yuv420p[main];[main][sub]overlay=eof_action=pass:repeatlast=0" -start_at_zero -codec:a:0 libfdk_aac -ac 6 -ab 640000 -copyts -avoid_negative_ts disabled -max_muxing_queue_size 2048 -f hls -max_delay 5000000 -hls_time 3 -hls_segment_type mpegts -start_number 0 -hls_segment_filename "/cache/transcodes/94d2907f45263a9bfcfe4efb48fe52d7%d.ts" -hls_playlist_type vod -hls_list_size 0 -y "/cache/transcodes/94d2907f45263a9bfcfe4efb48fe52d7.m3u8"


ffmpeg version 7.1.3-Jellyfin Copyright (c) 2000-2025 the FFmpeg developers
  built with gcc 14 (Debian 14.2.0-19)
  configuration: --prefix=/usr/lib/jellyfin-ffmpeg --target-os=linux --extra-version=Jellyfin --disable-doc --disable-ffplay --disable-static --disable-libxcb --disable-sdl2 --disable-xlib --enable-lto=auto --enable-gpl --enable-version3 --enable-shared --enable-gmp --enable-gnutls --enable-chromaprint --enable-opencl --enable-libdrm --enable-libxml2 --enable-libass --enable-libfreetype --enable-libfribidi --enable-libfontconfig --enable-libharfbuzz --enable-libbluray --enable-libmp3lame --enable-libopus --enable-libtheora --enable-libvorbis --enable-libopenmpt --enable-libdav1d --enable-libsvtav1 --enable-libwebp --enable-libvpx --enable-libx264 --enable-libx265 --enable-libzvbi --enable-libzimg --enable-libfdk-aac --arch=amd64 --enable-libshaderc --enable-libplacebo --enable-vulkan --enable-vaapi --enable-amf --enable-libvpl --enable-ffnvcodec --enable-cuda --enable-cuda-llvm --enable-cuvid --enable-nvdec --enable-nvenc
  libavutil      59. 39.100 / 59. 39.100
  libavcodec     61. 19.101 / 61. 19.101
  libavformat    61.  7.100 / 61.  7.100
  libavdevice    61.  3.100 / 61.  3.100
  libavfilter    10.  4.100 / 10.  4.100
  libswscale      8.  3.100 /  8.  3.100
  libswresample   5.  3.100 /  5.  3.100
  libpostproc    58.  3.100 / 58.  3.100
[tonemapx @ 0x7f73a6441000] Using CPU capabilities: AVX2 FMA3
Input #0, matroska,webm, from 'file:/data/Movies/The.Dark.Knight.2008.UHD.BluRay.2160p.DTS-HD.MA.5.1.HEVC.REMUX-FraMeSToR-AsRequested/ylKO9DAurhGDpn4G.mkv':
  Metadata:
    title           : The Dark Knight 4K
    encoder         : libebml v1.3.5 + libmatroska v1.4.8
    creation_time   : 2018-01-15T02:39:41.000000Z
  Duration: 02:32:12.26, start: 0.000000, bitrate: 51081 kb/s
  Chapters:
    Chapter #0:0: start 0.000000, end 385.927000
      Metadata:
        title           : No Rules
    Chapter #0:1: start 385.927000, end 636.135000
      Metadata:
        title           : Dishonor Guard
    Chapter #0:2: start 636.135000, end 832.540000
      Metadata:
        title           : Somebody with Access
    Chapter #0:3: start 832.540000, end 1074.156000
      Metadata:
        title           : Hero with a Face
    Chapter #0:4: start 1074.156000, end 1299.298000
      Metadata:
        title           : Men of Their Word
    Chapter #0:5: start 1299.298000, end 1569.985000
      Metadata:
        title           : Why So Serious?
    Chapter #0:6: start 1569.985000, end 1776.233000
      Metadata:
        title           : Kill the Batman
    Chapter #0:7: start 1776.233000, end 1902.442000
      Metadata:
        title           : Protector's Mantle
    Chapter #0:8: start 1902.442000, end 2269.017000
      Metadata:
        title           : Last Game in Town
    Chapter #0:9: start 2269.017000, end 2614.028000
      Metadata:
        title           : Unknown Limits
    Chapter #0:10: start 2614.028000, end 2799.505000
      Metadata:
        title           : Robbery Gone Stranger
    Chapter #0:11: start 2799.505000, end 2937.726000
      Metadata:
        title           : Right Choice
    Chapter #0:12: start 2937.726000, end 3199.405000
      Metadata:
        title           : Watch the World Burn
    Chapter #0:13: start 3199.405000, end 3435.599000
      Metadata:
        title           : Your Plan Is Blackmail?
    Chapter #0:14: start 3435.599000, end 3566.313000
      Metadata:
        title           : I Am the Batman
    Chapter #0:15: start 3566.313000, end 3839.544000
      Metadata:
        title           : Hong Kong Holiday
    Chapter #0:16: start 3839.544000, end 4103.516000
      Metadata:
        title           : Tonight's Entertainment
    Chapter #0:17: start 4103.516000, end 4248.286000
      Metadata:
        title           : Landing Lau
    Chapter #0:18: start 4248.286000, end 4464.877000
      Metadata:
        title           : Intimidate Mode
    Chapter #0:19: start 4464.877000, end 4685.598000
      Metadata:
        title           : Trip to Country
    Chapter #0:20: start 4685.598000, end 4942.396000
      Metadata:
        title           : Bat-Pod Faceoff
    Chapter #0:21: start 4942.396000, end 5088.542000
      Metadata:
        title           : We Got Him
    Chapter #0:22: start 5088.542000, end 5448.401000
      Metadata:
        title           : Good Cop, Bad Cop
    Chapter #0:23: start 5448.401000, end 5644.931000
      Metadata:
        title           : Two-Way Race
    Chapter #0:24: start 5644.931000, end 5997.742000
      Metadata:
        title           : Burned Down
    Chapter #0:25: start 5997.742000, end 6125.453000
      Metadata:
        title           : Harvey Two-Face
    Chapter #0:26: start 6125.453000, end 6299.877000
      Metadata:
        title           : Better Class of Criminal
    Chapter #0:27: start 6299.877000, end 6420.831000
      Metadata:
        title           : Watch Out
    Chapter #0:28: start 6420.831000, end 6669.872000
      Metadata:
        title           : Agent of Chaos
    Chapter #0:29: start 6669.872000, end 6854.598000
      Metadata:
        title           : Hospital Boom
    Chapter #0:30: start 6854.598000, end 7023.975000
      Metadata:
        title           : Too Much Power
    Chapter #0:31: start 7023.975000, end 7214.207000
      Metadata:
        title           : Unlucky
    Chapter #0:32: start 7214.207000, end 7417.535000
      Metadata:
        title           : Ferry Scary
    Chapter #0:33: start 7417.535000, end 7747.573000
      Metadata:
        title           : Prewitt Building Siege
    Chapter #0:34: start 7747.573000, end 7947.273000
      Metadata:
        title           : Verge of Fireworks
    Chapter #0:35: start 7947.273000, end 8122.740000
      Metadata:
        title           : Battle for Gotham's Soul
    Chapter #0:36: start 8122.740000, end 8398.640000
      Metadata:
        title           : One Pointing the Gun
    Chapter #0:37: start 8398.640000, end 8666.658000
      Metadata:
        title           : Dark Knight
    Chapter #0:38: start 8666.658000, end 9132.256000
      Metadata:
        title           : End Credits
  Stream #0:0: Video: hevc (Main 10), yuv420p10le(tv, bt2020nc/bt2020/smpte2084), 3840x2160 [SAR 1:1 DAR 16:9], 23.98 fps, 23.98 tbr, 1k tbn (default)
      Metadata:
        BPS             : 47067116
        BPS-eng         : 47067116
        DURATION        : 02:32:12.248000000
        DURATION-eng    : 02:32:12.248000000
        NUMBER_OF_FRAMES: 218955
        NUMBER_OF_FRAMES-eng: 218955
        NUMBER_OF_BYTES : 53728572491
        NUMBER_OF_BYTES-eng: 53728572491
        _STATISTICS_WRITING_APP: mkvmerge v19.0.0 ('Brave Captain') 64-bit
        _STATISTICS_WRITING_APP-eng: mkvmerge v19.0.0 ('Brave Captain') 64-bit
        _STATISTICS_WRITING_DATE_UTC: 2018-01-15 02:39:41
        _STATISTICS_WRITING_DATE_UTC-eng: 2018-01-15 02:39:41
        _STATISTICS_TAGS: BPS DURATION NUMBER_OF_FRAMES NUMBER_OF_BYTES
        _STATISTICS_TAGS-eng: BPS DURATION NUMBER_OF_FRAMES NUMBER_OF_BYTES
  Stream #0:1(eng): Audio: dts (dca) (DTS-HD MA), 48000 Hz, 5.1(side), s32p (24 bit) (default)
      Metadata:
        title           : DTS-HD MA 5.1
        BPS             : 3814479
        BPS-eng         : 3814479
        DURATION        : 02:32:12.256000000
        DURATION-eng    : 02:32:12.256000000
        NUMBER_OF_FRAMES: 856149
        NUMBER_OF_FRAMES-eng: 856149
        NUMBER_OF_BYTES : 4354350640
        NUMBER_OF_BYTES-eng: 4354350640
        _STATISTICS_WRITING_APP: mkvmerge v19.0.0 ('Brave Captain') 64-bit
        _STATISTICS_WRITING_APP-eng: mkvmerge v19.0.0 ('Brave Captain') 64-bit
        _STATISTICS_WRITING_DATE_UTC: 2018-01-15 02:39:41
        _STATISTICS_WRITING_DATE_UTC-eng: 2018-01-15 02:39:41
        _STATISTICS_TAGS: BPS DURATION NUMBER_OF_FRAMES NUMBER_OF_BYTES
        _STATISTICS_TAGS-eng: BPS DURATION NUMBER_OF_FRAMES NUMBER_OF_BYTES
  Stream #0:2(eng): Subtitle: hdmv_pgs_subtitle (pgssub), 1920x1080
      Metadata:
        title           : English (SDH)
        BPS             : 38802
        BPS-eng         : 38802
        DURATION        : 02:30:41.115000000
        DURATION-eng    : 02:30:41.115000000
        NUMBER_OF_FRAMES: 4020
        NUMBER_OF_FRAMES-eng: 4020
        NUMBER_OF_BYTES : 43851686
        NUMBER_OF_BYTES-eng: 43851686
        _STATISTICS_WRITING_APP: mkvmerge v19.0.0 ('Brave Captain') 64-bit
        _STATISTICS_WRITING_APP-eng: mkvmerge v19.0.0 ('Brave Captain') 64-bit
        _STATISTICS_WRITING_DATE_UTC: 2018-01-15 02:39:41
        _STATISTICS_WRITING_DATE_UTC-eng: 2018-01-15 02:39:41
        _STATISTICS_TAGS: BPS DURATION NUMBER_OF_FRAMES NUMBER_OF_BYTES
        _STATISTICS_TAGS-eng: BPS DURATION NUMBER_OF_FRAMES NUMBER_OF_BYTES
  Stream #0:3(fre): Subtitle: hdmv_pgs_subtitle (pgssub), 1920x1080
      Metadata:
        title           : French
        BPS             : 28648
        BPS-eng         : 28648
        DURATION        : 02:30:24.640000000
        DURATION-eng    : 02:30:24.640000000
        NUMBER_OF_FRAMES: 4164
        NUMBER_OF_FRAMES-eng: 4164
        NUMBER_OF_BYTES : 32317847
        NUMBER_OF_BYTES-eng: 32317847
        _STATISTICS_WRITING_APP: mkvmerge v19.0.0 ('Brave Captain') 64-bit
        _STATISTICS_WRITING_APP-eng: mkvmerge v19.0.0 ('Brave Captain') 64-bit
        _STATISTICS_WRITING_DATE_UTC: 2018-01-15 02:39:41
        _STATISTICS_WRITING_DATE_UTC-eng: 2018-01-15 02:39:41
        _STATISTICS_TAGS: BPS DURATION NUMBER_OF_FRAMES NUMBER_OF_BYTES
        _STATISTICS_TAGS-eng: BPS DURATION NUMBER_OF_FRAMES NUMBER_OF_BYTES
  Stream #0:4(chi): Subtitle: hdmv_pgs_subtitle (pgssub), 1920x1080
      Metadata:
        title           : Chinese (Mandarin Simplified)
        BPS             : 30663
        BPS-eng         : 30663
        DURATION        : 02:30:24.640000000
        DURATION-eng    : 02:30:24.640000000
        NUMBER_OF_FRAMES: 3686
        NUMBER_OF_FRAMES-eng: 3686
        NUMBER_OF_BYTES : 34590571
        NUMBER_OF_BYTES-eng: 34590571
        _STATISTICS_WRITING_APP: mkvmerge v19.0.0 ('Brave Captain') 64-bit
        _STATISTICS_WRITING_APP-eng: mkvmerge v19.0.0 ('Brave Captain') 64-bit
        _STATISTICS_WRITING_DATE_UTC: 2018-01-15 02:39:41
        _STATISTICS_WRITING_DATE_UTC-eng: 2018-01-15 02:39:41
        _STATISTICS_TAGS: BPS DURATION NUMBER_OF_FRAMES NUMBER_OF_BYTES
        _STATISTICS_TAGS-eng: BPS DURATION NUMBER_OF_FRAMES NUMBER_OF_BYTES
  Stream #0:5(spa): Subtitle: hdmv_pgs_subtitle (pgssub), 1920x1080
      Metadata:
        title           : Spanish (Latin American)
        BPS             : 32754
        BPS-eng         : 32754
        DURATION        : 02:30:24.640000000
        DURATION-eng    : 02:30:24.640000000
        NUMBER_OF_FRAMES: 3608
        NUMBER_OF_FRAMES-eng: 3608
        NUMBER_OF_BYTES : 36950020
        NUMBER_OF_BYTES-eng: 36950020
        _STATISTICS_WRITING_APP: mkvmerge v19.0.0 ('Brave Captain') 64-bit
        _STATISTICS_WRITING_APP-eng: mkvmerge v19.0.0 ('Brave Captain') 64-bit
        _STATISTICS_WRITING_DATE_UTC: 2018-01-15 02:39:41
        _STATISTICS_WRITING_DATE_UTC-eng: 2018-01-15 02:39:41
        _STATISTICS_TAGS: BPS DURATION NUMBER_OF_FRAMES NUMBER_OF_BYTES
        _STATISTICS_TAGS-eng: BPS DURATION NUMBER_OF_FRAMES NUMBER_OF_BYTES
  Stream #0:6(por): Subtitle: hdmv_pgs_subtitle (pgssub), 1920x1080
      Metadata:
        title           : Portuguese (Brazilian)
        BPS             : 35010
        BPS-eng         : 35010
        DURATION        : 02:30:24.640000000
        DURATION-eng    : 02:30:24.640000000
        NUMBER_OF_FRAMES: 3628
        NUMBER_OF_FRAMES-eng: 3628
        NUMBER_OF_BYTES : 39494682
        NUMBER_OF_BYTES-eng: 39494682
        _STATISTICS_WRITING_APP: mkvmerge v19.0.0 ('Brave Captain') 64-bit
        _STATISTICS_WRITING_APP-eng: mkvmerge v19.0.0 ('Brave Captain') 64-bit
        _STATISTICS_WRITING_DATE_UTC: 2018-01-15 02:39:41
        _STATISTICS_WRITING_DATE_UTC-eng: 2018-01-15 02:39:41
        _STATISTICS_TAGS: BPS DURATION NUMBER_OF_FRAMES NUMBER_OF_BYTES
        _STATISTICS_TAGS-eng: BPS DURATION NUMBER_OF_FRAMES NUMBER_OF_BYTES
  Stream #0:7(tha): Subtitle: hdmv_pgs_subtitle (pgssub), 1920x1080
      Metadata:
        title           : Thai
        BPS             : 32233
        BPS-eng         : 32233
        DURATION        : 02:30:11.335000000
        DURATION-eng    : 02:30:11.335000000
        NUMBER_OF_FRAMES: 3644
        NUMBER_OF_FRAMES-eng: 3644
        NUMBER_OF_BYTES : 36308196
        NUMBER_OF_BYTES-eng: 36308196
        _STATISTICS_WRITING_APP: mkvmerge v19.0.0 ('Brave Captain') 64-bit
        _STATISTICS_WRITING_APP-eng: mkvmerge v19.0.0 ('Brave Captain') 64-bit
        _STATISTICS_WRITING_DATE_UTC: 2018-01-15 02:39:41
        _STATISTICS_WRITING_DATE_UTC-eng: 2018-01-15 02:39:41
        _STATISTICS_TAGS: BPS DURATION NUMBER_OF_FRAMES NUMBER_OF_BYTES
        _STATISTICS_TAGS-eng: BPS DURATION NUMBER_OF_FRAMES NUMBER_OF_BYTES
Stream mapping:
  Stream #0:0 (hevc) -> setparams:default
  Stream #0:2 (pgssub) -> scale:default
  overlay:default -> Stream #0:0 (libx264)
  Stream #0:1 -> #0:1 (dts (dca) -> aac (libfdk_aac))
Press [q] to stop, [?] for help
[tonemapx @ 0x7f7369c75000] Using CPU capabilities: AVX2 FMA3
[libx264 @ 0x7f73a64e5f00] using SAR=1/1
[libx264 @ 0x7f73a64e5f00] using cpu capabilities: MMX2 SSE2Fast SSSE3 SSE4.2 AVX FMA3 BMI2 AVX2
[libx264 @ 0x7f73a64e5f00] profile High, level 5.1, 4:2:0, 8-bit
[libx264 @ 0x7f73a64e5f00] 264 - core 164 r3108 31e19f9 - H.264/MPEG-4 AVC codec - Copyleft 2003-2023 - http://www.videolan.org/x264.html - options: cabac=1 ref=1 deblock=1:0:0 analyse=0x3:0x113 me=hex subme=0 psy=1 psy_rd=1.00:0.00 mixed_ref=0 me_range=16 chroma_me=1 trellis=0 8x8dct=1 cqm=0 deadzone=21,11 fast_pskip=1 chroma_qp_offset=0 threads=9 lookahead_threads=1 sliced_threads=0 nr=0 decimate=1 interlaced=0 bluray_compat=0 constrained_intra=0 bframes=3 b_pyramid=2 b_adapt=1 b_bias=0 direct=1 weightb=1 open_gop=0 weightp=1 keyint=250 keyint_min=23 scenecut=0 intra_refresh=0 rc_lookahead=10 rc=crf mbtree=1 crf=23.0 qcomp=0.60 qpmin=0 qpmax=69 qpstep=4 vbv_maxrate=51081 vbv_bufsize=102163 crf_max=0.0 nal_hrd=none filler=0 ip_ratio=1.40 aq=1:1.00
Output #0, hls, to '/cache/transcodes/94d2907f45263a9bfcfe4efb48fe52d7.m3u8':
  Metadata:
    encoder         : Lavf61.7.100
  Stream #0:0: Video: h264, yuv420p(tv, bt709, progressive), 3840x2160 [SAR 1:1 DAR 16:9], q=2-31, 23.98 fps, 90k tbn
      Metadata:
        encoder         : Lavc61.19.101 libx264
      Side data:
        cpb: bitrate max/min/avg: 51081000/0/0 buffer size: 102163000 vbv_delay: N/A
  Stream #0:1: Audio: aac, 48000 Hz, 5.1, s16, 640 kb/s (default)
      Metadata:
        encoder         : Lavc61.19.101 libfdk_aac
      Side data:
        cpb: bitrate max/min/avg: 640000/640000/640000 buffer size: 0 vbv_delay: N/A
frame=    0 fps=0.0 q=0.0 size=N/A time=N/A bitrate=N/A speed=N/A    
frame=    0 fps=0.0 q=0.0 size=N/A time=N/A bitrate=N/A speed=N/A    
frame=    0 fps=0.0 q=0.0 size=N/A time=N/A bitrate=N/A speed=N/A    
frame=    0 fps=0.0 q=0.0 size=N/A time=N/A bitrate=N/A speed=N/A    
frame=    0 fps=0.0 q=0.0 size=N/A time=N/A bitrate=N/A speed=N/A    
frame=    0 fps=0.0 q=0.0 size=N/A time=N/A bitrate=N/A speed=N/A    
frame=    0 fps=0.0 q=0.0 size=N/A time=N/A bitrate=N/A speed=N/A    
frame=    0 fps=0.0 q=0.0 size=N/A time=N/A bitrate=N/A speed=N/A    
frame=    0 fps=0.0 q=0.0 size=N/A time=N/A bitrate=N/A speed=N/A    
frame=    0 fps=0.0 q=0.0 size=N/A time=N/A bitrate=N/A speed=N/A    
frame=    0 fps=0.0 q=0.0 size=N/A time=N/A bitrate=N/A speed=N/A    
frame=    0 fps=0.0 q=0.0 size=N/A time=N/A bitrate=N/A speed=N/A    
frame=    0 fps=0.0 q=0.0 size=N/A time=N/A bitrate=N/A speed=N/A    
frame=    0 fps=0.0 q=0.0 size=N/A time=N/A bitrate=N/A speed=N/A    
frame=    0 fps=0.0 q=0.0 size=N/A time=N/A bitrate=N/A speed=N/A    
frame=    0 fps=0.0 q=0.0 size=N/A time=N/A bitrate=N/A speed=N/A    
frame=    0 fps=0.0 q=0.0 size=N/A time=N/A bitrate=N/A speed=N/A    
frame=    0 fps=0.0 q=0.0 size=N/A time=N/A bitrate=N/A speed=N/A    
frame=    0 fps=0.0 q=0.0 size=N/A time=N/A bitrate=N/A speed=N/A    
frame=    0 fps=0.0 q=0.0 size=N/A time=N/A bitrate=N/A speed=N/A    
frame=    0 fps=0.0 q=0.0 size=N/A time=N/A bitrate=N/A speed=N/A    
frame=    0 fps=0.0 q=0.0 size=N/A time=N/A bitrate=N/A speed=N/A    
frame=    0 fps=0.0 q=0.0 size=N/A time=N/A bitrate=N/A speed=N/A    
frame=    0 fps=0.0 q=0.0 size=N/A time=N/A bitrate=N/A speed=N/A    
frame=    0 fps=0.0 q=0.0 size=N/A time=N/A bitrate=N/A speed=N/A    
frame=    0 fps=0.0 q=0.0 size=N/A time=N/A bitrate=N/A speed=N/A    
frame=    0 fps=0.0 q=0.0 size=N/A time=N/A bitrate=N/A speed=N/A    
frame=    0 fps=0.0 q=0.0 size=N/A time=N/A bitrate=N/A speed=N/A    
frame=    6 fps=0.3 q=28.0 size=N/A time=00:00:00.00 bitrate=N/A speed=   0x    
frame=   11 fps=0.5 q=28.0 size=N/A time=00:00:00.16 bitrate=N/A speed=0.00743x    
frame=   21 fps=0.9 q=28.0 size=N/A time=00:00:00.58 bitrate=N/A speed=0.0254x    
frame=   30 fps=1.3 q=28.0 size=N/A time=00:00:00.95 bitrate=N/A speed=0.0409x    
frame=   37 fps=1.5 q=28.0 size=N/A time=00:00:01.25 bitrate=N/A speed=0.0522x    
frame=   42 fps=1.7 q=28.0 size=N/A time=00:00:01.45 bitrate=N/A speed=0.0597x    
frame=   48 fps=1.9 q=28.0 size=N/A time=00:00:01.71 bitrate=N/A speed=0.0685x    
frame=   52 fps=2.0 q=28.0 size=N/A time=00:00:01.87 bitrate=N/A speed=0.0737x    
frame=   59 fps=2.3 q=28.0 size=N/A time=00:00:02.16 bitrate=N/A speed=0.0835x    
frame=   62 fps=2.3 q=28.0 size=N/A time=00:00:02.29 bitrate=N/A speed=0.0866x    
frame=   65 fps=2.4 q=25.0 size=N/A time=00:00:02.41 bitrate=N/A speed=0.0897x    
frame=   69 fps=2.5 q=28.0 size=N/A time=00:00:02.58 bitrate=N/A speed=0.0941x    
[hls @ 0x7f73a64be780] Opening '/cache/transcodes/94d2907f45263a9bfcfe4efb48fe52d70.ts' for writing
frame=   75 fps=2.7 q=28.0 size=N/A time=00:00:02.83 bitrate=N/A speed=0.101x    
frame=   77 fps=2.7 q=28.0 size=N/A time=00:00:02.91 bitrate=N/A speed=0.103x    
frame=   81 fps=2.8 q=28.0 size=N/A time=00:00:03.08 bitrate=N/A speed=0.107x    
frame=   87 fps=3.0 q=28.0 size=N/A time=00:00:03.33 bitrate=N/A speed=0.113x    
frame=   91 fps=3.0 q=28.0 size=N/A time=00:00:03.50 bitrate=N/A speed=0.117x    
frame=   94 fps=3.1 q=28.0 size=N/A time=00:00:03.62 bitrate=N/A speed=0.119x    
frame=   98 fps=3.2 q=28.0 size=N/A time=00:00:03.79 bitrate=N/A speed=0.122x    
frame=  102 fps=3.2 q=28.0 size=N/A time=00:00:03.96 bitrate=N/A speed=0.126x    
frame=  106 fps=3.3 q=28.0 size=N/A time=00:00:04.12 bitrate=N/A speed=0.129x    
frame=  111 fps=3.4 q=28.0 size=N/A time=00:00:04.33 bitrate=N/A speed=0.133x    
frame=  114 fps=3.5 q=28.0 size=N/A time=00:00:04.46 bitrate=N/A speed=0.135x    
frame=  119 fps=3.6 q=28.0 size=N/A time=00:00:04.67 bitrate=N/A speed=0.139x    
frame=  123 fps=3.6 q=28.0 size=N/A time=00:00:04.83 bitrate=N/A speed=0.142x    
frame=  129 fps=3.7 q=28.0 size=N/A time=00:00:05.08 bitrate=N/A speed=0.147x    
frame=  132 fps=3.8 q=28.0 size=N/A time=00:00:05.21 bitrate=N/A speed=0.149x    
frame=  136 fps=3.8 q=28.0 size=N/A time=00:00:05.38 bitrate=N/A speed=0.152x    
frame=  139 fps=3.9 q=28.0 size=N/A time=00:00:05.50 bitrate=N/A speed=0.153x    
[hls @ 0x7f73a64be780] Opening '/cache/transcodes/94d2907f45263a9bfcfe4efb48fe52d71.ts' for writing
frame=  145 fps=4.0 q=28.0 size=N/A time=00:00:05.75 bitrate=N/A speed=0.158x    
frame=  149 fps=4.0 q=28.0 size=N/A time=00:00:05.92 bitrate=N/A speed=0.16x    
frame=  154 fps=4.1 q=28.0 size=N/A time=00:00:06.13 bitrate=N/A speed=0.163x    
frame=  158 fps=4.2 q=28.0 size=N/A time=00:00:06.29 bitrate=N/A speed=0.166x    
frame=  163 fps=4.2 q=28.0 size=N/A time=00:00:06.50 bitrate=N/A speed=0.169x    
frame=  169 fps=4.3 q=28.0 size=N/A time=00:00:06.75 bitrate=N/A speed=0.173x    
frame=  175 fps=4.4 q=28.0 size=N/A time=00:00:07.00 bitrate=N/A speed=0.177x    
frame=  182 fps=4.5 q=28.0 size=N/A time=00:00:07.29 bitrate=N/A speed=0.182x    
frame=  186 fps=4.6 q=28.0 size=N/A time=00:00:07.46 bitrate=N/A speed=0.184x    
frame=  191 fps=4.7 q=28.0 size=N/A time=00:00:07.67 bitrate=N/A speed=0.187x    
frame=  196 fps=4.7 q=28.0 size=N/A time=00:00:07.88 bitrate=N/A speed=0.19x    
frame=  202 fps=4.8 q=28.0 size=N/A time=00:00:08.13 bitrate=N/A speed=0.193x    
frame=  208 fps=4.9 q=28.0 size=N/A time=00:00:08.38 bitrate=N/A speed=0.197x    
frame=  214 fps=5.0 q=28.0 size=N/A time=00:00:08.63 bitrate=N/A speed=0.201x    
[hls @ 0x7f73a64be780] Opening '/cache/transcodes/94d2907f45263a9bfcfe4efb48fe52d72.ts' for writing
frame=  220 fps=5.1 q=28.0 size=N/A time=00:00:08.88 bitrate=N/A speed=0.204x    
frame=  223 fps=5.1 q=28.0 size=N/A time=00:00:09.00 bitrate=N/A speed=0.204x    
frame=  228 fps=5.1 q=28.0 size=N/A time=00:00:09.21 bitrate=N/A speed=0.207x    
frame=  234 fps=5.2 q=28.0 size=N/A time=00:00:09.46 bitrate=N/A speed=0.21x    
frame=  238 fps=5.2 q=28.0 size=N/A time=00:00:09.63 bitrate=N/A speed=0.211x    
frame=  244 fps=5.3 q=28.0 size=N/A time=00:00:09.88 bitrate=N/A speed=0.215x    
frame=  250 fps=5.4 q=28.0 size=N/A time=00:00:10.13 bitrate=N/A speed=0.218x    
frame=  255 fps=5.4 q=28.0 size=N/A time=00:00:10.34 bitrate=N/A speed=0.22x    
frame=  264 fps=5.5 q=28.0 size=N/A time=00:00:10.71 bitrate=N/A speed=0.225x    
frame=  271 fps=5.6 q=28.0 size=N/A time=00:00:11.01 bitrate=N/A speed=0.229x    
frame=  278 fps=5.7 q=28.0 size=N/A time=00:00:11.30 bitrate=N/A speed=0.233x    
frame=  286 fps=5.8 q=28.0 size=N/A time=00:00:11.63 bitrate=N/A speed=0.237x    
[hls @ 0x7f73a64be780] Opening '/cache/transcodes/94d2907f45263a9bfcfe4efb48fe52d73.ts' for writing
frame=  293 fps=5.9 q=28.0 size=N/A time=00:00:11.92 bitrate=N/A speed=0.241x    
frame=  300 fps=6.0 q=28.0 size=N/A time=00:00:12.22 bitrate=N/A speed=0.244x    
frame=  308 fps=6.1 q=28.0 size=N/A time=00:00:12.55 bitrate=N/A speed=0.248x    
frame=  313 fps=6.1 q=28.0 size=N/A time=00:00:12.76 bitrate=N/A speed=0.25x    
frame=  320 fps=6.2 q=28.0 size=N/A time=00:00:13.05 bitrate=N/A speed=0.253x    
frame=  327 fps=6.3 q=28.0 size=N/A time=00:00:13.34 bitrate=N/A speed=0.256x    
frame=  334 fps=6.3 q=28.0 size=N/A time=00:00:13.63 bitrate=N/A speed=0.259x    
frame=  341 fps=6.4 q=28.0 size=N/A time=00:00:13.93 bitrate=N/A speed=0.262x    
frame=  349 fps=6.5 q=28.0 size=N/A time=00:00:14.26 bitrate=N/A speed=0.266x    
frame=  354 fps=6.5 q=28.0 size=N/A time=00:00:14.47 bitrate=N/A speed=0.267x    
[hls @ 0x7f73a64be780] Opening '/cache/transcodes/94d2907f45263a9bfcfe4efb48fe52d74.ts' for writing
frame=  361 fps=6.6 q=28.0 size=N/A time=00:00:14.76 bitrate=N/A speed=0.27x    
frame=  369 fps=6.7 q=28.0 size=N/A time=00:00:15.09 bitrate=N/A speed=0.274x    
frame=  376 fps=6.8 q=28.0 size=N/A time=00:00:15.39 bitrate=N/A speed=0.277x    
frame=  384 fps=6.8 q=28.0 size=N/A time=00:00:15.72 bitrate=N/A speed=0.28x    
frame=  389 fps=6.9 q=28.0 size=N/A time=00:00:15.93 bitrate=N/A speed=0.281x    
frame=  392 fps=6.9 q=28.0 size=N/A time=00:00:16.05 bitrate=N/A speed=0.281x    
frame=  398 fps=6.9 q=28.0 size=N/A time=00:00:16.30 bitrate=N/A speed=0.283x    
frame=  406 fps=7.0 q=28.0 size=N/A time=00:00:16.64 bitrate=N/A speed=0.286x    
frame=  414 fps=7.1 q=28.0 size=N/A time=00:00:16.97 bitrate=N/A speed=0.289x    
frame=  422 fps=7.1 q=28.0 size=N/A time=00:00:17.30 bitrate=N/A speed=0.293x    
frame=  427 fps=7.2 q=28.0 size=N/A time=00:00:17.51 bitrate=N/A speed=0.294x    
[hls @ 0x7f73a64be780] Opening '/cache/transcodes/94d2907f45263a9bfcfe4efb48fe52d75.ts' for writing
frame=  435 fps=7.2 q=28.0 size=N/A time=00:00:17.85 bitrate=N/A speed=0.297x    
frame=  439 fps=7.2 q=28.0 size=N/A time=00:00:18.01 bitrate=N/A speed=0.297x    
frame=  442 fps=7.2 q=28.0 size=N/A time=00:00:18.14 bitrate=N/A speed=0.297x    
frame=  448 fps=7.3 q=28.0 size=N/A time=00:00:18.39 bitrate=N/A speed=0.298x    
frame=  452 fps=7.3 q=28.0 size=N/A time=00:00:18.56 bitrate=N/A speed=0.299x    
frame=  457 fps=7.3 q=28.0 size=N/A time=00:00:18.76 bitrate=N/A speed= 0.3x    
frame=  460 fps=7.3 q=28.0 size=N/A time=00:00:18.89 bitrate=N/A speed=0.299x    
frame=  463 fps=7.3 q=28.0 size=N/A time=00:00:19.01 bitrate=N/A speed=0.299x    
frame=  468 fps=7.3 q=28.0 size=N/A time=00:00:19.22 bitrate=N/A speed= 0.3x    
frame=  471 fps=7.3 q=28.0 size=N/A time=00:00:19.35 bitrate=N/A speed=0.299x    
frame=  479 fps=7.3 q=28.0 size=N/A time=00:00:19.68 bitrate=N/A speed=0.302x    
frame=  482 fps=7.3 q=28.0 size=N/A time=00:00:19.81 bitrate=N/A speed=0.302x    
frame=  488 fps=7.4 q=28.0 size=N/A time=00:00:20.06 bitrate=N/A speed=0.303x    
frame=  492 fps=7.4 q=28.0 size=N/A time=00:00:20.22 bitrate=N/A speed=0.303x    
frame=  497 fps=7.4 q=25.0 size=N/A time=00:00:20.43 bitrate=N/A speed=0.304x    
frame=  504 fps=7.4 q=28.0 size=N/A time=00:00:20.72 bitrate=N/A speed=0.306x    
[hls @ 0x7f73a64be780] Opening '/cache/transcodes/94d2907f45263a9bfcfe4efb48fe52d76.ts' for writing
frame=  509 fps=7.5 q=28.0 size=N/A time=00:00:20.93 bitrate=N/A speed=0.307x    
frame=  513 fps=7.5 q=28.0 size=N/A time=00:00:21.10 bitrate=N/A speed=0.307x    
frame=  520 fps=7.5 q=28.0 size=N/A time=00:00:21.39 bitrate=N/A speed=0.309x    
frame=  525 fps=7.5 q=28.0 size=N/A time=00:00:21.60 bitrate=N/A speed=0.31x    
frame=  531 fps=7.6 q=28.0 size=N/A time=00:00:21.85 bitrate=N/A speed=0.311x    
frame=  538 fps=7.6 q=28.0 size=N/A time=00:00:22.14 bitrate=N/A speed=0.313x    
frame=  545 fps=7.7 q=28.0 size=N/A time=00:00:22.43 bitrate=N/A speed=0.315x    
frame=  550 fps=7.7 q=28.0 size=N/A time=00:00:22.64 bitrate=N/A speed=0.316x    
frame=  558 fps=7.7 q=28.0 size=N/A time=00:00:22.98 bitrate=N/A speed=0.318x    
frame=  564 fps=7.8 q=28.0 size=N/A time=00:00:23.23 bitrate=N/A speed=0.319x    
frame=  571 fps=7.8 q=28.0 size=N/A time=00:00:23.52 bitrate=N/A speed=0.321x    
[hls @ 0x7f73a64be780] Opening '/cache/transcodes/94d2907f45263a9bfcfe4efb48fe52d77.ts' for writing
frame=  578 fps=7.8 q=28.0 size=N/A time=00:00:23.81 bitrate=N/A speed=0.323x    
frame=  583 fps=7.9 q=28.0 size=N/A time=00:00:24.02 bitrate=N/A speed=0.324x    
frame=  590 fps=7.9 q=28.0 size=N/A time=00:00:24.31 bitrate=N/A speed=0.325x    
frame=  598 fps=7.9 q=28.0 size=N/A time=00:00:24.64 bitrate=N/A speed=0.328x    
frame=  606 fps=8.0 q=28.0 size=N/A time=00:00:24.98 bitrate=N/A speed=0.33x    
frame=  613 fps=8.0 q=28.0 size=N/A time=00:00:25.27 bitrate=N/A speed=0.332x    
frame=  621 fps=8.1 q=28.0 size=N/A time=00:00:25.60 bitrate=N/A speed=0.334x    
frame=  628 fps=8.1 q=28.0 size=N/A time=00:00:25.90 bitrate=N/A speed=0.335x    
frame=  636 fps=8.2 q=28.0 size=N/A time=00:00:26.23 bitrate=N/A speed=0.337x    
frame=  645 fps=8.2 q=28.0 size=N/A time=00:00:26.60 bitrate=N/A speed=0.34x    
[hls @ 0x7f73a64be780] Opening '/cache/transcodes/94d2907f45263a9bfcfe4efb48fe52d78.ts' for writing
frame=  654 fps=8.3 q=28.0 size=N/A time=00:00:26.98 bitrate=N/A speed=0.343x    
frame=  660 fps=8.3 q=28.0 size=N/A time=00:00:27.23 bitrate=N/A speed=0.344x    
frame=  669 fps=8.4 q=28.0 size=N/A time=00:00:27.61 bitrate=N/A speed=0.346x    
frame=  676 fps=8.4 q=28.0 size=N/A time=00:00:27.90 bitrate=N/A speed=0.348x    
frame=  683 fps=8.5 q=28.0 size=N/A time=00:00:28.19 bitrate=N/A speed=0.349x    
frame=  691 fps=8.5 q=28.0 size=N/A time=00:00:28.52 bitrate=N/A speed=0.351x    
frame=  698 fps=8.5 q=28.0 size=N/A time=00:00:28.82 bitrate=N/A speed=0.353x    
frame=  704 fps=8.6 q=28.0 size=N/A time=00:00:29.07 bitrate=N/A speed=0.353x    
frame=  711 fps=8.6 q=28.0 size=N/A time=00:00:29.36 bitrate=N/A speed=0.355x    
frame=  718 fps=8.6 q=28.0 size=N/A time=00:00:29.65 bitrate=N/A speed=0.356x    
[hls @ 0x7f73a64be780] Opening '/cache/transcodes/94d2907f45263a9bfcfe4efb48fe52d79.ts' for writing
frame=  724 fps=8.6 q=28.0 size=N/A time=00:00:29.90 bitrate=N/A speed=0.357x    
frame=  729 fps=8.7 q=28.0 size=N/A time=00:00:30.11 bitrate=N/A speed=0.357x    
frame=  734 fps=8.7 q=28.0 size=N/A time=00:00:30.32 bitrate=N/A speed=0.358x    
frame=  741 fps=8.7 q=28.0 size=N/A time=00:00:30.61 bitrate=N/A speed=0.359x    
frame=  746 fps=8.7 q=28.0 size=N/A time=00:00:30.82 bitrate=N/A speed=0.359x    
frame=  750 fps=8.7 q=28.0 size=N/A time=00:00:30.98 bitrate=N/A speed=0.359x    
frame=  754 fps=8.7 q=28.0 size=N/A time=00:00:31.15 bitrate=N/A speed=0.359x    
frame=  761 fps=8.7 q=28.0 size=N/A time=00:00:31.44 bitrate=N/A speed=0.36x    
frame=  766 fps=8.7 q=28.0 size=N/A time=00:00:31.65 bitrate=N/A speed=0.361x    
frame=  770 fps=8.7 q=28.0 size=N/A time=00:00:31.82 bitrate=N/A speed=0.36x    
frame=  774 fps=8.7 q=28.0 size=N/A time=00:00:31.99 bitrate=N/A speed=0.36x    
frame=  780 fps=8.7 q=28.0 size=N/A time=00:00:32.24 bitrate=N/A speed=0.361x    
frame=  784 fps=8.7 q=28.0 size=N/A time=00:00:32.40 bitrate=N/A speed=0.361x    
frame=  789 fps=8.7 q=28.0 size=N/A time=00:00:32.61 bitrate=N/A speed=0.361x    
[hls @ 0x7f73a64be780] Opening '/cache/transcodes/94d2907f45263a9bfcfe4efb48fe52d710.ts' for writing
frame=  794 fps=8.7 q=28.0 size=N/A time=00:00:32.82 bitrate=N/A speed=0.362x    
frame=  798 fps=8.7 q=28.0 size=N/A time=00:00:32.99 bitrate=N/A speed=0.361x    
frame=  803 fps=8.7 q=28.0 size=N/A time=00:00:33.19 bitrate=N/A speed=0.362x    
frame=  808 fps=8.8 q=28.0 size=N/A time=00:00:33.40 bitrate=N/A speed=0.362x    
frame=  812 fps=8.8 q=28.0 size=N/A time=00:00:33.57 bitrate=N/A speed=0.362x    
frame=  819 fps=8.8 q=28.0 size=N/A time=00:00:33.86 bitrate=N/A speed=0.363x    
frame=  825 fps=8.8 q=28.0 size=N/A time=00:00:34.11 bitrate=N/A speed=0.364x    
frame=  829 fps=8.8 q=28.0 size=N/A time=00:00:34.28 bitrate=N/A speed=0.364x    
frame=  835 fps=8.8 q=28.0 size=N/A time=00:00:34.53 bitrate=N/A speed=0.364x    
frame=  841 fps=8.8 q=28.0 size=N/A time=00:00:34.78 bitrate=N/A speed=0.365x    
frame=  846 fps=8.8 q=28.0 size=N/A time=00:00:34.99 bitrate=N/A speed=0.365x    
frame=  851 fps=8.8 q=28.0 size=N/A time=00:00:35.20 bitrate=N/A speed=0.366x    
frame=  855 fps=8.8 q=28.0 size=N/A time=00:00:35.36 bitrate=N/A speed=0.365x    
frame=  861 fps=8.8 q=28.0 size=N/A time=00:00:35.61 bitrate=N/A speed=0.366x    
[hls @ 0x7f73a64be780] Opening '/cache/transcodes/94d2907f45263a9bfcfe4efb48fe52d711.ts' for writing
frame=  865 fps=8.8 q=28.0 size=N/A time=00:00:35.78 bitrate=N/A speed=0.366x    
frame=  870 fps=8.8 q=28.0 size=N/A time=00:00:35.99 bitrate=N/A speed=0.366x    
frame=  877 fps=8.9 q=28.0 size=N/A time=00:00:36.28 bitrate=N/A speed=0.367x    
frame=  879 fps=8.8 q=28.0 size=N/A time=00:00:36.36 bitrate=N/A speed=0.366x    
frame=  883 fps=8.8 q=28.0 size=N/A time=00:00:36.53 bitrate=N/A speed=0.366x    
frame=  887 fps=8.8 q=28.0 size=N/A time=00:00:36.70 bitrate=N/A speed=0.366x    
frame=  891 fps=8.8 q=28.0 size=N/A time=00:00:36.87 bitrate=N/A speed=0.366x    
frame=  897 fps=8.9 q=28.0 size=N/A time=00:00:37.12 bitrate=N/A speed=0.366x    
frame=  901 fps=8.8 q=28.0 size=N/A time=00:00:37.28 bitrate=N/A speed=0.366x    
frame=  908 fps=8.9 q=28.0 size=N/A time=00:00:37.57 bitrate=N/A speed=0.367x    
frame=  913 fps=8.9 q=28.0 size=N/A time=00:00:37.78 bitrate=N/A speed=0.367x    
frame=  917 fps=8.9 q=28.0 size=N/A time=00:00:37.95 bitrate=N/A speed=0.367x    
frame=  922 fps=8.9 q=28.0 size=N/A time=00:00:38.16 bitrate=N/A speed=0.368x    
frame=  927 fps=8.9 q=28.0 size=N/A time=00:00:38.37 bitrate=N/A speed=0.368x    
frame=  933 fps=8.9 q=28.0 size=N/A time=00:00:38.62 bitrate=N/A speed=0.368x    
[hls @ 0x7f73a64be780] Opening '/cache/transcodes/94d2907f45263a9bfcfe4efb48fe52d712.ts' for writing
frame=  937 fps=8.9 q=28.0 size=N/A time=00:00:38.83 bitrate=N/A speed=0.369x    
frame=  940 fps=8.9 q=28.0 size=N/A time=00:00:38.91 bitrate=N/A speed=0.368x    
frame=  947 fps=8.9 q=28.0 size=N/A time=00:00:39.20 bitrate=N/A speed=0.369x    
frame=  951 fps=8.9 q=28.0 size=N/A time=00:00:39.37 bitrate=N/A speed=0.368x    
frame=  957 fps=8.9 q=28.0 size=N/A time=00:00:39.62 bitrate=N/A speed=0.369x    
frame=  962 fps=8.9 q=28.0 size=N/A time=00:00:39.83 bitrate=N/A speed=0.369x    
frame=  968 fps=8.9 q=28.0 size=N/A time=00:00:40.08 bitrate=N/A speed=0.37x    
frame=  975 fps=9.0 q=28.0 size=N/A time=00:00:40.37 bitrate=N/A speed=0.371x    
frame=  981 fps=9.0 q=28.0 size=N/A time=00:00:40.62 bitrate=N/A speed=0.371x    
frame=  989 fps=9.0 q=28.0 size=N/A time=00:00:40.95 bitrate=N/A speed=0.373x    
frame=  995 fps=9.0 q=28.0 size=N/A time=00:00:41.20 bitrate=N/A speed=0.373x    
frame= 1000 fps=9.0 q=25.0 size=N/A time=00:00:41.41 bitrate=N/A speed=0.374x    
frame= 1007 fps=9.0 q=28.0 size=N/A time=00:00:41.70 bitrate=N/A speed=0.375x    
[hls @ 0x7f73a64be780] Opening '/cache/transcodes/94d2907f45263a9bfcfe4efb48fe52d713.ts' for writing
frame= 1012 fps=9.0 q=28.0 size=N/A time=00:00:41.91 bitrate=N/A speed=0.375x    
frame= 1019 fps=9.1 q=28.0 size=N/A time=00:00:42.20 bitrate=N/A speed=0.376x    
frame= 1023 fps=9.1 q=28.0 size=N/A time=00:00:42.37 bitrate=N/A speed=0.375x    
frame= 1027 fps=9.1 q=28.0 size=N/A time=00:00:42.54 bitrate=N/A speed=0.375x    
frame= 1031 fps=9.1 q=28.0 size=N/A time=00:00:42.70 bitrate=N/A speed=0.375x    
frame= 1033 fps=9.0 q=28.0 size=N/A time=00:00:42.79 bitrate=N/A speed=0.374x    
frame= 1036 fps=9.0 q=28.0 size=N/A time=00:00:42.91 bitrate=N/A speed=0.374x    
frame= 1042 fps=9.0 q=28.0 size=N/A time=00:00:43.16 bitrate=N/A speed=0.374x    
frame= 1047 fps=9.0 q=28.0 size=N/A time=00:00:43.37 bitrate=N/A speed=0.374x    
frame= 1051 fps=9.0 q=28.0 size=N/A time=00:00:43.54 bitrate=N/A speed=0.374x    
frame= 1055 fps=9.0 q=28.0 size=N/A time=00:00:43.71 bitrate=N/A speed=0.374x    
frame= 1063 fps=9.1 q=28.0 size=N/A time=00:00:44.04 bitrate=N/A speed=0.375x    
frame= 1067 fps=9.1 q=28.0 size=N/A time=00:00:44.21 bitrate=N/A speed=0.375x    
frame= 1072 fps=9.1 q=25.0 size=N/A time=00:00:44.41 bitrate=N/A speed=0.375x    
frame= 1079 fps=9.1 q=28.0 size=N/A time=00:00:44.71 bitrate=N/A speed=0.376x    
[hls @ 0x7f73a64be780] Opening '/cache/transcodes/94d2907f45263a9bfcfe4efb48fe52d714.ts' for writing
frame= 1084 fps=9.1 q=28.0 size=N/A time=00:00:44.91 bitrate=N/A speed=0.376x    
frame= 1088 fps=9.1 q=28.0 size=N/A time=00:00:45.08 bitrate=N/A speed=0.376x    
frame= 1090 fps=9.1 q=28.0 size=N/A time=00:00:45.17 bitrate=N/A speed=0.375x    
frame= 1095 fps=9.1 q=28.0 size=N/A time=00:00:45.37 bitrate=N/A speed=0.375x    
frame= 1100 fps=9.1 q=28.0 size=N/A time=00:00:45.58 bitrate=N/A speed=0.376x    
frame= 1104 fps=9.1 q=28.0 size=N/A time=00:00:45.75 bitrate=N/A speed=0.375x    
frame= 1111 fps=9.1 q=28.0 size=N/A time=00:00:46.04 bitrate=N/A speed=0.376x    
frame= 1116 fps=9.1 q=28.0 size=N/A time=00:00:46.25 bitrate=N/A speed=0.376x    
frame= 1120 fps=9.1 q=28.0 size=N/A time=00:00:46.42 bitrate=N/A speed=0.376x    
frame= 1125 fps=9.1 q=28.0 size=N/A time=00:00:46.62 bitrate=N/A speed=0.376x    
frame= 1128 fps=9.1 q=28.0 size=N/A time=00:00:46.75 bitrate=N/A speed=0.376x    
frame= 1132 fps=9.1 q=28.0 size=N/A time=00:00:46.92 bitrate=N/A speed=0.376x    
frame= 1136 fps=9.1 q=28.0 size=N/A time=00:00:47.08 bitrate=N/A speed=0.375x    
frame= 1140 fps=9.1 q=28.0 size=N/A time=00:00:47.25 bitrate=N/A speed=0.375x    
frame= 1143 fps=9.0 q=28.0 size=N/A time=00:00:47.38 bitrate=N/A speed=0.375x    
frame= 1148 fps=9.0 q=28.0 size=N/A time=00:00:47.58 bitrate=N/A speed=0.375x    
[hls @ 0x7f73a64be780] Opening '/cache/transcodes/94d2907f45263a9bfcfe4efb48fe52d715.ts' for writing
frame= 1154 fps=9.1 q=28.0 size=N/A time=00:00:47.83 bitrate=N/A speed=0.375x    
frame= 1157 fps=9.0 q=28.0 size=N/A time=00:00:47.96 bitrate=N/A speed=0.375x    
frame= 1162 fps=9.0 q=28.0 size=N/A time=00:00:48.17 bitrate=N/A speed=0.375x    
frame= 1168 fps=9.1 q=28.0 size=N/A time=00:00:48.42 bitrate=N/A speed=0.376x    
frame= 1172 fps=9.1 q=28.0 size=N/A time=00:00:48.59 bitrate=N/A speed=0.375x    
frame= 1176 fps=9.1 q=28.0 size=N/A time=00:00:48.75 bitrate=N/A speed=0.375x    
frame= 1180 fps=9.0 q=28.0 size=N/A time=00:00:48.92 bitrate=N/A speed=0.375x    
frame= 1184 fps=9.0 q=28.0 size=N/A time=00:00:49.09 bitrate=N/A speed=0.375x    
frame= 1188 fps=9.0 q=28.0 size=N/A time=00:00:49.25 bitrate=N/A speed=0.375x    
frame= 1192 fps=9.0 q=28.0 size=N/A time=00:00:49.42 bitrate=N/A speed=0.375x    
frame= 1196 fps=9.0 q=28.0 size=N/A time=00:00:49.59 bitrate=N/A speed=0.374x    
frame= 1200 fps=9.0 q=28.0 size=N/A time=00:00:49.75 bitrate=N/A speed=0.374x    
frame= 1208 fps=9.1 q=28.0 size=N/A time=00:00:50.09 bitrate=N/A speed=0.375x    
frame= 1212 fps=9.0 q=28.0 size=N/A time=00:00:50.25 bitrate=N/A speed=0.375x    
frame= 1218 fps=9.1 q=28.0 size=N/A time=00:00:50.50 bitrate=N/A speed=0.376x    
[hls @ 0x7f73a64be780] Opening '/cache/transcodes/94d2907f45263a9bfcfe4efb48fe52d716.ts' for writing
frame= 1224 fps=9.1 q=28.0 size=N/A time=00:00:50.75 bitrate=N/A speed=0.376x    
frame= 1228 fps=9.1 q=28.0 size=N/A time=00:00:50.92 bitrate=N/A speed=0.376x    
frame= 1233 fps=9.1 q=28.0 size=N/A time=00:00:51.13 bitrate=N/A speed=0.376x    
frame= 1240 fps=9.1 q=28.0 size=N/A time=00:00:51.42 bitrate=N/A speed=0.377x    
frame= 1248 fps=9.1 q=28.0 size=N/A time=00:00:51.76 bitrate=N/A speed=0.378x    
frame= 1254 fps=9.1 q=28.0 size=N/A time=00:00:52.01 bitrate=N/A speed=0.378x    
frame= 1261 fps=9.1 q=28.0 size=N/A time=00:00:52.30 bitrate=N/A speed=0.379x    
frame= 1266 fps=9.1 q=28.0 size=N/A time=00:00:52.51 bitrate=N/A speed=0.379x    
frame= 1271 fps=9.1 q=28.0 size=N/A time=00:00:52.71 bitrate=N/A speed=0.379x    
frame= 1278 fps=9.2 q=28.0 size=N/A time=00:00:53.01 bitrate=N/A speed=0.38x    
frame= 1283 fps=9.2 q=28.0 size=N/A time=00:00:53.21 bitrate=N/A speed=0.38x    
frame= 1287 fps=9.2 q=28.0 size=N/A time=00:00:53.38 bitrate=N/A speed=0.38x    
frame= 1292 fps=9.2 q=28.0 size=N/A time=00:00:53.59 bitrate=N/A speed=0.38x    
[hls @ 0x7f73a64be780] Opening '/cache/transcodes/94d2907f45263a9bfcfe4efb48fe52d717.ts' for writing
frame= 1296 fps=9.2 q=28.0 size=N/A time=00:00:53.76 bitrate=N/A speed=0.38x    
frame= 1302 fps=9.2 q=28.0 size=N/A time=00:00:54.01 bitrate=N/A speed=0.38x    
frame= 1308 fps=9.2 q=28.0 size=N/A time=00:00:54.26 bitrate=N/A speed=0.381x    
frame= 1312 fps=9.2 q=28.0 size=N/A time=00:00:54.42 bitrate=N/A speed=0.381x    
frame= 1318 fps=9.2 q=28.0 size=N/A time=00:00:54.67 bitrate=N/A speed=0.381x    
frame= 1324 fps=9.2 q=28.0 size=N/A time=00:00:54.92 bitrate=N/A speed=0.382x    
frame= 1328 fps=9.2 q=28.0 size=N/A time=00:00:55.09 bitrate=N/A speed=0.381x    
frame= 1335 fps=9.2 q=28.0 size=N/A time=00:00:55.38 bitrate=N/A speed=0.382x    
frame= 1337 fps=9.2 q=28.0 size=N/A time=00:00:55.47 bitrate=N/A speed=0.381x    
frame= 1344 fps=9.2 q=28.0 size=N/A time=00:00:55.76 bitrate=N/A speed=0.382x    
frame= 1352 fps=9.2 q=28.0 size=N/A time=00:00:56.09 bitrate=N/A speed=0.383x    
frame= 1355 fps=9.2 q=28.0 size=N/A time=00:00:56.22 bitrate=N/A speed=0.383x    
frame= 1360 fps=9.2 q=25.0 size=N/A time=00:00:56.43 bitrate=N/A speed=0.383x    
frame= 1364 fps=9.2 q=28.0 size=N/A time=00:00:56.59 bitrate=N/A speed=0.382x    
[hls @ 0x7f73a64be780] Opening '/cache/transcodes/94d2907f45263a9bfcfe4efb48fe52d718.ts' for writing
frame= 1369 fps=9.2 q=28.0 size=N/A time=00:00:56.80 bitrate=N/A speed=0.383x    
frame= 1376 fps=9.2 q=28.0 size=N/A time=00:00:57.09 bitrate=N/A speed=0.383x    
frame= 1380 fps=9.2 q=28.0 size=N/A time=00:00:57.26 bitrate=N/A speed=0.383x    
frame= 1387 fps=9.2 q=28.0 size=N/A time=00:00:57.55 bitrate=N/A speed=0.384x    
frame= 1392 fps=9.2 q=28.0 size=N/A time=00:00:57.76 bitrate=N/A speed=0.384x    
frame= 1395 fps=9.2 q=28.0 size=N/A time=00:00:57.89 bitrate=N/A speed=0.383x    
frame= 1400 fps=9.2 q=28.0 size=N/A time=00:00:58.09 bitrate=N/A speed=0.383x    
frame= 1404 fps=9.2 q=28.0 size=N/A time=00:00:58.26 bitrate=N/A speed=0.383x    
frame= 1412 fps=9.3 q=28.0 size=N/A time=00:00:58.60 bitrate=N/A speed=0.384x    
frame= 1416 fps=9.3 q=28.0 size=N/A time=00:00:58.76 bitrate=N/A speed=0.384x    
frame= 1423 fps=9.3 q=28.0 size=N/A time=00:00:59.05 bitrate=N/A speed=0.385x    

[q] command received. Exiting.

[hls @ 0x7f73a64be780] Opening '/cache/transcodes/94d2907f45263a9bfcfe4efb48fe52d719.ts' for writing
[hls @ 0x7f73a64be780] Opening '/cache/transcodes/94d2907f45263a9bfcfe4efb48fe52d720.ts' for writing
[out#0/hls @ 0x7f73a6481a00] video:97931KiB audio:4762KiB subtitle:0KiB other streams:0KiB global headers:0KiB muxing overhead: unknown
frame= 1461 fps=9.4 q=-1.0 Lsize=N/A time=00:01:00.64 bitrate=N/A dup=1 drop=0 speed=0.389x    
[libx264 @ 0x7f73a64e5f00] frame I:21    Avg QP:15.65  size:238221
[libx264 @ 0x7f73a64e5f00] frame P:498   Avg QP:19.48  size:102393
[libx264 @ 0x7f73a64e5f00] frame B:942   Avg QP:21.55  size: 47013
[libx264 @ 0x7f73a64e5f00] consecutive B-frames: 10.5%  8.2%  7.4% 73.9%
[libx264 @ 0x7f73a64e5f00] mb I  I16..4: 53.1% 29.7% 17.2%
[libx264 @ 0x7f73a64e5f00] mb P  I16..4: 18.4% 24.3%  2.7%  P16..4:  8.8%  3.7%  1.3%  0.0%  0.0%    skip:40.8%
[libx264 @ 0x7f73a64e5f00] mb B  I16..4:  3.6%  7.8%  0.5%  B16..8: 11.3%  4.4%  0.5%  direct: 7.7%  skip:64.2%  L0:43.6% L1:43.9% BI:12.5%
[libx264 @ 0x7f73a64e5f00] 8x8 transform intra:55.9% inter:49.9%
[libx264 @ 0x7f73a64e5f00] coded y,uvDC,uvAC intra: 33.6% 56.4% 25.7% inter: 4.3% 10.9% 0.2%
[libx264 @ 0x7f73a64e5f00] i16 v,h,dc,p: 64% 18%  7% 10%
[libx264 @ 0x7f73a64e5f00] i8 v,h,dc,ddl,ddr,vr,hd,vl,hu: 16% 16% 18%  9%  8%  7%  9%  8%  9%
[libx264 @ 0x7f73a64e5f00] i4 v,h,dc,ddl,ddr,vr,hd,vl,hu: 24% 21% 10% 10%  7%  6%  7%  7%  8%
[libx264 @ 0x7f73a64e5f00] i8c dc,h,v,p: 45% 22% 22% 11%
[libx264 @ 0x7f73a64e5f00] Weighted P-Frames: Y:6.0% UV:3.0%
[libx264 @ 0x7f73a64e5f00] kb/s:13165.41