{"Protocol":0,"Id":"7d709df544ecc68f01067a5ae802c25a","Path":"/data/Movies/The.Dark.Knight.2008.UHD.BluRay.2160p.DTS-HD.MA.5.1.HEVC.REMUX-FraMeSToR-AsRequested/ylKO9DAurhGDpn4G.mkv","EncoderPath":null,"EncoderProtocol":null,"Type":0,"Container":"mkv","Size":58311670851,"Name":"ylKO9DAurhGDpn4G","IsRemote":false,"ETag":"8348d2c367cda248016f8009ae378ee3","RunTimeTicks":91322560000,"ReadAtNativeFramerate":false,"IgnoreDts":false,"IgnoreIndex":false,"GenPtsInput":false,"SupportsTranscoding":true,"SupportsDirectStream":true,"SupportsDirectPlay":true,"IsInfiniteStream":false,"UseMostCompatibleTranscodingProfile":false,"RequiresOpening":false,"OpenToken":null,"RequiresClosing":false,"LiveStreamId":null,"BufferMs":null,"RequiresLooping":false,"SupportsProbing":true,"VideoType":0,"IsoType":null,"Video3DFormat":null,"MediaStreams":[{"Codec":"hevc","CodecTag":null,"Language":null,"ColorRange":null,"ColorSpace":"bt2020nc","ColorTransfer":"smpte2084","ColorPrimaries":"bt2020","DvVersionMajor":null,"DvVersionMinor":null,"DvProfile":null,"DvLevel":null,"RpuPresentFlag":null,"ElPresentFlag":null,"BlPresentFlag":null,"DvBlSignalCompatibilityId":null,"Rotation":null,"Comment":null,"TimeBase":"1/1000","CodecTimeBase":null,"Title":null,"Hdr10PlusPresentFlag":null,"VideoRange":2,"VideoRangeType":2,"VideoDoViTitle":null,"AudioSpatialFormat":0,"LocalizedUndefined":null,"LocalizedDefault":null,"LocalizedForced":null,"LocalizedExternal":null,"LocalizedHearingImpaired":null,"DisplayTitle":"4K HEVC HDR","NalLengthSize":null,"IsInterlaced":false,"IsAVC":false,"ChannelLayout":null,"BitRate":51081941,"BitDepth":10,"RefFrames":1,"PacketLength":null,"Channels":null,"SampleRate":null,"IsDefault":true,"IsForced":false,"IsHearingImpaired":false,"Height":2160,"Width":3840,"AverageFrameRate":23.976025,"RealFrameRate":23.976025,"ReferenceFrameRate":23.976025,"Profile":"Main 10","Type":1,"AspectRatio":"16:9","Index":0,"Score":null,"IsExternal":false,"DeliveryMethod":null,"DeliveryUrl":null,"IsExternalUrl":null,"IsTextSubtitleStream":false,"SupportsExternalStream":false,"Path":null,"PixelFormat":"yuv420p10le","Level":153,"IsAnamorphic":false},{"Codec":"dts","CodecTag":null,"Language":"eng","ColorRange":null,"ColorSpace":null,"ColorTransfer":null,"ColorPrimaries":null,"DvVersionMajor":null,"DvVersionMinor":null,"DvProfile":null,"DvLevel":null,"RpuPresentFlag":null,"ElPresentFlag":null,"BlPresentFlag":null,"DvBlSignalCompatibilityId":null,"Rotation":null,"Comment":null,"TimeBase":"1/1000","CodecTimeBase":null,"Title":"DTS-HD MA 5.1","Hdr10PlusPresentFlag":null,"VideoRange":0,"VideoRangeType":0,"VideoDoViTitle":null,"AudioSpatialFormat":0,"LocalizedUndefined":null,"LocalizedDefault":"Default","LocalizedForced":null,"LocalizedExternal":"External","LocalizedHearingImpaired":null,"DisplayTitle":"DTS-HD MA 5.1 - English - Default","NalLengthSize":null,"IsInterlaced":false,"IsAVC":false,"ChannelLayout":"5.1","BitRate":3814479,"BitDepth":24,"RefFrames":null,"PacketLength":null,"Channels":6,"SampleRate":48000,"IsDefault":true,"IsForced":false,"IsHearingImpaired":false,"Height":null,"Width":null,"AverageFrameRate":null,"RealFrameRate":null,"ReferenceFrameRate":null,"Profile":"DTS-HD MA","Type":0,"AspectRatio":null,"Index":1,"Score":null,"IsExternal":false,"DeliveryMethod":null,"DeliveryUrl":null,"IsExternalUrl":null,"IsTextSubtitleStream":false,"SupportsExternalStream":false,"Path":null,"PixelFormat":null,"Level":0,"IsAnamorphic":null},{"Codec":"PGSSUB","CodecTag":null,"Language":"eng","ColorRange":null,"ColorSpace":null,"ColorTransfer":null,"ColorPrimaries":null,"DvVersionMajor":null,"DvVersionMinor":null,"DvProfile":null,"DvLevel":null,"RpuPresentFlag":null,"ElPresentFlag":null,"BlPresentFlag":null,"DvBlSignalCompatibilityId":null,"Rotation":null,"Comment":null,"TimeBase":"1/1000","CodecTimeBase":null,"Title":"English (SDH)","Hdr10PlusPresentFlag":null,"VideoRange":0,"VideoRangeType":0,"VideoDoViTitle":null,"AudioSpatialFormat":0,"LocalizedUndefined":"Undefined","LocalizedDefault":"Default","LocalizedForced":"Forced","LocalizedExternal":"External","LocalizedHearingImpaired":"Hearing Impaired","DisplayTitle":"English (SDH) - PGSSUB","NalLengthSize":null,"IsInterlaced":false,"IsAVC":false,"ChannelLayout":null,"BitRate":null,"BitDepth":null,"RefFrames":null,"PacketLength":null,"Channels":null,"SampleRate":null,"IsDefault":false,"IsForced":false,"IsHearingImpaired":false,"Height":1080,"Width":1920,"AverageFrameRate":null,"RealFrameRate":null,"ReferenceFrameRate":null,"Profile":null,"Type":2,"AspectRatio":null,"Index":2,"Score":null,"IsExternal":false,"DeliveryMethod":null,"DeliveryUrl":null,"IsExternalUrl":null,"IsTextSubtitleStream":false,"SupportsExternalStream":true,"Path":null,"PixelFormat":null,"Level":0,"IsAnamorphic":null},{"Codec":"PGSSUB","CodecTag":null,"Language":"fra","ColorRange":null,"ColorSpace":null,"ColorTransfer":null,"ColorPrimaries":null,"DvVersionMajor":null,"DvVersionMinor":null,"DvProfile":null,"DvLevel":null,"RpuPresentFlag":null,"ElPresentFlag":null,"BlPresentFlag":null,"DvBlSignalCompatibilityId":null,"Rotation":null,"Comment":null,"TimeBase":"1/1000","CodecTimeBase":null,"Title":"French","Hdr10PlusPresentFlag":null,"VideoRange":0,"VideoRangeType":0,"VideoDoViTitle":null,"AudioSpatialFormat":0,"LocalizedUndefined":"Undefined","LocalizedDefault":"Default","LocalizedForced":"Forced","LocalizedExternal":"External","LocalizedHearingImpaired":"Hearing Impaired","DisplayTitle":"French - PGSSUB","NalLengthSize":null,"IsInterlaced":false,"IsAVC":false,"ChannelLayout":null,"BitRate":null,"BitDepth":null,"RefFrames":null,"PacketLength":null,"Channels":null,"SampleRate":null,"IsDefault":false,"IsForced":false,"IsHearingImpaired":false,"Height":1080,"Width":1920,"AverageFrameRate":null,"RealFrameRate":null,"ReferenceFrameRate":null,"Profile":null,"Type":2,"AspectRatio":null,"Index":3,"Score":null,"IsExternal":false,"DeliveryMethod":null,"DeliveryUrl":null,"IsExternalUrl":null,"IsTextSubtitleStream":false,"SupportsExternalStream":true,"Path":null,"PixelFormat":null,"Level":0,"IsAnamorphic":null},{"Codec":"PGSSUB","CodecTag":null,"Language":"zho","ColorRange":null,"ColorSpace":null,"ColorTransfer":null,"ColorPrimaries":null,"DvVersionMajor":null,"DvVersionMinor":null,"DvProfile":null,"DvLevel":null,"RpuPresentFlag":null,"ElPresentFlag":null,"BlPresentFlag":null,"DvBlSignalCompatibilityId":null,"Rotation":null,"Comment":null,"TimeBase":"1/1000","CodecTimeBase":null,"Title":"Chinese (Mandarin Simplified)","Hdr10PlusPresentFlag":null,"VideoRange":0,"VideoRangeType":0,"VideoDoViTitle":null,"AudioSpatialFormat":0,"LocalizedUndefined":"Undefined","LocalizedDefault":"Default","LocalizedForced":"Forced","LocalizedExternal":"External","LocalizedHearingImpaired":"Hearing Impaired","DisplayTitle":"Chinese (Mandarin Simplified) - PGSSUB","NalLengthSize":null,"IsInterlaced":false,"IsAVC":false,"ChannelLayout":null,"BitRate":null,"BitDepth":null,"RefFrames":null,"PacketLength":null,"Channels":null,"SampleRate":null,"IsDefault":false,"IsForced":false,"IsHearingImpaired":false,"Height":1080,"Width":1920,"AverageFrameRate":null,"RealFrameRate":null,"ReferenceFrameRate":null,"Profile":null,"Type":2,"AspectRatio":null,"Index":4,"Score":null,"IsExternal":false,"DeliveryMethod":null,"DeliveryUrl":null,"IsExternalUrl":null,"IsTextSubtitleStream":false,"SupportsExternalStream":true,"Path":null,"PixelFormat":null,"Level":0,"IsAnamorphic":null},{"Codec":"PGSSUB","CodecTag":null,"Language":"spa","ColorRange":null,"ColorSpace":null,"ColorTransfer":null,"ColorPrimaries":null,"DvVersionMajor":null,"DvVersionMinor":null,"DvProfile":null,"DvLevel":null,"RpuPresentFlag":null,"ElPresentFlag":null,"BlPresentFlag":null,"DvBlSignalCompatibilityId":null,"Rotation":null,"Comment":null,"TimeBase":"1/1000","CodecTimeBase":null,"Title":"Spanish (Latin American)","Hdr10PlusPresentFlag":null,"VideoRange":0,"VideoRangeType":0,"VideoDoViTitle":null,"AudioSpatialFormat":0,"LocalizedUndefined":"Undefined","LocalizedDefault":"Default","LocalizedForced":"Forced","LocalizedExternal":"External","LocalizedHearingImpaired":"Hearing Impaired","DisplayTitle":"Spanish (Latin American) - PGSSUB","NalLengthSize":null,"IsInterlaced":false,"IsAVC":false,"ChannelLayout":null,"BitRate":null,"BitDepth":null,"RefFrames":null,"PacketLength":null,"Channels":null,"SampleRate":null,"IsDefault":false,"IsForced":false,"IsHearingImpaired":false,"Height":1080,"Width":1920,"AverageFrameRate":null,"RealFrameRate":null,"ReferenceFrameRate":null,"Profile":null,"Type":2,"AspectRatio":null,"Index":5,"Score":null,"IsExternal":false,"DeliveryMethod":null,"DeliveryUrl":null,"IsExternalUrl":null,"IsTextSubtitleStream":false,"SupportsExternalStream":true,"Path":null,"PixelFormat":null,"Level":0,"IsAnamorphic":null},{"Codec":"PGSSUB","CodecTag":null,"Language":"por","ColorRange":null,"ColorSpace":null,"ColorTransfer":null,"ColorPrimaries":null,"DvVersionMajor":null,"DvVersionMinor":null,"DvProfile":null,"DvLevel":null,"RpuPresentFlag":null,"ElPresentFlag":null,"BlPresentFlag":null,"DvBlSignalCompatibilityId":null,"Rotation":null,"Comment":null,"TimeBase":"1/1000","CodecTimeBase":null,"Title":"Portuguese (Brazilian)","Hdr10PlusPresentFlag":null,"VideoRange":0,"VideoRangeType":0,"VideoDoViTitle":null,"AudioSpatialFormat":0,"LocalizedUndefined":"Undefined","LocalizedDefault":"Default","LocalizedForced":"Forced","LocalizedExternal":"External","LocalizedHearingImpaired":"Hearing Impaired","DisplayTitle":"Portuguese (Brazilian) - PGSSUB","NalLengthSize":null,"IsInterlaced":false,"IsAVC":false,"ChannelLayout":null,"BitRate":null,"BitDepth":null,"RefFrames":null,"PacketLength":null,"Channels":null,"SampleRate":null,"IsDefault":false,"IsForced":false,"IsHearingImpaired":false,"Height":1080,"Width":1920,"AverageFrameRate":null,"RealFrameRate":null,"ReferenceFrameRate":null,"Profile":null,"Type":2,"AspectRatio":null,"Index":6,"Score":null,"IsExternal":false,"DeliveryMethod":null,"DeliveryUrl":null,"IsExternalUrl":null,"IsTextSubtitleStream":false,"SupportsExternalStream":true,"Path":null,"PixelFormat":null,"Level":0,"IsAnamorphic":null},{"Codec":"PGSSUB","CodecTag":null,"Language":"tha","ColorRange":null,"ColorSpace":null,"ColorTransfer":null,"ColorPrimaries":null,"DvVersionMajor":null,"DvVersionMinor":null,"DvProfile":null,"DvLevel":null,"RpuPresentFlag":null,"ElPresentFlag":null,"BlPresentFlag":null,"DvBlSignalCompatibilityId":null,"Rotation":null,"Comment":null,"TimeBase":"1/1000","CodecTimeBase":null,"Title":"Thai","Hdr10PlusPresentFlag":null,"VideoRange":0,"VideoRangeType":0,"VideoDoViTitle":null,"AudioSpatialFormat":0,"LocalizedUndefined":"Undefined","LocalizedDefault":"Default","LocalizedForced":"Forced","LocalizedExternal":"External","LocalizedHearingImpaired":"Hearing Impaired","DisplayTitle":"Thai - PGSSUB","NalLengthSize":null,"IsInterlaced":false,"IsAVC":false,"ChannelLayout":null,"BitRate":null,"BitDepth":null,"RefFrames":null,"PacketLength":null,"Channels":null,"SampleRate":null,"IsDefault":false,"IsForced":false,"IsHearingImpaired":false,"Height":1080,"Width":1920,"AverageFrameRate":null,"RealFrameRate":null,"ReferenceFrameRate":null,"Profile":null,"Type":2,"AspectRatio":null,"Index":7,"Score":null,"IsExternal":false,"DeliveryMethod":null,"DeliveryUrl":null,"IsExternalUrl":null,"IsTextSubtitleStream":false,"SupportsExternalStream":true,"Path":null,"PixelFormat":null,"Level":0,"IsAnamorphic":null}],"MediaAttachments":[],"Formats":[],"Bitrate":54896420,"FallbackMaxStreamingBitrate":null,"Timestamp":null,"RequiredHttpHeaders":{},"TranscodingUrl":null,"TranscodingSubProtocol":0,"TranscodingContainer":null,"AnalyzeDurationMs":null,"DefaultAudioStreamIndex":null,"DefaultSubtitleStreamIndex":null,"HasSegments":false}

/usr/lib/jellyfin-ffmpeg/ffmpeg -analyzeduration 200M -probesize 1G -fflags +genpts  -i file:"/data/Movies/The.Dark.Knight.2008.UHD.BluRay.2160p.DTS-HD.MA.5.1.HEVC.REMUX-FraMeSToR-AsRequested/ylKO9DAurhGDpn4G.mkv" -map_metadata -1 -map_chapters -1 -threads 0 -map 0:0 -map 0:1 -map -0:s -codec:v:0 copy -tag:v:0 hvc1 -bsf:v hevc_mp4toannexb -start_at_zero -codec:a:0 libfdk_aac -ac 2 -ab 256000 -af "volume=2" -copyts -avoid_negative_ts disabled -max_muxing_queue_size 2048 -f hls -max_delay 5000000 -hls_time 6 -hls_segment_type fmp4 -hls_fmp4_init_filename "71b970719956b88c6d8a9e6928677cdd-1.mp4" -start_number 0 -hls_segment_filename "/cache/transcodes/71b970719956b88c6d8a9e6928677cdd%d.mp4" -hls_playlist_type vod -hls_list_size 0 -hls_segment_options movflags=+frag_discont -y "/cache/transcodes/71b970719956b88c6d8a9e6928677cdd.m3u8"


ffmpeg version 7.1.3-Jellyfin Copyright (c) 2000-2025 the FFmpeg developers
  built with gcc 14 (Debian 14.2.0-19)
  configuration: --prefix=/usr/lib/jellyfin-ffmpeg --target-os=linux --extra-version=Jellyfin --disable-doc --disable-ffplay --disable-static --disable-libxcb --disable-sdl2 --disable-xlib --enable-lto=auto --enable-gpl --enable-version3 --enable-shared --enable-gmp --enable-gnutls --enable-chromaprint --enable-opencl --enable-libdrm --enable-libxml2 --enable-libass --enable-libfreetype --enable-libfribidi --enable-libfontconfig --enable-libharfbuzz --enable-libbluray --enable-libmp3lame --enable-libopus --enable-libtheora --enable-libvorbis --enable-libopenmpt --enable-libdav1d --enable-libsvtav1 --enable-libwebp --enable-libvpx --enable-libx264 --enable-libx265 --enable-libzvbi --enable-libzimg --enable-libfdk-aac --arch=amd64 --enable-libshaderc --enable-libplacebo --enable-vulkan --enable-vaapi --enable-amf --enable-libvpl --enable-ffnvcodec --enable-cuda --enable-cuda-llvm --enable-cuvid --enable-nvdec --enable-nvenc
  libavutil      59. 39.100 / 59. 39.100
  libavcodec     61. 19.101 / 61. 19.101
  libavformat    61.  7.100 / 61.  7.100
  libavdevice    61.  3.100 / 61.  3.100
  libavfilter    10.  4.100 / 10.  4.100
  libswscale      8.  3.100 /  8.  3.100
  libswresample   5.  3.100 /  5.  3.100
  libpostproc    58.  3.100 / 58.  3.100
Input #0, matroska,webm, from 'file:/data/Movies/The.Dark.Knight.2008.UHD.BluRay.2160p.DTS-HD.MA.5.1.HEVC.REMUX-FraMeSToR-AsRequested/ylKO9DAurhGDpn4G.mkv':
  Metadata:
    title           : The Dark Knight 4K
    encoder         : libebml v1.3.5 + libmatroska v1.4.8
    creation_time   : 2018-01-15T02:39:41.000000Z
  Duration: 02:32:12.26, start: 0.000000, bitrate: 51081 kb/s
  Chapters:
    Chapter #0:0: start 0.000000, end 385.927000
      Metadata:
        title           : No Rules
    Chapter #0:1: start 385.927000, end 636.135000
      Metadata:
        title           : Dishonor Guard
    Chapter #0:2: start 636.135000, end 832.540000
      Metadata:
        title           : Somebody with Access
    Chapter #0:3: start 832.540000, end 1074.156000
      Metadata:
        title           : Hero with a Face
    Chapter #0:4: start 1074.156000, end 1299.298000
      Metadata:
        title           : Men of Their Word
    Chapter #0:5: start 1299.298000, end 1569.985000
      Metadata:
        title           : Why So Serious?
    Chapter #0:6: start 1569.985000, end 1776.233000
      Metadata:
        title           : Kill the Batman
    Chapter #0:7: start 1776.233000, end 1902.442000
      Metadata:
        title           : Protector's Mantle
    Chapter #0:8: start 1902.442000, end 2269.017000
      Metadata:
        title           : Last Game in Town
    Chapter #0:9: start 2269.017000, end 2614.028000
      Metadata:
        title           : Unknown Limits
    Chapter #0:10: start 2614.028000, end 2799.505000
      Metadata:
        title           : Robbery Gone Stranger
    Chapter #0:11: start 2799.505000, end 2937.726000
      Metadata:
        title           : Right Choice
    Chapter #0:12: start 2937.726000, end 3199.405000
      Metadata:
        title           : Watch the World Burn
    Chapter #0:13: start 3199.405000, end 3435.599000
      Metadata:
        title           : Your Plan Is Blackmail?
    Chapter #0:14: start 3435.599000, end 3566.313000
      Metadata:
        title           : I Am the Batman
    Chapter #0:15: start 3566.313000, end 3839.544000
      Metadata:
        title           : Hong Kong Holiday
    Chapter #0:16: start 3839.544000, end 4103.516000
      Metadata:
        title           : Tonight's Entertainment
    Chapter #0:17: start 4103.516000, end 4248.286000
      Metadata:
        title           : Landing Lau
    Chapter #0:18: start 4248.286000, end 4464.877000
      Metadata:
        title           : Intimidate Mode
    Chapter #0:19: start 4464.877000, end 4685.598000
      Metadata:
        title           : Trip to Country
    Chapter #0:20: start 4685.598000, end 4942.396000
      Metadata:
        title           : Bat-Pod Faceoff
    Chapter #0:21: start 4942.396000, end 5088.542000
      Metadata:
        title           : We Got Him
    Chapter #0:22: start 5088.542000, end 5448.401000
      Metadata:
        title           : Good Cop, Bad Cop
    Chapter #0:23: start 5448.401000, end 5644.931000
      Metadata:
        title           : Two-Way Race
    Chapter #0:24: start 5644.931000, end 5997.742000
      Metadata:
        title           : Burned Down
    Chapter #0:25: start 5997.742000, end 6125.453000
      Metadata:
        title           : Harvey Two-Face
    Chapter #0:26: start 6125.453000, end 6299.877000
      Metadata:
        title           : Better Class of Criminal
    Chapter #0:27: start 6299.877000, end 6420.831000
      Metadata:
        title           : Watch Out
    Chapter #0:28: start 6420.831000, end 6669.872000
      Metadata:
        title           : Agent of Chaos
    Chapter #0:29: start 6669.872000, end 6854.598000
      Metadata:
        title           : Hospital Boom
    Chapter #0:30: start 6854.598000, end 7023.975000
      Metadata:
        title           : Too Much Power
    Chapter #0:31: start 7023.975000, end 7214.207000
      Metadata:
        title           : Unlucky
    Chapter #0:32: start 7214.207000, end 7417.535000
      Metadata:
        title           : Ferry Scary
    Chapter #0:33: start 7417.535000, end 7747.573000
      Metadata:
        title           : Prewitt Building Siege
    Chapter #0:34: start 7747.573000, end 7947.273000
      Metadata:
        title           : Verge of Fireworks
    Chapter #0:35: start 7947.273000, end 8122.740000
      Metadata:
        title           : Battle for Gotham's Soul
    Chapter #0:36: start 8122.740000, end 8398.640000
      Metadata:
        title           : One Pointing the Gun
    Chapter #0:37: start 8398.640000, end 8666.658000
      Metadata:
        title           : Dark Knight
    Chapter #0:38: start 8666.658000, end 9132.256000
      Metadata:
        title           : End Credits
  Stream #0:0: Video: hevc (Main 10), yuv420p10le(tv, bt2020nc/bt2020/smpte2084), 3840x2160 [SAR 1:1 DAR 16:9], 23.98 fps, 23.98 tbr, 1k tbn (default)
      Metadata:
        BPS             : 47067116
        BPS-eng         : 47067116
        DURATION        : 02:32:12.248000000
        DURATION-eng    : 02:32:12.248000000
        NUMBER_OF_FRAMES: 218955
        NUMBER_OF_FRAMES-eng: 218955
        NUMBER_OF_BYTES : 53728572491
        NUMBER_OF_BYTES-eng: 53728572491
        _STATISTICS_WRITING_APP: mkvmerge v19.0.0 ('Brave Captain') 64-bit
        _STATISTICS_WRITING_APP-eng: mkvmerge v19.0.0 ('Brave Captain') 64-bit
        _STATISTICS_WRITING_DATE_UTC: 2018-01-15 02:39:41
        _STATISTICS_WRITING_DATE_UTC-eng: 2018-01-15 02:39:41
        _STATISTICS_TAGS: BPS DURATION NUMBER_OF_FRAMES NUMBER_OF_BYTES
        _STATISTICS_TAGS-eng: BPS DURATION NUMBER_OF_FRAMES NUMBER_OF_BYTES
  Stream #0:1(eng): Audio: dts (dca) (DTS-HD MA), 48000 Hz, 5.1(side), s32p (24 bit) (default)
      Metadata:
        title           : DTS-HD MA 5.1
        BPS             : 3814479
        BPS-eng         : 3814479
        DURATION        : 02:32:12.256000000
        DURATION-eng    : 02:32:12.256000000
        NUMBER_OF_FRAMES: 856149
        NUMBER_OF_FRAMES-eng: 856149
        NUMBER_OF_BYTES : 4354350640
        NUMBER_OF_BYTES-eng: 4354350640
        _STATISTICS_WRITING_APP: mkvmerge v19.0.0 ('Brave Captain') 64-bit
        _STATISTICS_WRITING_APP-eng: mkvmerge v19.0.0 ('Brave Captain') 64-bit
        _STATISTICS_WRITING_DATE_UTC: 2018-01-15 02:39:41
        _STATISTICS_WRITING_DATE_UTC-eng: 2018-01-15 02:39:41
        _STATISTICS_TAGS: BPS DURATION NUMBER_OF_FRAMES NUMBER_OF_BYTES
        _STATISTICS_TAGS-eng: BPS DURATION NUMBER_OF_FRAMES NUMBER_OF_BYTES
  Stream #0:2(eng): Subtitle: hdmv_pgs_subtitle (pgssub), 1920x1080
      Metadata:
        title           : English (SDH)
        BPS             : 38802
        BPS-eng         : 38802
        DURATION        : 02:30:41.115000000
        DURATION-eng    : 02:30:41.115000000
        NUMBER_OF_FRAMES: 4020
        NUMBER_OF_FRAMES-eng: 4020
        NUMBER_OF_BYTES : 43851686
        NUMBER_OF_BYTES-eng: 43851686
        _STATISTICS_WRITING_APP: mkvmerge v19.0.0 ('Brave Captain') 64-bit
        _STATISTICS_WRITING_APP-eng: mkvmerge v19.0.0 ('Brave Captain') 64-bit
        _STATISTICS_WRITING_DATE_UTC: 2018-01-15 02:39:41
        _STATISTICS_WRITING_DATE_UTC-eng: 2018-01-15 02:39:41
        _STATISTICS_TAGS: BPS DURATION NUMBER_OF_FRAMES NUMBER_OF_BYTES
        _STATISTICS_TAGS-eng: BPS DURATION NUMBER_OF_FRAMES NUMBER_OF_BYTES
  Stream #0:3(fre): Subtitle: hdmv_pgs_subtitle (pgssub), 1920x1080
      Metadata:
        title           : French
        BPS             : 28648
        BPS-eng         : 28648
        DURATION        : 02:30:24.640000000
        DURATION-eng    : 02:30:24.640000000
        NUMBER_OF_FRAMES: 4164
        NUMBER_OF_FRAMES-eng: 4164
        NUMBER_OF_BYTES : 32317847
        NUMBER_OF_BYTES-eng: 32317847
        _STATISTICS_WRITING_APP: mkvmerge v19.0.0 ('Brave Captain') 64-bit
        _STATISTICS_WRITING_APP-eng: mkvmerge v19.0.0 ('Brave Captain') 64-bit
        _STATISTICS_WRITING_DATE_UTC: 2018-01-15 02:39:41
        _STATISTICS_WRITING_DATE_UTC-eng: 2018-01-15 02:39:41
        _STATISTICS_TAGS: BPS DURATION NUMBER_OF_FRAMES NUMBER_OF_BYTES
        _STATISTICS_TAGS-eng: BPS DURATION NUMBER_OF_FRAMES NUMBER_OF_BYTES
  Stream #0:4(chi): Subtitle: hdmv_pgs_subtitle (pgssub), 1920x1080
      Metadata:
        title           : Chinese (Mandarin Simplified)
        BPS             : 30663
        BPS-eng         : 30663
        DURATION        : 02:30:24.640000000
        DURATION-eng    : 02:30:24.640000000
        NUMBER_OF_FRAMES: 3686
        NUMBER_OF_FRAMES-eng: 3686
        NUMBER_OF_BYTES : 34590571
        NUMBER_OF_BYTES-eng: 34590571
        _STATISTICS_WRITING_APP: mkvmerge v19.0.0 ('Brave Captain') 64-bit
        _STATISTICS_WRITING_APP-eng: mkvmerge v19.0.0 ('Brave Captain') 64-bit
        _STATISTICS_WRITING_DATE_UTC: 2018-01-15 02:39:41
        _STATISTICS_WRITING_DATE_UTC-eng: 2018-01-15 02:39:41
        _STATISTICS_TAGS: BPS DURATION NUMBER_OF_FRAMES NUMBER_OF_BYTES
        _STATISTICS_TAGS-eng: BPS DURATION NUMBER_OF_FRAMES NUMBER_OF_BYTES
  Stream #0:5(spa): Subtitle: hdmv_pgs_subtitle (pgssub), 1920x1080
      Metadata:
        title           : Spanish (Latin American)
        BPS             : 32754
        BPS-eng         : 32754
        DURATION        : 02:30:24.640000000
        DURATION-eng    : 02:30:24.640000000
        NUMBER_OF_FRAMES: 3608
        NUMBER_OF_FRAMES-eng: 3608
        NUMBER_OF_BYTES : 36950020
        NUMBER_OF_BYTES-eng: 36950020
        _STATISTICS_WRITING_APP: mkvmerge v19.0.0 ('Brave Captain') 64-bit
        _STATISTICS_WRITING_APP-eng: mkvmerge v19.0.0 ('Brave Captain') 64-bit
        _STATISTICS_WRITING_DATE_UTC: 2018-01-15 02:39:41
        _STATISTICS_WRITING_DATE_UTC-eng: 2018-01-15 02:39:41
        _STATISTICS_TAGS: BPS DURATION NUMBER_OF_FRAMES NUMBER_OF_BYTES
        _STATISTICS_TAGS-eng: BPS DURATION NUMBER_OF_FRAMES NUMBER_OF_BYTES
  Stream #0:6(por): Subtitle: hdmv_pgs_subtitle (pgssub), 1920x1080
      Metadata:
        title           : Portuguese (Brazilian)
        BPS             : 35010
        BPS-eng         : 35010
        DURATION        : 02:30:24.640000000
        DURATION-eng    : 02:30:24.640000000
        NUMBER_OF_FRAMES: 3628
        NUMBER_OF_FRAMES-eng: 3628
        NUMBER_OF_BYTES : 39494682
        NUMBER_OF_BYTES-eng: 39494682
        _STATISTICS_WRITING_APP: mkvmerge v19.0.0 ('Brave Captain') 64-bit
        _STATISTICS_WRITING_APP-eng: mkvmerge v19.0.0 ('Brave Captain') 64-bit
        _STATISTICS_WRITING_DATE_UTC: 2018-01-15 02:39:41
        _STATISTICS_WRITING_DATE_UTC-eng: 2018-01-15 02:39:41
        _STATISTICS_TAGS: BPS DURATION NUMBER_OF_FRAMES NUMBER_OF_BYTES
        _STATISTICS_TAGS-eng: BPS DURATION NUMBER_OF_FRAMES NUMBER_OF_BYTES
  Stream #0:7(tha): Subtitle: hdmv_pgs_subtitle (pgssub), 1920x1080
      Metadata:
        title           : Thai
        BPS             : 32233
        BPS-eng         : 32233
        DURATION        : 02:30:11.335000000
        DURATION-eng    : 02:30:11.335000000
        NUMBER_OF_FRAMES: 3644
        NUMBER_OF_FRAMES-eng: 3644
        NUMBER_OF_BYTES : 36308196
        NUMBER_OF_BYTES-eng: 36308196
        _STATISTICS_WRITING_APP: mkvmerge v19.0.0 ('Brave Captain') 64-bit
        _STATISTICS_WRITING_APP-eng: mkvmerge v19.0.0 ('Brave Captain') 64-bit
        _STATISTICS_WRITING_DATE_UTC: 2018-01-15 02:39:41
        _STATISTICS_WRITING_DATE_UTC-eng: 2018-01-15 02:39:41
        _STATISTICS_TAGS: BPS DURATION NUMBER_OF_FRAMES NUMBER_OF_BYTES
        _STATISTICS_TAGS-eng: BPS DURATION NUMBER_OF_FRAMES NUMBER_OF_BYTES
Stream mapping:
  Stream #0:0 -> #0:0 (copy)
  Stream #0:1 -> #0:1 (dts (dca) -> aac (libfdk_aac))
Press [q] to stop, [?] for help
[hls @ 0x7ba27f2b7780] Opening '/cache/transcodes/71b970719956b88c6d8a9e6928677cdd-1.mp4' for writing
Output #0, hls, to '/cache/transcodes/71b970719956b88c6d8a9e6928677cdd.m3u8':
  Metadata:
    encoder         : Lavf61.7.100
  Stream #0:0: Video: hevc (Main 10) (hvc1 / 0x31637668), yuv420p10le(tv, bt2020nc/bt2020/smpte2084), 3840x2160 [SAR 1:1 DAR 16:9], q=2-31, 23.98 fps, 23.98 tbr, 16k tbn (default)
  Stream #0:1: Audio: aac, 48000 Hz, stereo, s16, 256 kb/s (default)
      Metadata:
        encoder         : Lavc61.19.101 libfdk_aac
      Side data:
        cpb: bitrate max/min/avg: 256000/256000/256000 buffer size: 0 vbv_delay: N/A
frame=  106 fps=0.0 q=-1.0 size=N/A time=00:00:00.00 bitrate=N/A speed=   0x    
[hls @ 0x7ba27f2b7780] Opening '/cache/transcodes/71b970719956b88c6d8a9e6928677cdd0.mp4' for writing
frame=  148 fps=148 q=-1.0 size=N/A time=00:00:01.70 bitrate=N/A speed=1.71x    
frame=  148 fps= 99 q=-1.0 size=N/A time=00:00:01.70 bitrate=N/A speed=1.14x    
[mp4 @ 0x7ba249ceb000] Packet duration: -16 / dts: 288728 is out of range
frame=  220 fps=110 q=-1.0 size=N/A time=00:00:04.60 bitrate=N/A speed= 2.3x    
[hls @ 0x7ba27f2b7780] Opening '/cache/transcodes/71b970719956b88c6d8a9e6928677cdd1.mp4' for writing
frame=  295 fps=118 q=-1.0 size=N/A time=00:00:07.85 bitrate=N/A speed=3.13x    
frame=  295 fps= 98 q=-1.0 size=N/A time=00:00:07.85 bitrate=N/A speed=2.61x    
frame=  295 fps= 84 q=-1.0 size=N/A time=00:00:07.85 bitrate=N/A speed=2.24x    
[mp4 @ 0x7ba249ceb000] Packet duration: -16 / dts: 582648 is out of range
frame=  331 fps= 83 q=-1.0 size=N/A time=00:00:09.17 bitrate=N/A speed=2.29x    
frame=  432 fps= 96 q=-1.0 size=N/A time=00:00:13.58 bitrate=N/A speed=3.01x    
[hls @ 0x7ba27f2b7780] Opening '/cache/transcodes/71b970719956b88c6d8a9e6928677cdd2.mp4' for writing
frame=  432 fps= 86 q=-1.0 size=N/A time=00:00:13.58 bitrate=N/A speed=2.71x    
frame=  432 fps= 78 q=-1.0 size=N/A time=00:00:13.58 bitrate=N/A speed=2.47x    
frame=  455 fps= 76 q=-1.0 size=N/A time=00:00:14.39 bitrate=N/A speed=2.39x    
frame=  561 fps= 86 q=-1.0 size=N/A time=00:00:18.94 bitrate=N/A speed=2.91x    
[hls @ 0x7ba27f2b7780] Opening '/cache/transcodes/71b970719956b88c6d8a9e6928677cdd3.mp4' for writing
frame=  584 fps= 83 q=-1.0 size=N/A time=00:00:19.88 bitrate=N/A speed=2.83x    
frame=  584 fps= 78 q=-1.0 size=N/A time=00:00:19.88 bitrate=N/A speed=2.64x    
frame=  584 fps= 73 q=-1.0 size=N/A time=00:00:19.88 bitrate=N/A speed=2.48x    
[mp4 @ 0x7ba249ceb000] Packet duration: -16 / dts: 1161192 is out of range
frame=  605 fps= 71 q=-1.0 size=N/A time=00:00:20.73 bitrate=N/A speed=2.43x    
frame=  726 fps= 80 q=-1.0 size=N/A time=00:00:25.81 bitrate=N/A speed=2.86x    
[hls @ 0x7ba27f2b7780] Opening '/cache/transcodes/71b970719956b88c6d8a9e6928677cdd4.mp4' for writing
frame=  726 fps= 76 q=-1.0 size=N/A time=00:00:25.81 bitrate=N/A speed=2.71x    
frame=  726 fps= 72 q=-1.0 size=N/A time=00:00:25.81 bitrate=N/A speed=2.58x    
[mp4 @ 0x7ba249ceb000] Packet duration: -16 / dts: 1445864 is out of range
frame=  756 fps= 72 q=-1.0 size=N/A time=00:00:26.98 bitrate=N/A speed=2.56x    
frame=  863 fps= 78 q=-1.0 size=N/A time=00:00:31.33 bitrate=N/A speed=2.84x    
[hls @ 0x7ba27f2b7780] Opening '/cache/transcodes/71b970719956b88c6d8a9e6928677cdd5.mp4' for writing
frame=  866 fps= 75 q=-1.0 size=N/A time=00:00:31.63 bitrate=N/A speed=2.74x    
frame=  866 fps= 72 q=-1.0 size=N/A time=00:00:31.63 bitrate=N/A speed=2.63x    
frame=  866 fps= 69 q=-1.0 size=N/A time=00:00:31.63 bitrate=N/A speed=2.53x    
frame=  866 fps= 66 q=-1.0 size=N/A time=00:00:31.63 bitrate=N/A speed=2.43x    
frame=  913 fps= 67 q=-1.0 size=N/A time=00:00:33.62 bitrate=N/A speed=2.49x    
frame=  999 fps= 71 q=-1.0 size=N/A time=00:00:37.12 bitrate=N/A speed=2.65x    
[hls @ 0x7ba27f2b7780] Opening '/cache/transcodes/71b970719956b88c6d8a9e6928677cdd6.mp4' for writing
frame= 1016 fps= 70 q=-1.0 size=N/A time=00:00:37.86 bitrate=N/A speed=2.61x    
frame= 1016 fps= 68 q=-1.0 size=N/A time=00:00:37.86 bitrate=N/A speed=2.52x    
frame= 1016 fps= 65 q=-1.0 size=N/A time=00:00:37.86 bitrate=N/A speed=2.44x    
frame= 1016 fps= 63 q=-1.0 size=N/A time=00:00:37.86 bitrate=N/A speed=2.36x    
frame= 1085 fps= 66 q=-1.0 size=N/A time=00:00:40.76 bitrate=N/A speed=2.47x    
frame= 1160 fps= 68 q=-1.0 size=N/A time=00:00:43.92 bitrate=N/A speed=2.58x    
[hls @ 0x7ba27f2b7780] Opening '/cache/transcodes/71b970719956b88c6d8a9e6928677cdd7.mp4' for writing
frame= 1160 fps= 66 q=-1.0 size=N/A time=00:00:43.92 bitrate=N/A speed= 2.5x    
frame= 1160 fps= 64 q=-1.0 size=N/A time=00:00:43.92 bitrate=N/A speed=2.44x    
frame= 1160 fps= 63 q=-1.0 size=N/A time=00:00:43.92 bitrate=N/A speed=2.37x    
frame= 1244 fps= 65 q=-1.0 size=N/A time=00:00:47.31 bitrate=N/A speed=2.49x    
[hls @ 0x7ba27f2b7780] Opening '/cache/transcodes/71b970719956b88c6d8a9e6928677cdd8.mp4' for writing
frame= 1296 fps= 66 q=-1.0 size=N/A time=00:00:49.57 bitrate=N/A speed=2.54x    
frame= 1296 fps= 65 q=-1.0 size=N/A time=00:00:49.57 bitrate=N/A speed=2.47x    
frame= 1296 fps= 63 q=-1.0 size=N/A time=00:00:49.57 bitrate=N/A speed=2.41x    
frame= 1296 fps= 62 q=-1.0 size=N/A time=00:00:49.57 bitrate=N/A speed=2.36x    
frame= 1296 fps= 60 q=-1.0 size=N/A time=00:00:49.57 bitrate=N/A speed= 2.3x    
frame= 1377 fps= 62 q=-1.0 size=N/A time=00:00:52.82 bitrate=N/A speed= 2.4x    
frame= 1443 fps= 64 q=-1.0 size=N/A time=00:00:55.72 bitrate=N/A speed=2.47x    
[hls @ 0x7ba27f2b7780] Opening '/cache/transcodes/71b970719956b88c6d8a9e6928677cdd9.mp4' for writing
frame= 1443 fps= 63 q=-1.0 size=N/A time=00:00:55.72 bitrate=N/A speed=2.42x    
frame= 1443 fps= 61 q=-1.0 size=N/A time=00:00:55.72 bitrate=N/A speed=2.37x    
frame= 1443 fps= 60 q=-1.0 size=N/A time=00:00:55.72 bitrate=N/A speed=2.32x    
frame= 1443 fps= 59 q=-1.0 size=N/A time=00:00:55.72 bitrate=N/A speed=2.27x    
frame= 1443 fps= 58 q=-1.0 size=N/A time=00:00:55.72 bitrate=N/A speed=2.22x    
frame= 1464 fps= 57 q=-1.0 size=N/A time=00:00:56.42 bitrate=N/A speed=2.21x    
frame= 1546 fps= 59 q=-1.0 size=N/A time=00:01:00.07 bitrate=N/A speed=2.31x    
frame= 1590 fps= 60 q=-1.0 size=N/A time=00:01:01.84 bitrate=N/A speed=2.33x    
[hls @ 0x7ba27f2b7780] Opening '/cache/transcodes/71b970719956b88c6d8a9e6928677cdd10.mp4' for writing
frame= 1590 fps= 59 q=-1.0 size=N/A time=00:01:01.84 bitrate=N/A speed=2.29x    
frame= 1590 fps= 58 q=-1.0 size=N/A time=00:01:01.84 bitrate=N/A speed=2.24x    
frame= 1590 fps= 57 q=-1.0 size=N/A time=00:01:01.84 bitrate=N/A speed= 2.2x    
frame= 1590 fps= 56 q=-1.0 size=N/A time=00:01:01.84 bitrate=N/A speed=2.17x    
frame= 1590 fps= 55 q=-1.0 size=N/A time=00:01:01.84 bitrate=N/A speed=2.13x    
[mp4 @ 0x7ba249ceb000] Packet duration: -16 / dts: 3175400 is out of range
frame= 1620 fps= 55 q=-1.0 size=N/A time=00:01:03.01 bitrate=N/A speed=2.13x    
frame= 1707 fps= 57 q=-1.0 size=N/A time=00:01:06.62 bitrate=N/A speed=2.22x    
[hls @ 0x7ba27f2b7780] Opening '/cache/transcodes/71b970719956b88c6d8a9e6928677cdd11.mp4' for writing
frame= 1732 fps= 57 q=-1.0 size=N/A time=00:01:07.84 bitrate=N/A speed=2.22x    
frame= 1732 fps= 56 q=-1.0 size=N/A time=00:01:07.84 bitrate=N/A speed=2.18x    
frame= 1732 fps= 55 q=-1.0 size=N/A time=00:01:07.84 bitrate=N/A speed=2.15x    
frame= 1732 fps= 54 q=-1.0 size=N/A time=00:01:07.84 bitrate=N/A speed=2.12x    
frame= 1732 fps= 53 q=-1.0 size=N/A time=00:01:07.84 bitrate=N/A speed=2.08x    
frame= 1819 fps= 55 q=-1.0 size=N/A time=00:01:11.25 bitrate=N/A speed=2.15x    
[hls @ 0x7ba27f2b7780] Opening '/cache/transcodes/71b970719956b88c6d8a9e6928677cdd12.mp4' for writing
frame= 1888 fps= 56 q=-1.0 size=N/A time=00:01:14.28 bitrate=N/A speed=2.21x    
frame= 1888 fps= 55 q=-1.0 size=N/A time=00:01:14.28 bitrate=N/A speed=2.18x    
frame= 1888 fps= 55 q=-1.0 size=N/A time=00:01:14.28 bitrate=N/A speed=2.15x    
frame= 1892 fps= 54 q=-1.0 size=N/A time=00:01:14.47 bitrate=N/A speed=2.12x    
frame= 2000 fps= 56 q=-1.0 size=N/A time=00:01:18.93 bitrate=N/A speed=2.22x    
[hls @ 0x7ba27f2b7780] Opening '/cache/transcodes/71b970719956b88c6d8a9e6928677cdd13.mp4' for writing
frame= 2018 fps= 56 q=-1.0 size=N/A time=00:01:19.70 bitrate=N/A speed=2.21x    
frame= 2018 fps= 55 q=-1.0 size=N/A time=00:01:19.70 bitrate=N/A speed=2.18x    
frame= 2018 fps= 54 q=-1.0 size=N/A time=00:01:19.70 bitrate=N/A speed=2.15x    
frame= 2018 fps= 54 q=-1.0 size=N/A time=00:01:19.70 bitrate=N/A speed=2.12x    
[mp4 @ 0x7ba249ceb000] Packet duration: -16 / dts: 4032488 is out of range
frame= 2042 fps= 54 q=-1.0 size=N/A time=00:01:20.59 bitrate=N/A speed=2.12x    
frame= 2153 fps= 56 q=-1.0 size=N/A time=00:01:25.37 bitrate=N/A speed=2.21x    
[hls @ 0x7ba27f2b7780] Opening '/cache/transcodes/71b970719956b88c6d8a9e6928677cdd14.mp4' for writing
frame= 2165 fps= 55 q=-1.0 size=N/A time=00:01:25.82 bitrate=N/A speed= 2.2x    
frame= 2165 fps= 55 q=-1.0 size=N/A time=00:01:25.82 bitrate=N/A speed=2.17x    
frame= 2165 fps= 54 q=-1.0 size=N/A time=00:01:25.82 bitrate=N/A speed=2.14x    
frame= 2165 fps= 53 q=-1.0 size=N/A time=00:01:25.82 bitrate=N/A speed=2.12x    
[mp4 @ 0x7ba249ceb000] Packet duration: -16 / dts: 4326360 is out of range
frame= 2171 fps= 53 q=-1.0 size=N/A time=00:01:25.97 bitrate=N/A speed=2.09x    
frame= 2302 fps= 55 q=-1.0 size=N/A time=00:01:31.56 bitrate=N/A speed= 2.2x    
[hls @ 0x7ba27f2b7780] Opening '/cache/transcodes/71b970719956b88c6d8a9e6928677cdd15.mp4' for writing
frame= 2302 fps= 55 q=-1.0 size=N/A time=00:01:31.60 bitrate=N/A speed=2.18x    
frame= 2302 fps= 54 q=-1.0 size=N/A time=00:01:31.60 bitrate=N/A speed=2.15x    
frame= 2302 fps= 53 q=-1.0 size=N/A time=00:01:31.60 bitrate=N/A speed=2.13x    
frame= 2302 fps= 53 q=-1.0 size=N/A time=00:01:31.60 bitrate=N/A speed= 2.1x    
frame= 2339 fps= 53 q=-1.0 size=N/A time=00:01:33.03 bitrate=N/A speed=2.11x    
frame= 2447 fps= 55 q=-1.0 size=N/A time=00:01:37.57 bitrate=N/A speed=2.19x    
[hls @ 0x7ba27f2b7780] Opening '/cache/transcodes/71b970719956b88c6d8a9e6928677cdd16.mp4' for writing
frame= 2465 fps= 55 q=-1.0 size=N/A time=00:01:38.32 bitrate=N/A speed=2.18x    
frame= 2465 fps= 54 q=-1.0 size=N/A time=00:01:38.32 bitrate=N/A speed=2.16x    

[q] command received. Exiting.

[mp4 @ 0x7ba249ceb000] Packet duration: -16 / dts: 4927448 is out of range
[hls @ 0x7ba27f2b7780] Opening '/cache/transcodes/71b970719956b88c6d8a9e6928677cdd17.mp4' for writing
[out#0/hls @ 0x7ba27f281940] video:599389KiB audio:3220KiB subtitle:0KiB other streams:0KiB global headers:1KiB muxing overhead: unknown
frame= 2469 fps= 53 q=-1.0 Lsize=N/A time=00:01:38.49 bitrate=N/A speed=2.11x    