[2026-01-18 14:24:45.085 +00:00] [INF] [59] Emby.Server.Implementations.HttpServer.WebSocketManager: WS "172.18.0.1" request
[2026-01-18 14:25:20.334 +00:00] [INF] [60] Emby.Server.Implementations.HttpServer.WebSocketManager: WS "172.18.0.1" request
[2026-01-18 14:25:22.104 +00:00] [INF] [60] Emby.Server.Implementations.HttpServer.WebSocketManager: WS "172.18.0.1" closed
[2026-01-18 14:28:33.547 +00:00] [INF] [43] Emby.Server.Implementations.Session.SessionWebSocketListener: Sending ForceKeepAlive message to 1 inactive WebSockets.
[2026-01-18 14:32:21.515 +00:00] [INF] [39] Emby.Server.Implementations.Session.SessionWebSocketListener: Sending ForceKeepAlive message to 1 inactive WebSockets.
[2026-01-18 14:36:57.479 +00:00] [INF] [38] Emby.Server.Implementations.Session.SessionWebSocketListener: Sending ForceKeepAlive message to 1 inactive WebSockets.
[2026-01-18 14:40:45.443 +00:00] [INF] [34] Emby.Server.Implementations.Session.SessionWebSocketListener: Sending ForceKeepAlive message to 1 inactive WebSockets.
[2026-01-18 14:44:33.410 +00:00] [INF] [52] Emby.Server.Implementations.Session.SessionWebSocketListener: Sending ForceKeepAlive message to 1 inactive WebSockets.
[2026-01-18 14:48:21.378 +00:00] [INF] [9] Emby.Server.Implementations.Session.SessionWebSocketListener: Sending ForceKeepAlive message to 1 inactive WebSockets.
[2026-01-18 14:52:45.323 +00:00] [INF] [47] Emby.Server.Implementations.Session.SessionWebSocketListener: Sending ForceKeepAlive message to 1 inactive WebSockets.
[2026-01-18 14:55:52.003 +00:00] [WRN] [24] Microsoft.EntityFrameworkCore.Query: The query uses a row limiting operator ('Skip'/'Take') without an 'OrderBy' operator. This may lead to unpredictable results. If the 'Distinct' operator is used after 'OrderBy', then make sure to use the 'OrderBy' operator after 'Distinct' as the ordering would otherwise get erased.
[2026-01-18 14:56:43.705 +00:00] [WRN] [17] Microsoft.EntityFrameworkCore.Query: Compiling a query which loads related collections for more than one collection navigation, either via 'Include' or through projection, but no 'QuerySplittingBehavior' has been configured. By default, Entity Framework will use 'QuerySplittingBehavior.SingleQuery', which can potentially result in slow query performance. See https://go.microsoft.com/fwlink/?linkid=2134277 for more information. To identify the query that's triggering this warning call 'ConfigureWarnings(w => w.Throw(RelationalEventId.MultipleCollectionIncludeWarning))'.
[2026-01-18 14:58:25.759 +00:00] [INF] [56] Jellyfin.Server.Implementations.Users.UserManager: Authentication request for "Fleur" has succeeded.
[2026-01-18 14:58:25.764 +00:00] [INF] [56] Emby.Server.Implementations.Session.SessionManager: Current/Max sessions for user "Fleur": 0/0
[2026-01-18 14:58:25.768 +00:00] [INF] [56] Emby.Server.Implementations.Session.SessionManager: Creating new access token for user 29285829-b145-4181-b1f2-7a1c9e89453b
[2026-01-18 14:58:26.288 +00:00] [INF] [27] Emby.Server.Implementations.HttpServer.WebSocketManager: WS "172.18.0.1" request
[2026-01-18 14:58:35.480 +00:00] [INF] [47] Emby.Server.Implementations.HttpServer.WebSocketManager: WS "172.18.0.1" closed
[2026-01-18 15:01:57.230 +00:00] [INF] [36] Emby.Server.Implementations.Session.SessionWebSocketListener: Sending ForceKeepAlive message to 1 inactive WebSockets.
[2026-01-18 15:05:45.194 +00:00] [INF] [58] Emby.Server.Implementations.Session.SessionWebSocketListener: Sending ForceKeepAlive message to 1 inactive WebSockets.
[2026-01-18 15:09:33.161 +00:00] [INF] [58] Emby.Server.Implementations.Session.SessionWebSocketListener: Sending ForceKeepAlive message to 1 inactive WebSockets.
[2026-01-18 15:13:21.134 +00:00] [INF] [48] Emby.Server.Implementations.Session.SessionWebSocketListener: Sending ForceKeepAlive message to 1 inactive WebSockets.
[2026-01-18 15:17:57.097 +00:00] [INF] [38] Emby.Server.Implementations.Session.SessionWebSocketListener: Sending ForceKeepAlive message to 1 inactive WebSockets.
[2026-01-18 15:21:45.068 +00:00] [INF] [51] Emby.Server.Implementations.Session.SessionWebSocketListener: Sending ForceKeepAlive message to 1 inactive WebSockets.
[2026-01-18 15:25:33.043 +00:00] [INF] [7] Emby.Server.Implementations.Session.SessionWebSocketListener: Sending ForceKeepAlive message to 1 inactive WebSockets.
[2026-01-18 15:29:57.010 +00:00] [INF] [61] Emby.Server.Implementations.Session.SessionWebSocketListener: Sending ForceKeepAlive message to 1 inactive WebSockets.
[2026-01-18 15:33:44.988 +00:00] [INF] [42] Emby.Server.Implementations.Session.SessionWebSocketListener: Sending ForceKeepAlive message to 1 inactive WebSockets.
[2026-01-18 15:37:32.961 +00:00] [INF] [28] Emby.Server.Implementations.Session.SessionWebSocketListener: Sending ForceKeepAlive message to 1 inactive WebSockets.
[2026-01-18 15:40:00.416 +00:00] [WRN] [45] Emby.Server.Implementations.HttpServer.WebSocketConnection: WS "172.18.0.1" error receiving data: "The remote party closed the WebSocket connection without completing the close handshake."
[2026-01-18 15:40:00.537 +00:00] [INF] [45] Emby.Server.Implementations.HttpServer.WebSocketManager: WS "172.18.0.1" closed
[2026-01-18 17:00:09.741 +00:00] [INF] [45] Emby.Server.Implementations.HttpServer.WebSocketManager: WS "172.18.0.1" request
[2026-01-18 17:03:57.899 +00:00] [INF] [45] Emby.Server.Implementations.Session.SessionWebSocketListener: Sending ForceKeepAlive message to 1 inactive WebSockets.
[2026-01-18 17:07:45.880 +00:00] [INF] [48] Emby.Server.Implementations.Session.SessionWebSocketListener: Sending ForceKeepAlive message to 1 inactive WebSockets.
[2026-01-18 17:08:34.876 +00:00] [INF] [41] Emby.Server.Implementations.HttpServer.WebSocketManager: WS "172.18.0.1" request
[2026-01-18 17:08:41.163 +00:00] [INF] [43] Emby.Server.Implementations.HttpServer.WebSocketManager: WS "172.18.0.1" closed
[2026-01-18 17:11:33.861 +00:00] [INF] [28] Emby.Server.Implementations.Session.SessionWebSocketListener: Sending ForceKeepAlive message to 1 inactive WebSockets.
[2026-01-18 17:15:21.841 +00:00] [INF] [58] Emby.Server.Implementations.Session.SessionWebSocketListener: Sending ForceKeepAlive message to 1 inactive WebSockets.
[2026-01-18 17:19:57.818 +00:00] [INF] [21] Emby.Server.Implementations.Session.SessionWebSocketListener: Sending ForceKeepAlive message to 1 inactive WebSockets.
[2026-01-18 17:24:57.789 +00:00] [INF] [30] Emby.Server.Implementations.Session.SessionWebSocketListener: Sending ForceKeepAlive message to 1 inactive WebSockets.
[2026-01-18 17:28:45.770 +00:00] [INF] [57] Emby.Server.Implementations.Session.SessionWebSocketListener: Sending ForceKeepAlive message to 1 inactive WebSockets.
[2026-01-18 17:32:33.738 +00:00] [INF] [35] Emby.Server.Implementations.Session.SessionWebSocketListener: Sending ForceKeepAlive message to 1 inactive WebSockets.
[2026-01-18 17:36:21.715 +00:00] [INF] [33] Emby.Server.Implementations.Session.SessionWebSocketListener: Sending ForceKeepAlive message to 1 inactive WebSockets.
[2026-01-18 17:40:36.900 +00:00] [INF] [59] Emby.Server.Implementations.HttpServer.WebSocketManager: WS "172.18.0.1" closed
[2026-01-18 17:40:37.871 +00:00] [INF] [57] Emby.Server.Implementations.HttpServer.WebSocketManager: WS "172.18.0.1" request
[2026-01-18 17:44:25.915 +00:00] [INF] [22] Emby.Server.Implementations.Session.SessionWebSocketListener: Sending ForceKeepAlive message to 1 inactive WebSockets.
[2026-01-18 17:45:04.675 +00:00] [INF] [22] Emby.Server.Implementations.HttpServer.WebSocketManager: WS "172.18.0.1" closed
[2026-01-18 17:45:05.306 +00:00] [INF] [28] Emby.Server.Implementations.HttpServer.WebSocketManager: WS "172.18.0.1" request
[2026-01-18 17:45:28.670 +00:00] [INF] [63] Emby.Server.Implementations.HttpServer.WebSocketManager: WS "172.18.0.1" request
[2026-01-18 17:45:40.644 +00:00] [INF] [46] Emby.Server.Implementations.Library.LibraryManager: Validating media library
[2026-01-18 17:45:42.139 +00:00] [WRN] [46] MediaBrowser.Controller.Entities.BaseItem: Library folder "/config/data/playlists" is inaccessible or empty, skipping
[2026-01-18 17:45:44.628 +00:00] [WRN] [32] MediaBrowser.Controller.Entities.BaseItem: Library folder "/config/data/playlists" is inaccessible or empty, skipping
[2026-01-18 17:46:00.701 +00:00] [INF] [32] MediaBrowser.Providers.TV.SeriesMetadataService: Creating Season "Season Unknown" entry for "Hijack"
[2026-01-18 17:46:09.954 +00:00] [INF] [28] Emby.Server.Implementations.HttpServer.WebSocketManager: WS "172.18.0.1" request
[2026-01-18 17:46:55.188 +00:00] [INF] [35] MediaBrowser.Providers.TV.SeriesMetadataService: Removing virtual season null in series "Hijack"
[2026-01-18 17:46:55.191 +00:00] [INF] [35] Emby.Server.Implementations.Library.LibraryManager: Removing item, Type: "Season", Name: "Season Unknown", Path: "", Id: 8d07669c-5c54-c3e5-ec08-f39432e33e23
[2026-01-18 17:47:17.535 +00:00] [INF] [63] Jellyfin.Api.Helpers.MediaInfoHelper: User policy for "Jellyfinadm". EnablePlaybackRemuxing: True EnableVideoPlaybackTranscoding: True EnableAudioPlaybackTranscoding: True
[2026-01-18 17:47:20.278 +00:00] [INF] [54] MediaBrowser.MediaEncoding.Transcoding.TranscodeManager: "/usr/lib/jellyfin-ffmpeg/ffmpeg" "-analyzeduration 200M -probesize 1G -fflags +genpts  -i file:\"/data/Movies/The.Dark.Knight.2008.UHD.BluRay.2160p.DTS-HD.MA.5.1.HEVC.REMUX-FraMeSToR-AsRequested/ylKO9DAurhGDpn4G.mkv\" -map_metadata -1 -map_chapters -1 -threads 0 -map 0:0 -map 0:1 -map -0:s -codec:v:0 copy -tag:v:0 hvc1 -bsf:v hevc_mp4toannexb -start_at_zero -codec:a:0 libfdk_aac -ac 2 -ab 256000 -af \"volume=2\" -copyts -avoid_negative_ts disabled -max_muxing_queue_size 2048 -f hls -max_delay 5000000 -hls_time 6 -hls_segment_type fmp4 -hls_fmp4_init_filename \"71b970719956b88c6d8a9e6928677cdd-1.mp4\" -start_number 0 -hls_segment_filename \"/cache/transcodes/71b970719956b88c6d8a9e6928677cdd%d.mp4\" -hls_playlist_type vod -hls_list_size 0 -hls_segment_options movflags=+frag_discont -y \"/cache/transcodes/71b970719956b88c6d8a9e6928677cdd.m3u8\""
[2026-01-18 17:48:16.721 +00:00] [INF] [54] Emby.Server.Implementations.ScheduledTasks.TaskManager: "Scan Media Library" Completed after 2 minute(s) and 36 seconds
[2026-01-18 17:48:16.762 +00:00] [INF] [36] Emby.Server.Implementations.IO.LibraryMonitor: Watching directory "/data/Movies"
[2026-01-18 17:48:16.817 +00:00] [INF] [32] Emby.Server.Implementations.IO.LibraryMonitor: Watching directory "/data/Series"
[2026-01-18 17:48:31.698 +00:00] [INF] [63] MediaBrowser.Controller.MediaEncoding.TranscodingJob: Stopping ffmpeg process with q command for "/cache/transcodes/71b970719956b88c6d8a9e6928677cdd.m3u8"
[2026-01-18 17:48:32.796 +00:00] [INF] [63] MediaBrowser.MediaEncoding.Transcoding.TranscodeManager: FFmpeg exited with code 0
[2026-01-18 17:48:32.906 +00:00] [INF] [63] MediaBrowser.MediaEncoding.Transcoding.TranscodeManager: "/usr/lib/jellyfin-ffmpeg/ffmpeg" "-analyzeduration 200M -probesize 1G -ss 00:13:06.827 -noaccurate_seek -fflags +genpts  -i file:\"/data/Movies/The.Dark.Knight.2008.UHD.BluRay.2160p.DTS-HD.MA.5.1.HEVC.REMUX-FraMeSToR-AsRequested/ylKO9DAurhGDpn4G.mkv\" -map_metadata -1 -map_chapters -1 -threads 0 -map 0:0 -map 0:1 -map -0:s -codec:v:0 copy -tag:v:0 hvc1 -bsf:v hevc_mp4toannexb -start_at_zero -codec:a:0 libfdk_aac -ac 2 -ab 256000 -af \"volume=2\" -copyts -avoid_negative_ts disabled -max_muxing_queue_size 2048 -f hls -max_delay 5000000 -hls_time 6 -hls_segment_type fmp4 -hls_fmp4_init_filename \"71b970719956b88c6d8a9e6928677cdd-1.mp4\" -start_number 131 -hls_segment_filename \"/cache/transcodes/71b970719956b88c6d8a9e6928677cdd%d.mp4\" -hls_playlist_type vod -hls_list_size 0 -hls_segment_options movflags=+frag_discont -y \"/cache/transcodes/71b970719956b88c6d8a9e6928677cdd.m3u8\""
[2026-01-18 17:48:53.703 +00:00] [INF] [35] Emby.Server.Implementations.Session.SessionWebSocketListener: Sending ForceKeepAlive message to 1 inactive WebSockets.
[2026-01-18 17:49:17.695 +00:00] [INF] [19] Emby.Server.Implementations.Session.SessionWebSocketListener: Sending ForceKeepAlive message to 1 inactive WebSockets.
[2026-01-18 17:51:30.482 +00:00] [INF] [22] MediaBrowser.MediaEncoding.Transcoding.TranscodeManager: Transcoding kill timer stopped for JobId "d900954fc1e14288898c4ccd08dfb1a1" PlaySessionId "ad470ff17e224895879ac99c15728a94". Killing transcoding
[2026-01-18 17:51:30.483 +00:00] [INF] [22] MediaBrowser.Controller.MediaEncoding.TranscodingJob: Stopping ffmpeg process with q command for "/cache/transcodes/71b970719956b88c6d8a9e6928677cdd.m3u8"
[2026-01-18 17:51:33.537 +00:00] [INF] [22] MediaBrowser.MediaEncoding.Transcoding.TranscodeManager: FFmpeg exited with code 0
[2026-01-18 17:51:33.557 +00:00] [INF] [22] MediaBrowser.MediaEncoding.Transcoding.TranscodeManager: Deleting partial stream file(s) "/cache/transcodes/71b970719956b88c6d8a9e6928677cdd.m3u8"
[2026-01-18 17:51:53.680 +00:00] [INF] [22] Emby.Server.Implementations.Session.SessionWebSocketListener: Sending ForceKeepAlive message to 1 inactive WebSockets.
[2026-01-18 17:52:41.674 +00:00] [INF] [45] Emby.Server.Implementations.Session.SessionWebSocketListener: Sending ForceKeepAlive message to 1 inactive WebSockets.
[2026-01-18 17:55:41.654 +00:00] [INF] [19] Emby.Server.Implementations.Session.SessionWebSocketListener: Sending ForceKeepAlive message to 1 inactive WebSockets.
[2026-01-18 17:56:29.650 +00:00] [INF] [20] Emby.Server.Implementations.Session.SessionWebSocketListener: Sending ForceKeepAlive message to 1 inactive WebSockets.
[2026-01-18 17:56:31.747 +00:00] [WRN] [20] Emby.Server.Implementations.HttpServer.WebSocketConnection: WS "172.18.0.1" error receiving data: "The remote party closed the WebSocket connection without completing the close handshake."
[2026-01-18 17:56:31.748 +00:00] [INF] [20] Emby.Server.Implementations.HttpServer.WebSocketManager: WS "172.18.0.1" closed
[2026-01-18 17:56:31.790 +00:00] [WRN] [19] Emby.Server.Implementations.HttpServer.WebSocketConnection: WS "172.18.0.1" error receiving data: "The remote party closed the WebSocket connection without completing the close handshake."
[2026-01-18 17:56:31.914 +00:00] [INF] [19] Emby.Server.Implementations.HttpServer.WebSocketManager: WS "172.18.0.1" closed
[2026-01-18 17:57:55.398 +00:00] [INF] [47] Jellyfin.Server.Implementations.Users.UserManager: Authentication request for "George" has succeeded.
[2026-01-18 17:57:55.399 +00:00] [INF] [47] Emby.Server.Implementations.Session.SessionManager: Current/Max sessions for user "George": 0/0
[2026-01-18 17:57:55.399 +00:00] [INF] [47] Emby.Server.Implementations.Session.SessionManager: Creating new access token for user e4967d48-68be-4cd5-ad79-fe6f969d30bd
[2026-01-18 17:57:55.549 +00:00] [INF] [47] Emby.Server.Implementations.HttpServer.WebSocketManager: WS "172.18.0.1" request
[2026-01-18 17:59:21.905 +00:00] [WRN] [53] Emby.Server.Implementations.HttpServer.WebSocketConnection: WS "172.18.0.1" error receiving data: "The remote party closed the WebSocket connection without completing the close handshake."
[2026-01-18 17:59:21.917 +00:00] [INF] [53] Emby.Server.Implementations.HttpServer.WebSocketManager: WS "172.18.0.1" closed
[2026-01-18 18:00:48.994 +00:00] [INF] [57] Jellyfin.Server.Implementations.Users.UserManager: Authentication request for "George" has succeeded.
[2026-01-18 18:00:48.995 +00:00] [INF] [57] Emby.Server.Implementations.Session.SessionManager: Current/Max sessions for user "George": 0/0
[2026-01-18 18:00:48.995 +00:00] [INF] [57] Emby.Server.Implementations.Session.SessionManager: Creating new access token for user e4967d48-68be-4cd5-ad79-fe6f969d30bd
[2026-01-18 18:00:49.108 +00:00] [INF] [57] Emby.Server.Implementations.HttpServer.WebSocketManager: WS "172.18.0.1" request
[2026-01-18 18:01:12.299 +00:00] [INF] [40] Jellyfin.Api.Helpers.MediaInfoHelper: User policy for "George". EnablePlaybackRemuxing: True EnableVideoPlaybackTranscoding: True EnableAudioPlaybackTranscoding: True
[2026-01-18 18:01:14.297 +00:00] [INF] [40] MediaBrowser.MediaEncoding.Transcoding.TranscodeManager: "/usr/lib/jellyfin-ffmpeg/ffmpeg" "-analyzeduration 200M -probesize 1G -fflags +genpts  -i file:\"/data/Movies/The.Dark.Knight.2008.UHD.BluRay.2160p.DTS-HD.MA.5.1.HEVC.REMUX-FraMeSToR-AsRequested/ylKO9DAurhGDpn4G.mkv\" -map_metadata -1 -map_chapters -1 -threads 0 -map 0:0 -map 0:1 -map -0:s -codec:v:0 copy -tag:v:0 hvc1 -bsf:v hevc_mp4toannexb -start_at_zero -codec:a:0 libfdk_aac -ac 6 -ab 640000 -copyts -avoid_negative_ts disabled -max_muxing_queue_size 2048 -f hls -max_delay 5000000 -hls_time 6 -hls_segment_type mpegts -start_number 0 -hls_segment_filename \"/cache/transcodes/e3511e3153954f6e02f0701f4311c030%d.ts\" -hls_playlist_type vod -hls_list_size 0 -y \"/cache/transcodes/e3511e3153954f6e02f0701f4311c030.m3u8\""
[2026-01-18 18:03:53.370 +00:00] [INF] [7] Jellyfin.Server.Implementations.Users.UserManager: Authentication request for "Jellyfinadm" has succeeded.
[2026-01-18 18:03:53.370 +00:00] [INF] [7] Emby.Server.Implementations.Session.SessionManager: Current/Max sessions for user "Jellyfinadm": 1/0
[2026-01-18 18:03:53.375 +00:00] [INF] [7] Emby.Server.Implementations.Session.SessionManager: Logging out access token "507e1a80a61f44228f05192b17c380ae"
[2026-01-18 18:03:53.433 +00:00] [INF] [7] Emby.Server.Implementations.Session.SessionManager: Creating new access token for user 9aa87528-4631-4cb2-99a6-a5a28d725975
[2026-01-18 18:05:29.597 +00:00] [INF] [47] Emby.Server.Implementations.Session.SessionWebSocketListener: Sending ForceKeepAlive message to 1 inactive WebSockets.
[2026-01-18 18:05:31.159 +00:00] [INF] [47] Jellyfin.Server.Implementations.Users.UserManager: Authentication request for "George" has succeeded.
[2026-01-18 18:05:31.160 +00:00] [INF] [47] Emby.Server.Implementations.Session.SessionManager: Current/Max sessions for user "George": 1/0
[2026-01-18 18:05:31.160 +00:00] [INF] [47] Emby.Server.Implementations.Session.SessionManager: Creating new access token for user e4967d48-68be-4cd5-ad79-fe6f969d30bd
[2026-01-18 18:05:31.209 +00:00] [INF] [40] Emby.Server.Implementations.HttpServer.WebSocketManager: WS "172.18.0.1" request
[2026-01-18 18:05:59.515 +00:00] [INF] [27] Jellyfin.Api.Helpers.MediaInfoHelper: User policy for "George". EnablePlaybackRemuxing: True EnableVideoPlaybackTranscoding: True EnableAudioPlaybackTranscoding: True
[2026-01-18 18:06:00.370 +00:00] [INF] [27] MediaBrowser.MediaEncoding.Transcoding.TranscodeManager: "/usr/lib/jellyfin-ffmpeg/ffmpeg" "-analyzeduration 200M -probesize 1G -fflags +genpts  -i file:\"/data/Series/Hijack/Season 1/Hijack.2023.S01E01.Final.Call.2160p.ATVP.WEB-DL.DDP5.1.H.265-NTb.mkv\" -map_metadata -1 -map_chapters -1 -threads 0 -map 0:0 -map 0:1 -map -0:s -codec:v:0 copy -tag:v:0 hvc1 -bsf:v hevc_mp4toannexb -start_at_zero -codec:a:0 libfdk_aac -ac 2 -ab 256000 -af \"volume=2\" -copyts -avoid_negative_ts disabled -max_muxing_queue_size 2048 -f hls -max_delay 5000000 -hls_time 6 -hls_segment_type fmp4 -hls_fmp4_init_filename \"a3b8de3813049a21d3481e7248d1c62f-1.mp4\" -start_number 0 -hls_segment_filename \"/cache/transcodes/a3b8de3813049a21d3481e7248d1c62f%d.mp4\" -hls_playlist_type vod -hls_list_size 0 -hls_segment_options movflags=+frag_discont -y \"/cache/transcodes/a3b8de3813049a21d3481e7248d1c62f.m3u8\""
[2026-01-18 18:06:03.121 +00:00] [INF] [47] MediaBrowser.MediaEncoding.Subtitles.SubtitleEncoder: "/usr/lib/jellyfin-ffmpeg/ffmpeg" "-i file:\"/data/Series/Hijack/Season 1/Hijack.2023.S01E01.Final.Call.2160p.ATVP.WEB-DL.DDP5.1.H.265-NTb.mkv\" -copyts -map 0:2 -an -vn -c:s copy \"/config/data/subtitles/3c/3c508b89-27e3-7219-d801-dd8ec4b13643/2.srt\" -map 0:3 -an -vn -c:s copy \"/config/data/subtitles/3c/3c508b89-27e3-7219-d801-dd8ec4b13643/3.srt\" -map 0:4 -an -vn -c:s copy \"/config/data/subtitles/3c/3c508b89-27e3-7219-d801-dd8ec4b13643/4.srt\" -map 0:5 -an -vn -c:s copy \"/config/data/subtitles/3c/3c508b89-27e3-7219-d801-dd8ec4b13643/5.srt\" -map 0:6 -an -vn -c:s copy \"/config/data/subtitles/3c/3c508b89-27e3-7219-d801-dd8ec4b13643/6.srt\" -map 0:7 -an -vn -c:s copy \"/config/data/subtitles/3c/3c508b89-27e3-7219-d801-dd8ec4b13643/7.srt\" -map 0:8 -an -vn -c:s copy \"/config/data/subtitles/3c/3c508b89-27e3-7219-d801-dd8ec4b13643/8.srt\" -map 0:9 -an -vn -c:s copy \"/config/data/subtitles/3c/3c508b89-27e3-7219-d801-dd8ec4b13643/9.srt\" -map 0:10 -an -vn -c:s copy \"/config/data/subtitles/3c/3c508b89-27e3-7219-d801-dd8ec4b13643/10.srt\" -map 0:11 -an -vn -c:s copy \"/config/data/subtitles/3c/3c508b89-27e3-7219-d801-dd8ec4b13643/11.srt\" -map 0:12 -an -vn -c:s copy \"/config/data/subtitles/3c/3c508b89-27e3-7219-d801-dd8ec4b13643/12.srt\" -map 0:13 -an -vn -c:s copy \"/config/data/subtitles/3c/3c508b89-27e3-7219-d801-dd8ec4b13643/13.srt\" -map 0:14 -an -vn -c:s copy \"/config/data/subtitles/3c/3c508b89-27e3-7219-d801-dd8ec4b13643/14.srt\" -map 0:15 -an -vn -c:s copy \"/config/data/subtitles/3c/3c508b89-27e3-7219-d801-dd8ec4b13643/15.srt\" -map 0:16 -an -vn -c:s copy \"/config/data/subtitles/3c/3c508b89-27e3-7219-d801-dd8ec4b13643/16.srt\" -map 0:17 -an -vn -c:s copy \"/config/data/subtitles/3c/3c508b89-27e3-7219-d801-dd8ec4b13643/17.srt\" -map 0:18 -an -vn -c:s copy \"/config/data/subtitles/3c/3c508b89-27e3-7219-d801-dd8ec4b13643/18.srt\" -map 0:19 -an -vn -c:s copy \"/config/data/subtitles/3c/3c508b89-27e3-7219-d801-dd8ec4b13643/19.srt\" -map 0:20 -an -vn -c:s copy \"/config/data/subtitles/3c/3c508b89-27e3-7219-d801-dd8ec4b13643/20.srt\" -map 0:21 -an -vn -c:s copy \"/config/data/subtitles/3c/3c508b89-27e3-7219-d801-dd8ec4b13643/21.srt\" -map 0:22 -an -vn -c:s copy \"/config/data/subtitles/3c/3c508b89-27e3-7219-d801-dd8ec4b13643/22.srt\" -map 0:23 -an -vn -c:s copy \"/config/data/subtitles/3c/3c508b89-27e3-7219-d801-dd8ec4b13643/23.srt\" -map 0:24 -an -vn -c:s copy \"/config/data/subtitles/3c/3c508b89-27e3-7219-d801-dd8ec4b13643/24.srt\" -map 0:25 -an -vn -c:s copy \"/config/data/subtitles/3c/3c508b89-27e3-7219-d801-dd8ec4b13643/25.srt\" -map 0:26 -an -vn -c:s copy \"/config/data/subtitles/3c/3c508b89-27e3-7219-d801-dd8ec4b13643/26.srt\" -map 0:27 -an -vn -c:s copy \"/config/data/subtitles/3c/3c508b89-27e3-7219-d801-dd8ec4b13643/27.srt\" -map 0:28 -an -vn -c:s copy \"/config/data/subtitles/3c/3c508b89-27e3-7219-d801-dd8ec4b13643/28.srt\" -map 0:29 -an -vn -c:s copy \"/config/data/subtitles/3c/3c508b89-27e3-7219-d801-dd8ec4b13643/29.srt\" -map 0:30 -an -vn -c:s copy \"/config/data/subtitles/3c/3c508b89-27e3-7219-d801-dd8ec4b13643/30.srt\" -map 0:31 -an -vn -c:s copy \"/config/data/subtitles/3c/3c508b89-27e3-7219-d801-dd8ec4b13643/31.srt\" -map 0:32 -an -vn -c:s copy \"/config/data/subtitles/3c/3c508b89-27e3-7219-d801-dd8ec4b13643/32.srt\" -map 0:33 -an -vn -c:s copy \"/config/data/subtitles/3c/3c508b89-27e3-7219-d801-dd8ec4b13643/33.srt\" -map 0:34 -an -vn -c:s copy \"/config/data/subtitles/3c/3c508b89-27e3-7219-d801-dd8ec4b13643/34.srt\" -map 0:35 -an -vn -c:s copy \"/config/data/subtitles/3c/3c508b89-27e3-7219-d801-dd8ec4b13643/35.srt\" -map 0:36 -an -vn -c:s copy \"/config/data/subtitles/3c/3c508b89-27e3-7219-d801-dd8ec4b13643/36.srt\" -map 0:37 -an -vn -c:s copy \"/config/data/subtitles/3c/3c508b89-27e3-7219-d801-dd8ec4b13643/37.srt\" -map 0:38 -an -vn -c:s copy \"/config/data/subtitles/3c/3c508b89-27e3-7219-d801-dd8ec4b13643/38.srt\" -map 0:39 -an -vn -c:s copy \"/config/data/subtitles/3c/3c508b89-27e3-7219-d801-dd8ec4b13643/39.srt\" -map 0:40 -an -vn -c:s copy \"/config/data/subtitles/3c/3c508b89-27e3-7219-d801-dd8ec4b13643/40.srt\" -map 0:41 -an -vn -c:s copy \"/config/data/subtitles/3c/3c508b89-27e3-7219-d801-dd8ec4b13643/41.srt\" -map 0:42 -an -vn -c:s copy \"/config/data/subtitles/3c/3c508b89-27e3-7219-d801-dd8ec4b13643/42.srt\" -map 0:43 -an -vn -c:s copy \"/config/data/subtitles/3c/3c508b89-27e3-7219-d801-dd8ec4b13643/43.srt\" -map 0:44 -an -vn -c:s copy \"/config/data/subtitles/3c/3c508b89-27e3-7219-d801-dd8ec4b13643/44.srt\""
[2026-01-18 18:09:17.576 +00:00] [INF] [7] Emby.Server.Implementations.Session.SessionWebSocketListener: Sending ForceKeepAlive message to 1 inactive WebSockets.
[2026-01-18 18:09:53.576 +00:00] [INF] [25] Emby.Server.Implementations.Session.SessionWebSocketListener: Sending ForceKeepAlive message to 1 inactive WebSockets.
[2026-01-18 18:10:03.473 +00:00] [INF] [40] MediaBrowser.MediaEncoding.Transcoding.TranscodeManager: Transcoding kill timer stopped for JobId "f66118b09dc3470587ff0e7cb3223709" PlaySessionId "16c90665c62e4734b982a5a28d5a49cc". Killing transcoding
[2026-01-18 18:10:03.473 +00:00] [INF] [40] MediaBrowser.Controller.MediaEncoding.TranscodingJob: Stopping ffmpeg process with q command for "/cache/transcodes/a3b8de3813049a21d3481e7248d1c62f.m3u8"
[2026-01-18 18:10:03.908 +00:00] [INF] [40] MediaBrowser.MediaEncoding.Transcoding.TranscodeManager: FFmpeg exited with code 0
[2026-01-18 18:10:03.908 +00:00] [INF] [40] MediaBrowser.MediaEncoding.Transcoding.TranscodeManager: Deleting partial stream file(s) "/cache/transcodes/a3b8de3813049a21d3481e7248d1c62f.m3u8"
[2026-01-18 18:10:43.319 +00:00] [INF] [40] MediaBrowser.MediaEncoding.Subtitles.SubtitleEncoder: ffmpeg subtitle extraction completed for "file:\"/data/Series/Hijack/Season 1/Hijack.2023.S01E01.Final.Call.2160p.ATVP.WEB-DL.DDP5.1.H.265-NTb.mkv\"" to "/config/data/subtitles/3c/3c508b89-27e3-7219-d801-dd8ec4b13643/2.srt"
[2026-01-18 18:10:43.331 +00:00] [INF] [40] MediaBrowser.MediaEncoding.Subtitles.SubtitleEncoder: ffmpeg subtitle extraction completed for "file:\"/data/Series/Hijack/Season 1/Hijack.2023.S01E01.Final.Call.2160p.ATVP.WEB-DL.DDP5.1.H.265-NTb.mkv\"" to "/config/data/subtitles/3c/3c508b89-27e3-7219-d801-dd8ec4b13643/3.srt"
[2026-01-18 18:10:43.345 +00:00] [INF] [40] MediaBrowser.MediaEncoding.Subtitles.SubtitleEncoder: ffmpeg subtitle extraction completed for "file:\"/data/Series/Hijack/Season 1/Hijack.2023.S01E01.Final.Call.2160p.ATVP.WEB-DL.DDP5.1.H.265-NTb.mkv\"" to "/config/data/subtitles/3c/3c508b89-27e3-7219-d801-dd8ec4b13643/4.srt"
[2026-01-18 18:10:43.356 +00:00] [INF] [40] MediaBrowser.MediaEncoding.Subtitles.SubtitleEncoder: ffmpeg subtitle extraction completed for "file:\"/data/Series/Hijack/Season 1/Hijack.2023.S01E01.Final.Call.2160p.ATVP.WEB-DL.DDP5.1.H.265-NTb.mkv\"" to "/config/data/subtitles/3c/3c508b89-27e3-7219-d801-dd8ec4b13643/5.srt"
[2026-01-18 18:10:43.368 +00:00] [INF] [40] MediaBrowser.MediaEncoding.Subtitles.SubtitleEncoder: ffmpeg subtitle extraction completed for "file:\"/data/Series/Hijack/Season 1/Hijack.2023.S01E01.Final.Call.2160p.ATVP.WEB-DL.DDP5.1.H.265-NTb.mkv\"" to "/config/data/subtitles/3c/3c508b89-27e3-7219-d801-dd8ec4b13643/6.srt"
[2026-01-18 18:10:43.382 +00:00] [INF] [40] MediaBrowser.MediaEncoding.Subtitles.SubtitleEncoder: ffmpeg subtitle extraction completed for "file:\"/data/Series/Hijack/Season 1/Hijack.2023.S01E01.Final.Call.2160p.ATVP.WEB-DL.DDP5.1.H.265-NTb.mkv\"" to "/config/data/subtitles/3c/3c508b89-27e3-7219-d801-dd8ec4b13643/7.srt"
[2026-01-18 18:10:43.394 +00:00] [INF] [40] MediaBrowser.MediaEncoding.Subtitles.SubtitleEncoder: ffmpeg subtitle extraction completed for "file:\"/data/Series/Hijack/Season 1/Hijack.2023.S01E01.Final.Call.2160p.ATVP.WEB-DL.DDP5.1.H.265-NTb.mkv\"" to "/config/data/subtitles/3c/3c508b89-27e3-7219-d801-dd8ec4b13643/8.srt"
[2026-01-18 18:10:43.403 +00:00] [INF] [40] MediaBrowser.MediaEncoding.Subtitles.SubtitleEncoder: ffmpeg subtitle extraction completed for "file:\"/data/Series/Hijack/Season 1/Hijack.2023.S01E01.Final.Call.2160p.ATVP.WEB-DL.DDP5.1.H.265-NTb.mkv\"" to "/config/data/subtitles/3c/3c508b89-27e3-7219-d801-dd8ec4b13643/9.srt"
[2026-01-18 18:10:43.411 +00:00] [INF] [40] MediaBrowser.MediaEncoding.Subtitles.SubtitleEncoder: ffmpeg subtitle extraction completed for "file:\"/data/Series/Hijack/Season 1/Hijack.2023.S01E01.Final.Call.2160p.ATVP.WEB-DL.DDP5.1.H.265-NTb.mkv\"" to "/config/data/subtitles/3c/3c508b89-27e3-7219-d801-dd8ec4b13643/10.srt"
[2026-01-18 18:10:43.422 +00:00] [INF] [40] MediaBrowser.MediaEncoding.Subtitles.SubtitleEncoder: ffmpeg subtitle extraction completed for "file:\"/data/Series/Hijack/Season 1/Hijack.2023.S01E01.Final.Call.2160p.ATVP.WEB-DL.DDP5.1.H.265-NTb.mkv\"" to "/config/data/subtitles/3c/3c508b89-27e3-7219-d801-dd8ec4b13643/11.srt"
[2026-01-18 18:10:43.434 +00:00] [INF] [40] MediaBrowser.MediaEncoding.Subtitles.SubtitleEncoder: ffmpeg subtitle extraction completed for "file:\"/data/Series/Hijack/Season 1/Hijack.2023.S01E01.Final.Call.2160p.ATVP.WEB-DL.DDP5.1.H.265-NTb.mkv\"" to "/config/data/subtitles/3c/3c508b89-27e3-7219-d801-dd8ec4b13643/12.srt"
[2026-01-18 18:10:43.443 +00:00] [INF] [40] MediaBrowser.MediaEncoding.Subtitles.SubtitleEncoder: ffmpeg subtitle extraction completed for "file:\"/data/Series/Hijack/Season 1/Hijack.2023.S01E01.Final.Call.2160p.ATVP.WEB-DL.DDP5.1.H.265-NTb.mkv\"" to "/config/data/subtitles/3c/3c508b89-27e3-7219-d801-dd8ec4b13643/13.srt"
[2026-01-18 18:10:43.455 +00:00] [INF] [40] MediaBrowser.MediaEncoding.Subtitles.SubtitleEncoder: ffmpeg subtitle extraction completed for "file:\"/data/Series/Hijack/Season 1/Hijack.2023.S01E01.Final.Call.2160p.ATVP.WEB-DL.DDP5.1.H.265-NTb.mkv\"" to "/config/data/subtitles/3c/3c508b89-27e3-7219-d801-dd8ec4b13643/14.srt"
[2026-01-18 18:10:43.463 +00:00] [INF] [40] MediaBrowser.MediaEncoding.Subtitles.SubtitleEncoder: ffmpeg subtitle extraction completed for "file:\"/data/Series/Hijack/Season 1/Hijack.2023.S01E01.Final.Call.2160p.ATVP.WEB-DL.DDP5.1.H.265-NTb.mkv\"" to "/config/data/subtitles/3c/3c508b89-27e3-7219-d801-dd8ec4b13643/15.srt"
[2026-01-18 18:10:43.472 +00:00] [INF] [40] MediaBrowser.MediaEncoding.Subtitles.SubtitleEncoder: ffmpeg subtitle extraction completed for "file:\"/data/Series/Hijack/Season 1/Hijack.2023.S01E01.Final.Call.2160p.ATVP.WEB-DL.DDP5.1.H.265-NTb.mkv\"" to "/config/data/subtitles/3c/3c508b89-27e3-7219-d801-dd8ec4b13643/16.srt"
[2026-01-18 18:10:43.478 +00:00] [INF] [40] MediaBrowser.MediaEncoding.Subtitles.SubtitleEncoder: ffmpeg subtitle extraction completed for "file:\"/data/Series/Hijack/Season 1/Hijack.2023.S01E01.Final.Call.2160p.ATVP.WEB-DL.DDP5.1.H.265-NTb.mkv\"" to "/config/data/subtitles/3c/3c508b89-27e3-7219-d801-dd8ec4b13643/17.srt"
[2026-01-18 18:10:43.485 +00:00] [INF] [40] MediaBrowser.MediaEncoding.Subtitles.SubtitleEncoder: ffmpeg subtitle extraction completed for "file:\"/data/Series/Hijack/Season 1/Hijack.2023.S01E01.Final.Call.2160p.ATVP.WEB-DL.DDP5.1.H.265-NTb.mkv\"" to "/config/data/subtitles/3c/3c508b89-27e3-7219-d801-dd8ec4b13643/18.srt"
[2026-01-18 18:10:43.492 +00:00] [INF] [40] MediaBrowser.MediaEncoding.Subtitles.SubtitleEncoder: ffmpeg subtitle extraction completed for "file:\"/data/Series/Hijack/Season 1/Hijack.2023.S01E01.Final.Call.2160p.ATVP.WEB-DL.DDP5.1.H.265-NTb.mkv\"" to "/config/data/subtitles/3c/3c508b89-27e3-7219-d801-dd8ec4b13643/19.srt"
[2026-01-18 18:10:43.500 +00:00] [INF] [40] MediaBrowser.MediaEncoding.Subtitles.SubtitleEncoder: ffmpeg subtitle extraction completed for "file:\"/data/Series/Hijack/Season 1/Hijack.2023.S01E01.Final.Call.2160p.ATVP.WEB-DL.DDP5.1.H.265-NTb.mkv\"" to "/config/data/subtitles/3c/3c508b89-27e3-7219-d801-dd8ec4b13643/20.srt"
[2026-01-18 18:10:43.507 +00:00] [INF] [40] MediaBrowser.MediaEncoding.Subtitles.SubtitleEncoder: ffmpeg subtitle extraction completed for "file:\"/data/Series/Hijack/Season 1/Hijack.2023.S01E01.Final.Call.2160p.ATVP.WEB-DL.DDP5.1.H.265-NTb.mkv\"" to "/config/data/subtitles/3c/3c508b89-27e3-7219-d801-dd8ec4b13643/21.srt"
[2026-01-18 18:10:43.514 +00:00] [INF] [40] MediaBrowser.MediaEncoding.Subtitles.SubtitleEncoder: ffmpeg subtitle extraction completed for "file:\"/data/Series/Hijack/Season 1/Hijack.2023.S01E01.Final.Call.2160p.ATVP.WEB-DL.DDP5.1.H.265-NTb.mkv\"" to "/config/data/subtitles/3c/3c508b89-27e3-7219-d801-dd8ec4b13643/22.srt"
[2026-01-18 18:10:43.521 +00:00] [INF] [40] MediaBrowser.MediaEncoding.Subtitles.SubtitleEncoder: ffmpeg subtitle extraction completed for "file:\"/data/Series/Hijack/Season 1/Hijack.2023.S01E01.Final.Call.2160p.ATVP.WEB-DL.DDP5.1.H.265-NTb.mkv\"" to "/config/data/subtitles/3c/3c508b89-27e3-7219-d801-dd8ec4b13643/23.srt"
[2026-01-18 18:10:43.528 +00:00] [INF] [40] MediaBrowser.MediaEncoding.Subtitles.SubtitleEncoder: ffmpeg subtitle extraction completed for "file:\"/data/Series/Hijack/Season 1/Hijack.2023.S01E01.Final.Call.2160p.ATVP.WEB-DL.DDP5.1.H.265-NTb.mkv\"" to "/config/data/subtitles/3c/3c508b89-27e3-7219-d801-dd8ec4b13643/24.srt"
[2026-01-18 18:10:43.536 +00:00] [INF] [40] MediaBrowser.MediaEncoding.Subtitles.SubtitleEncoder: ffmpeg subtitle extraction completed for "file:\"/data/Series/Hijack/Season 1/Hijack.2023.S01E01.Final.Call.2160p.ATVP.WEB-DL.DDP5.1.H.265-NTb.mkv\"" to "/config/data/subtitles/3c/3c508b89-27e3-7219-d801-dd8ec4b13643/25.srt"
[2026-01-18 18:10:43.543 +00:00] [INF] [40] MediaBrowser.MediaEncoding.Subtitles.SubtitleEncoder: ffmpeg subtitle extraction completed for "file:\"/data/Series/Hijack/Season 1/Hijack.2023.S01E01.Final.Call.2160p.ATVP.WEB-DL.DDP5.1.H.265-NTb.mkv\"" to "/config/data/subtitles/3c/3c508b89-27e3-7219-d801-dd8ec4b13643/26.srt"
[2026-01-18 18:10:43.551 +00:00] [INF] [40] MediaBrowser.MediaEncoding.Subtitles.SubtitleEncoder: ffmpeg subtitle extraction completed for "file:\"/data/Series/Hijack/Season 1/Hijack.2023.S01E01.Final.Call.2160p.ATVP.WEB-DL.DDP5.1.H.265-NTb.mkv\"" to "/config/data/subtitles/3c/3c508b89-27e3-7219-d801-dd8ec4b13643/27.srt"
[2026-01-18 18:10:43.559 +00:00] [INF] [40] MediaBrowser.MediaEncoding.Subtitles.SubtitleEncoder: ffmpeg subtitle extraction completed for "file:\"/data/Series/Hijack/Season 1/Hijack.2023.S01E01.Final.Call.2160p.ATVP.WEB-DL.DDP5.1.H.265-NTb.mkv\"" to "/config/data/subtitles/3c/3c508b89-27e3-7219-d801-dd8ec4b13643/28.srt"
[2026-01-18 18:10:43.567 +00:00] [INF] [40] MediaBrowser.MediaEncoding.Subtitles.SubtitleEncoder: ffmpeg subtitle extraction completed for "file:\"/data/Series/Hijack/Season 1/Hijack.2023.S01E01.Final.Call.2160p.ATVP.WEB-DL.DDP5.1.H.265-NTb.mkv\"" to "/config/data/subtitles/3c/3c508b89-27e3-7219-d801-dd8ec4b13643/29.srt"
[2026-01-18 18:10:43.575 +00:00] [INF] [40] MediaBrowser.MediaEncoding.Subtitles.SubtitleEncoder: ffmpeg subtitle extraction completed for "file:\"/data/Series/Hijack/Season 1/Hijack.2023.S01E01.Final.Call.2160p.ATVP.WEB-DL.DDP5.1.H.265-NTb.mkv\"" to "/config/data/subtitles/3c/3c508b89-27e3-7219-d801-dd8ec4b13643/30.srt"
[2026-01-18 18:10:43.582 +00:00] [INF] [40] MediaBrowser.MediaEncoding.Subtitles.SubtitleEncoder: ffmpeg subtitle extraction completed for "file:\"/data/Series/Hijack/Season 1/Hijack.2023.S01E01.Final.Call.2160p.ATVP.WEB-DL.DDP5.1.H.265-NTb.mkv\"" to "/config/data/subtitles/3c/3c508b89-27e3-7219-d801-dd8ec4b13643/31.srt"
[2026-01-18 18:10:43.589 +00:00] [INF] [40] MediaBrowser.MediaEncoding.Subtitles.SubtitleEncoder: ffmpeg subtitle extraction completed for "file:\"/data/Series/Hijack/Season 1/Hijack.2023.S01E01.Final.Call.2160p.ATVP.WEB-DL.DDP5.1.H.265-NTb.mkv\"" to "/config/data/subtitles/3c/3c508b89-27e3-7219-d801-dd8ec4b13643/32.srt"
[2026-01-18 18:10:43.600 +00:00] [INF] [40] MediaBrowser.MediaEncoding.Subtitles.SubtitleEncoder: ffmpeg subtitle extraction completed for "file:\"/data/Series/Hijack/Season 1/Hijack.2023.S01E01.Final.Call.2160p.ATVP.WEB-DL.DDP5.1.H.265-NTb.mkv\"" to "/config/data/subtitles/3c/3c508b89-27e3-7219-d801-dd8ec4b13643/33.srt"
[2026-01-18 18:10:43.608 +00:00] [INF] [40] MediaBrowser.MediaEncoding.Subtitles.SubtitleEncoder: ffmpeg subtitle extraction completed for "file:\"/data/Series/Hijack/Season 1/Hijack.2023.S01E01.Final.Call.2160p.ATVP.WEB-DL.DDP5.1.H.265-NTb.mkv\"" to "/config/data/subtitles/3c/3c508b89-27e3-7219-d801-dd8ec4b13643/34.srt"
[2026-01-18 18:10:43.617 +00:00] [INF] [40] MediaBrowser.MediaEncoding.Subtitles.SubtitleEncoder: ffmpeg subtitle extraction completed for "file:\"/data/Series/Hijack/Season 1/Hijack.2023.S01E01.Final.Call.2160p.ATVP.WEB-DL.DDP5.1.H.265-NTb.mkv\"" to "/config/data/subtitles/3c/3c508b89-27e3-7219-d801-dd8ec4b13643/35.srt"
[2026-01-18 18:10:43.627 +00:00] [INF] [40] MediaBrowser.MediaEncoding.Subtitles.SubtitleEncoder: ffmpeg subtitle extraction completed for "file:\"/data/Series/Hijack/Season 1/Hijack.2023.S01E01.Final.Call.2160p.ATVP.WEB-DL.DDP5.1.H.265-NTb.mkv\"" to "/config/data/subtitles/3c/3c508b89-27e3-7219-d801-dd8ec4b13643/36.srt"
[2026-01-18 18:10:43.634 +00:00] [INF] [40] MediaBrowser.MediaEncoding.Subtitles.SubtitleEncoder: ffmpeg subtitle extraction completed for "file:\"/data/Series/Hijack/Season 1/Hijack.2023.S01E01.Final.Call.2160p.ATVP.WEB-DL.DDP5.1.H.265-NTb.mkv\"" to "/config/data/subtitles/3c/3c508b89-27e3-7219-d801-dd8ec4b13643/37.srt"
[2026-01-18 18:10:43.641 +00:00] [INF] [40] MediaBrowser.MediaEncoding.Subtitles.SubtitleEncoder: ffmpeg subtitle extraction completed for "file:\"/data/Series/Hijack/Season 1/Hijack.2023.S01E01.Final.Call.2160p.ATVP.WEB-DL.DDP5.1.H.265-NTb.mkv\"" to "/config/data/subtitles/3c/3c508b89-27e3-7219-d801-dd8ec4b13643/38.srt"
[2026-01-18 18:10:43.648 +00:00] [INF] [40] MediaBrowser.MediaEncoding.Subtitles.SubtitleEncoder: ffmpeg subtitle extraction completed for "file:\"/data/Series/Hijack/Season 1/Hijack.2023.S01E01.Final.Call.2160p.ATVP.WEB-DL.DDP5.1.H.265-NTb.mkv\"" to "/config/data/subtitles/3c/3c508b89-27e3-7219-d801-dd8ec4b13643/39.srt"
[2026-01-18 18:10:43.655 +00:00] [INF] [40] MediaBrowser.MediaEncoding.Subtitles.SubtitleEncoder: ffmpeg subtitle extraction completed for "file:\"/data/Series/Hijack/Season 1/Hijack.2023.S01E01.Final.Call.2160p.ATVP.WEB-DL.DDP5.1.H.265-NTb.mkv\"" to "/config/data/subtitles/3c/3c508b89-27e3-7219-d801-dd8ec4b13643/40.srt"
[2026-01-18 18:10:43.662 +00:00] [INF] [40] MediaBrowser.MediaEncoding.Subtitles.SubtitleEncoder: ffmpeg subtitle extraction completed for "file:\"/data/Series/Hijack/Season 1/Hijack.2023.S01E01.Final.Call.2160p.ATVP.WEB-DL.DDP5.1.H.265-NTb.mkv\"" to "/config/data/subtitles/3c/3c508b89-27e3-7219-d801-dd8ec4b13643/41.srt"
[2026-01-18 18:10:43.670 +00:00] [INF] [40] MediaBrowser.MediaEncoding.Subtitles.SubtitleEncoder: ffmpeg subtitle extraction completed for "file:\"/data/Series/Hijack/Season 1/Hijack.2023.S01E01.Final.Call.2160p.ATVP.WEB-DL.DDP5.1.H.265-NTb.mkv\"" to "/config/data/subtitles/3c/3c508b89-27e3-7219-d801-dd8ec4b13643/42.srt"
[2026-01-18 18:10:43.676 +00:00] [INF] [40] MediaBrowser.MediaEncoding.Subtitles.SubtitleEncoder: ffmpeg subtitle extraction completed for "file:\"/data/Series/Hijack/Season 1/Hijack.2023.S01E01.Final.Call.2160p.ATVP.WEB-DL.DDP5.1.H.265-NTb.mkv\"" to "/config/data/subtitles/3c/3c508b89-27e3-7219-d801-dd8ec4b13643/43.srt"
[2026-01-18 18:10:43.684 +00:00] [INF] [40] MediaBrowser.MediaEncoding.Subtitles.SubtitleEncoder: ffmpeg subtitle extraction completed for "file:\"/data/Series/Hijack/Season 1/Hijack.2023.S01E01.Final.Call.2160p.ATVP.WEB-DL.DDP5.1.H.265-NTb.mkv\"" to "/config/data/subtitles/3c/3c508b89-27e3-7219-d801-dd8ec4b13643/44.srt"
[2026-01-18 18:13:05.557 +00:00] [INF] [45] Emby.Server.Implementations.Session.SessionWebSocketListener: Sending ForceKeepAlive message to 1 inactive WebSockets.
[2026-01-18 18:13:41.552 +00:00] [INF] [45] Emby.Server.Implementations.Session.SessionWebSocketListener: Sending ForceKeepAlive message to 1 inactive WebSockets.
[2026-01-18 18:17:29.532 +00:00] [INF] [46] Emby.Server.Implementations.Session.SessionWebSocketListener: Sending ForceKeepAlive message to 2 inactive WebSockets.
[2026-01-18 18:21:17.510 +00:00] [INF] [23] Emby.Server.Implementations.Session.SessionWebSocketListener: Sending ForceKeepAlive message to 1 inactive WebSockets.
[2026-01-18 18:21:53.506 +00:00] [INF] [23] Emby.Server.Implementations.Session.SessionWebSocketListener: Sending ForceKeepAlive message to 1 inactive WebSockets.
[2026-01-18 18:25:05.489 +00:00] [INF] [65] Emby.Server.Implementations.Session.SessionWebSocketListener: Sending ForceKeepAlive message to 1 inactive WebSockets.
[2026-01-18 18:25:41.484 +00:00] [INF] [22] Emby.Server.Implementations.Session.SessionWebSocketListener: Sending ForceKeepAlive message to 1 inactive WebSockets.
[2026-01-18 18:28:35.026 +00:00] [WRN] [65] Emby.Server.Implementations.HttpServer.WebSocketConnection: WS "172.18.0.1" error receiving data: "The remote party closed the WebSocket connection without completing the close handshake."
[2026-01-18 18:28:35.059 +00:00] [INF] [65] Emby.Server.Implementations.HttpServer.WebSocketManager: WS "172.18.0.1" closed
[2026-01-18 18:29:22.700 +00:00] [INF] [45] Emby.Server.Implementations.HttpServer.WebSocketManager: WS "172.18.0.1" request
[2026-01-18 18:29:25.160 +00:00] [INF] [45] Emby.Server.Implementations.Session.SessionManager: Playback stopped reported by app "Jellyfin Web" "10.11.5" playing "Final Call". Stopped at "5366" ms
[2026-01-18 18:29:26.289 +00:00] [INF] [65] Emby.Server.Implementations.Session.SessionWebSocketListener: Sending ForceKeepAlive message to 1 inactive WebSockets.
[2026-01-18 18:32:27.168 +00:00] [INF] [40] Jellyfin.Server.Implementations.Users.UserManager: Authentication request for "George" has succeeded.
[2026-01-18 18:32:27.169 +00:00] [INF] [40] Emby.Server.Implementations.Session.SessionManager: Current/Max sessions for user "George": 2/0
[2026-01-18 18:32:27.169 +00:00] [INF] [40] Emby.Server.Implementations.Session.SessionManager: Creating new access token for user e4967d48-68be-4cd5-ad79-fe6f969d30bd
[2026-01-18 18:32:27.270 +00:00] [INF] [40] Emby.Server.Implementations.HttpServer.WebSocketManager: WS "172.18.0.1" request
[2026-01-18 18:32:44.456 +00:00] [INF] [7] Jellyfin.Api.Helpers.MediaInfoHelper: User policy for "George". EnablePlaybackRemuxing: True EnableVideoPlaybackTranscoding: True EnableAudioPlaybackTranscoding: True
[2026-01-18 18:32:46.326 +00:00] [INF] [53] MediaBrowser.MediaEncoding.Transcoding.TranscodeManager: "/usr/lib/jellyfin-ffmpeg/ffmpeg" "-analyzeduration 200M -probesize 1G  -canvas_size 1920x1080 -i file:\"/data/Movies/The.Dark.Knight.2008.UHD.BluRay.2160p.DTS-HD.MA.5.1.HEVC.REMUX-FraMeSToR-AsRequested/ylKO9DAurhGDpn4G.mkv\" -map_metadata -1 -map_chapters -1 -threads 0 -map 0:0 -map 0:1 -map -0:0 -codec:v:0 libx264 -preset veryfast -crf 23 -maxrate 51081941 -bufsize 102163882 -profile:v:0 high -level 51 -x264opts:0 subme=0:me_range=16:rc_lookahead=10:me=hex:open_gop=0 -force_key_frames:0 \"expr:gte(t,n_forced*3)\" -sc_threshold:v:0 0 -filter_complex \"[0:2]scale,scale=3840:2160:fast_bilinear[sub];[0:0]setparams=color_primaries=bt2020:color_trc=smpte2084:colorspace=bt2020nc,scale=trunc(min(max(iw\,ih*a)\,min(3840\,2160*a))/2)*2:trunc(min(max(iw/a\,ih)\,min(3840/a\,2160))/2)*2,tonemapx=tonemap=bt2390:desat=0:peak=100:t=bt709:m=bt709:p=bt709:format=yuv420p[main];[main][sub]overlay=eof_action=pass:repeatlast=0\" -start_at_zero -codec:a:0 libfdk_aac -ac 6 -ab 640000 -copyts -avoid_negative_ts disabled -max_muxing_queue_size 2048 -f hls -max_delay 5000000 -hls_time 3 -hls_segment_type mpegts -start_number 0 -hls_segment_filename \"/cache/transcodes/94d2907f45263a9bfcfe4efb48fe52d7%d.ts\" -hls_playlist_type vod -hls_list_size 0 -y \"/cache/transcodes/94d2907f45263a9bfcfe4efb48fe52d7.m3u8\""
[2026-01-18 18:33:14.269 +00:00] [INF] [22] Emby.Server.Implementations.Session.SessionWebSocketListener: Sending ForceKeepAlive message to 1 inactive WebSockets.
[2026-01-18 18:35:40.375 +00:00] [INF] [23] MediaBrowser.Controller.MediaEncoding.TranscodingJob: Stopping ffmpeg process with q command for "/cache/transcodes/94d2907f45263a9bfcfe4efb48fe52d7.m3u8"
[2026-01-18 18:35:42.381 +00:00] [WRN] [22] Jellyfin.Api.Controllers.DynamicHlsController: cannot serve "/cache/transcodes/94d2907f45263a9bfcfe4efb48fe52d723.ts" as it doesn't exist and no transcode is running
[2026-01-18 18:35:42.401 +00:00] [ERR] [22] Jellyfin.Api.Middleware.ExceptionMiddleware: Error processing request: "Could not find file '/cache/transcodes/94d2907f45263a9bfcfe4efb48fe52d723.ts'". URL "GET" "/videos/7d709df5-44ec-c68f-0106-7a5ae802c25a/hls1/main/23.ts".
[2026-01-18 18:35:42.541 +00:00] [INF] [23] MediaBrowser.MediaEncoding.Transcoding.TranscodeManager: FFmpeg exited with code 0
[2026-01-18 18:35:42.549 +00:00] [INF] [23] MediaBrowser.MediaEncoding.Transcoding.TranscodeManager: Deleting partial stream file(s) "/cache/transcodes/94d2907f45263a9bfcfe4efb48fe52d7.m3u8"
[2026-01-18 18:35:42.585 +00:00] [WRN] [23] Jellyfin.Api.Controllers.DynamicHlsController: cannot serve "/cache/transcodes/94d2907f45263a9bfcfe4efb48fe52d723.ts" as transcoding quit before we got there
[2026-01-18 18:35:42.589 +00:00] [ERR] [23] Jellyfin.Api.Middleware.ExceptionMiddleware: Error processing request: "Could not find file '/cache/transcodes/94d2907f45263a9bfcfe4efb48fe52d723.ts'". URL "GET" "/videos/7d709df5-44ec-c68f-0106-7a5ae802c25a/hls1/main/23.ts".
[2026-01-18 18:35:44.169 +00:00] [INF] [23] Emby.Server.Implementations.Session.SessionManager: Playback stopped reported by app "Jellyfin for WebOS" "1.2.2" playing "The Dark Knight". Stopped at "40165" ms
[2026-01-18 18:36:08.331 +00:00] [INF] [64] Jellyfin.Api.Helpers.MediaInfoHelper: User policy for "George". EnablePlaybackRemuxing: True EnableVideoPlaybackTranscoding: True EnableAudioPlaybackTranscoding: True
[2026-01-18 18:37:38.234 +00:00] [INF] [24] Emby.Server.Implementations.Session.SessionWebSocketListener: Sending ForceKeepAlive message to 1 inactive WebSockets.
[2026-01-18 18:37:50.229 +00:00] [INF] [24] Emby.Server.Implementations.Session.SessionWebSocketListener: Sending ForceKeepAlive message to 1 inactive WebSockets.
[2026-01-18 18:38:02.232 +00:00] [INF] [40] Emby.Server.Implementations.Session.SessionWebSocketListener: Lost 1 WebSockets.
[2026-01-18 18:38:09.405 +00:00] [WRN] [64] Emby.Server.Implementations.HttpServer.WebSocketConnection: WS "172.18.0.1" error receiving data: "The remote party closed the WebSocket connection without completing the close handshake."
[2026-01-18 18:38:09.429 +00:00] [INF] [64] Emby.Server.Implementations.HttpServer.WebSocketManager: WS "172.18.0.1" closed
[2026-01-18 18:39:50.214 +00:00] [INF] [23] Emby.Server.Implementations.Session.SessionWebSocketListener: Sending ForceKeepAlive message to 1 inactive WebSockets.
[2026-01-18 18:41:26.206 +00:00] [INF] [64] Emby.Server.Implementations.Session.SessionWebSocketListener: Sending ForceKeepAlive message to 1 inactive WebSockets.
[2026-01-18 18:43:38.188 +00:00] [INF] [64] Emby.Server.Implementations.Session.SessionWebSocketListener: Sending ForceKeepAlive message to 1 inactive WebSockets.
[2026-01-18 18:45:14.177 +00:00] [INF] [3] Emby.Server.Implementations.Session.SessionWebSocketListener: Sending ForceKeepAlive message to 1 inactive WebSockets.
[2026-01-18 18:45:15.245 +00:00] [INF] [26] Emby.Server.Implementations.Session.SessionManager: Sending shutdown notifications
[2026-01-18 18:45:15.416 +00:00] [INF] [12] Emby.Server.Implementations.HttpServer.WebSocketManager: WS "172.18.0.1" closed
[2026-01-18 18:45:15.420 +00:00] [INF] [9] Emby.Server.Implementations.HttpServer.WebSocketManager: WS "172.18.0.1" closed
[2026-01-18 18:45:15.430 +00:00] [INF] [3] Emby.Server.Implementations.HttpServer.WebSocketManager: WS "172.18.0.1" closed
[2026-01-18 18:50:09.634 +00:00] [INF] [1] Emby.Server.Implementations.AppBase.BaseConfigurationManager: Setting cache path: "/cache"
[2026-01-18 18:50:10.332 +00:00] [INF] [7] Jellyfin.Server.ServerSetupApp.SetupServer: Kestrel is listening on "0.0.0.0"
[2026-01-18 18:50:10.397 +00:00] [INF] [7] Main: Jellyfin version: "10.11.5"
[2026-01-18 18:50:10.402 +00:00] [INF] [7] Main: Environment Variables: ["[JELLYFIN_DATA_DIR, /config]", "[JELLYFIN_LOG_DIR, /config/log]", "[JELLYFIN_WEB_DIR, /jellyfin/jellyfin-web]", "[JELLYFIN_FFMPEG, /usr/lib/jellyfin-ffmpeg/ffmpeg]", "[JELLYFIN_CONFIG_DIR, /config/config]", "[JELLYFIN_CACHE_DIR, /cache]"]
[2026-01-18 18:50:10.406 +00:00] [INF] [7] Main: Arguments: ["/jellyfin/jellyfin.dll"]
[2026-01-18 18:50:10.407 +00:00] [INF] [7] Main: Operating system: "Debian GNU/Linux 13 (trixie)"
[2026-01-18 18:50:10.408 +00:00] [INF] [7] Main: Architecture: X64
[2026-01-18 18:50:10.409 +00:00] [INF] [7] Main: 64-Bit Process: True
[2026-01-18 18:50:10.409 +00:00] [INF] [7] Main: User Interactive: True
[2026-01-18 18:50:10.409 +00:00] [INF] [7] Main: Processor count: 6
[2026-01-18 18:50:10.410 +00:00] [INF] [7] Main: Program data path: "/config"
[2026-01-18 18:50:10.410 +00:00] [INF] [7] Main: Log directory path: "/config/log"
[2026-01-18 18:50:10.410 +00:00] [INF] [7] Main: Config directory path: "/config/config"
[2026-01-18 18:50:10.410 +00:00] [INF] [7] Main: Cache path: "/cache"
[2026-01-18 18:50:10.411 +00:00] [INF] [7] Main: Temp directory path: "/tmp/jellyfin"
[2026-01-18 18:50:10.412 +00:00] [INF] [7] Main: Web resources path: "/jellyfin/jellyfin-web"
[2026-01-18 18:50:10.413 +00:00] [INF] [7] Main: Application directory: "/jellyfin/"
[2026-01-18 18:50:10.457 +00:00] [INF] [7] Jellyfin.Server.Startup: Storage path `"/config/data"` (Fixed) successfully checked with "97GiB" free which is over the minimum of "2GiB".
[2026-01-18 18:50:10.462 +00:00] [INF] [7] Jellyfin.Server.Startup: Storage path `"/cache"` (Fixed) successfully checked with "97GiB" free which is over the minimum of "2GiB".
[2026-01-18 18:50:10.468 +00:00] [INF] [7] Jellyfin.Server.Startup: Storage path `"/config"` (Fixed) successfully checked with "97GiB" free which is over the minimum of "2GiB".
[2026-01-18 18:50:10.507 +00:00] [INF] [7] Emby.Server.Implementations.AppBase.BaseConfigurationManager: Setting cache path: "/cache"
[2026-01-18 18:50:10.812 +00:00] [INF] [7] Jellyfin.Database.Providers.Sqlite.SqliteDatabaseProvider: SQLite connection string: "Data Source=/config/data/jellyfin.db;Cache=Default;Default Timeout=30;Pooling=True"
[2026-01-18 18:50:10.828 +00:00] [INF] [7] Jellyfin.Database.Providers.Sqlite.SqliteDatabaseProvider: SQLITE connection pragma command set to: 
"PRAGMA locking_mode=NORMAL;
PRAGMA journal_size_limit=134217728;
PRAGMA synchronous=1;
PRAGMA temp_store=2;
"
[2026-01-18 18:50:10.841 +00:00] [INF] [7] Jellyfin.Database.Implementations.Locking.NoLockBehavior: The database locking mode has been set to: NoLock.
[2026-01-18 18:50:10.938 +00:00] [INF] [7] Jellyfin.Server.Migrations.JellyfinMigrationService: Initialise Migration service.
[2026-01-18 18:50:12.679 +00:00] [WRN] [12] Microsoft.Extensions.Diagnostics.HealthChecks.DefaultHealthCheckService: Health check "StartupCheck" with status Degraded completed after 1.2039ms with message '"Server is still starting up."'
[2026-01-18 18:50:14.025 +00:00] [INF] [7] Jellyfin.Server.Migrations.JellyfinMigrationService: There are 0 migrations for stage PreInitialisation.
[2026-01-18 18:50:14.060 +00:00] [INF] [7] Emby.Server.Implementations.AppBase.BaseConfigurationManager: Setting cache path: "/cache"
[2026-01-18 18:50:14.210 +00:00] [INF] [7] Emby.Server.Implementations.ApplicationHost: Loading assemblies
[2026-01-18 18:50:14.300 +00:00] [INF] [7] Jellyfin.Networking.Manager.NetworkManager: Defined LAN subnets: ["127.0.0.1/8", "10.0.0.0/8", "172.16.0.0/12", "192.168.0.0/16"]
[2026-01-18 18:50:14.300 +00:00] [INF] [7] Jellyfin.Networking.Manager.NetworkManager: Defined LAN exclusions: []
[2026-01-18 18:50:14.301 +00:00] [INF] [7] Jellyfin.Networking.Manager.NetworkManager: Used LAN subnets: ["127.0.0.1/8", "10.0.0.0/8", "172.16.0.0/12", "192.168.0.0/16"]
[2026-01-18 18:50:14.303 +00:00] [INF] [7] Jellyfin.Networking.Manager.NetworkManager: Filtered interface addresses: ["127.0.0.1", "172.18.0.4"]
[2026-01-18 18:50:14.304 +00:00] [INF] [7] Jellyfin.Networking.Manager.NetworkManager: Bind Addresses ["0.0.0.0"]
[2026-01-18 18:50:14.305 +00:00] [INF] [7] Jellyfin.Networking.Manager.NetworkManager: Remote IP filter is "Allowlist"
[2026-01-18 18:50:14.305 +00:00] [INF] [7] Jellyfin.Networking.Manager.NetworkManager: Filtered subnets: []
[2026-01-18 18:50:15.313 +00:00] [INF] [7] Jellyfin.Database.Providers.Sqlite.SqliteDatabaseProvider: SQLite connection string: "Data Source=/config/data/jellyfin.db;Cache=Default;Default Timeout=30;Pooling=True"
[2026-01-18 18:50:15.314 +00:00] [INF] [7] Jellyfin.Database.Providers.Sqlite.SqliteDatabaseProvider: SQLITE connection pragma command set to: 
"PRAGMA locking_mode=NORMAL;
PRAGMA journal_size_limit=134217728;
PRAGMA synchronous=1;
PRAGMA temp_store=2;
"
[2026-01-18 18:50:15.315 +00:00] [INF] [7] Jellyfin.Database.Implementations.Locking.NoLockBehavior: The database locking mode has been set to: NoLock.
[2026-01-18 18:50:15.324 +00:00] [INF] [7] Main: Prepare system for possible migrations
[2026-01-18 18:50:15.439 +00:00] [INF] [7] Jellyfin.Server.Migrations.JellyfinMigrationService: There are 0 migrations for stage CoreInitialisation.
[2026-01-18 18:50:16.800 +00:00] [INF] [7] Emby.Server.Implementations.Plugins.PluginManager: Loaded plugin: "TMDb" "10.11.5.0"
[2026-01-18 18:50:16.802 +00:00] [INF] [7] Emby.Server.Implementations.Plugins.PluginManager: Loaded plugin: "Studio Images" "10.11.5.0"
[2026-01-18 18:50:16.804 +00:00] [INF] [7] Emby.Server.Implementations.Plugins.PluginManager: Loaded plugin: "OMDb" "10.11.5.0"
[2026-01-18 18:50:16.854 +00:00] [INF] [7] Emby.Server.Implementations.Plugins.PluginManager: Loaded plugin: "MusicBrainz" "10.11.5.0"
[2026-01-18 18:50:16.855 +00:00] [INF] [7] Emby.Server.Implementations.Plugins.PluginManager: Loaded plugin: "AudioDB" "10.11.5.0"
[2026-01-18 18:50:17.098 +00:00] [INF] [7] Jellyfin.Server.Migrations.JellyfinMigrationService: There are 0 migrations for stage AppInitialisation.
[2026-01-18 18:50:17.159 +00:00] [WRN] [9] Microsoft.AspNetCore.DataProtection.Repositories.EphemeralXmlRepository: Using an in-memory repository. Keys will not be persisted to storage.
[2026-01-18 18:50:17.160 +00:00] [WRN] [9] Microsoft.AspNetCore.DataProtection.KeyManagement.XmlKeyManager: Neither user profile nor HKLM registry available. Using an ephemeral key repository. Protected data will be unavailable when application exits.
[2026-01-18 18:50:17.258 +00:00] [INF] [9] Main: Kestrel is listening on "0.0.0.0"
[2026-01-18 18:50:17.297 +00:00] [WRN] [15] Microsoft.AspNetCore.DataProtection.KeyManagement.XmlKeyManager: No XML encryptor configured. Key {ca8889cc-9367-4391-8a9e-f6e4a6a10856} may be persisted to storage in unencrypted form.
[2026-01-18 18:50:19.958 +00:00] [WRN] [9] Microsoft.AspNetCore.StaticFiles.StaticFileMiddleware: The WebRootPath was not found: "/wwwroot". Static files may be unavailable.
[2026-01-18 18:50:20.068 +00:00] [INF] [9] Emby.Server.Implementations.ApplicationHost: Running startup tasks
[2026-01-18 18:50:20.104 +00:00] [INF] [15] Emby.Server.Implementations.IO.LibraryMonitor: Watching directory "/data/Movies"
[2026-01-18 18:50:20.141 +00:00] [INF] [7] Emby.Server.Implementations.IO.LibraryMonitor: Watching directory "/data/Series"
[2026-01-18 18:50:20.194 +00:00] [INF] [9] Emby.Server.Implementations.ScheduledTasks.TaskManager: Daily trigger for "Generate Trickplay Images" set to fire at 2026-01-19 03:00:00.000 +00:00, which is 08:09:39.8061604 from now.
[2026-01-18 18:50:20.480 +00:00] [INF] [9] Emby.Server.Implementations.ScheduledTasks.TaskManager: Daily trigger for "Extract Chapter Images" set to fire at 2026-01-19 02:00:00.000 +00:00, which is 07:09:39.5192143 from now.
[2026-01-18 18:50:21.466 +00:00] [INF] [9] MediaBrowser.MediaEncoding.Encoder.MediaEncoder: Found ffmpeg version "7.1.3"
[2026-01-18 18:50:21.608 +00:00] [INF] [9] MediaBrowser.MediaEncoding.Encoder.MediaEncoder: Available "decoders": ["libdav1d", "av1", "av1_cuvid", "av1_qsv", "h264", "h264_qsv", "h264_cuvid", "hevc", "hevc_qsv", "hevc_cuvid", "mpeg2video", "mpeg2_qsv", "mpeg2_cuvid", "mpeg4", "mpeg4_cuvid", "msmpeg4", "vc1_qsv", "vc1_cuvid", "vp8", "libvpx", "vp8_cuvid", "vp8_qsv", "vp9", "libvpx-vp9", "vp9_cuvid", "vp9_qsv", "aac", "ac3", "ac4", "dca", "flac", "mp3", "truehd"]
[2026-01-18 18:50:21.686 +00:00] [INF] [9] MediaBrowser.MediaEncoding.Encoder.MediaEncoder: Available "encoders": ["libsvtav1", "av1_nvenc", "av1_qsv", "av1_amf", "av1_vaapi", "libx264", "h264_amf", "h264_nvenc", "h264_qsv", "h264_v4l2m2m", "h264_vaapi", "libx265", "hevc_amf", "hevc_nvenc", "hevc_qsv", "hevc_vaapi", "mjpeg_qsv", "mjpeg_vaapi", "aac", "libfdk_aac", "ac3", "alac", "dca", "flac", "libmp3lame", "libopus", "truehd", "libvorbis", "srt"]
[2026-01-18 18:50:21.775 +00:00] [INF] [9] MediaBrowser.MediaEncoding.Encoder.MediaEncoder: Available filters: ["bwdif_cuda", "bwdif_opencl", "deinterlace_qsv", "deinterlace_vaapi", "flip_vulkan", "hwupload_cuda", "hwupload_vaapi", "libplacebo", "overlay_opencl", "overlay_qsv", "overlay_vaapi", "overlay_vulkan", "overlay_cuda", "procamp_vaapi", "scale_cuda", "scale_opencl", "scale_qsv", "scale_vaapi", "scale_vulkan", "tonemapx", "tonemap_cuda", "tonemap_opencl", "tonemap_vaapi", "transpose_cuda", "transpose_opencl", "transpose_vaapi", "transpose_vulkan", "vpp_qsv", "yadif_cuda", "yadif_opencl", "zscale", "alphasrc"]
[2026-01-18 18:50:22.705 +00:00] [INF] [9] MediaBrowser.MediaEncoding.Encoder.MediaEncoder: Available hwaccel types: ["cuda", "vaapi", "qsv", "drm", "opencl", "vulkan"]
[2026-01-18 18:50:23.720 +00:00] [INF] [15] Emby.Server.Implementations.ScheduledTasks.TaskManager: "Clean up collections and playlists" Completed after 0 minute(s) and 0 seconds
[2026-01-18 18:50:27.129 +00:00] [INF] [23] Emby.Server.Implementations.ScheduledTasks.TaskManager: "Update Plugins" Completed after 0 minute(s) and 3 seconds
