[2026-01-17 08:04:59.842 +00:00] [INF] [20] Emby.Server.Implementations.Session.SessionWebSocketListener: Lost 1 WebSockets.
[2026-01-17 08:26:26.318 +00:00] [INF] [62] Emby.Server.Implementations.HttpServer.WebSocketManager: WS "172.18.0.1" request
[2026-01-17 08:30:14.407 +00:00] [INF] [59] Emby.Server.Implementations.Session.SessionWebSocketListener: Sending ForceKeepAlive message to 1 inactive WebSockets.
[2026-01-17 08:34:38.369 +00:00] [INF] [43] Emby.Server.Implementations.Session.SessionWebSocketListener: Sending ForceKeepAlive message to 1 inactive WebSockets.
[2026-01-17 08:38:26.337 +00:00] [INF] [43] Emby.Server.Implementations.Session.SessionWebSocketListener: Sending ForceKeepAlive message to 1 inactive WebSockets.
[2026-01-17 08:42:14.312 +00:00] [INF] [49] Emby.Server.Implementations.Session.SessionWebSocketListener: Sending ForceKeepAlive message to 1 inactive WebSockets.
[2026-01-17 08:46:38.281 +00:00] [INF] [19] Emby.Server.Implementations.Session.SessionWebSocketListener: Sending ForceKeepAlive message to 1 inactive WebSockets.
[2026-01-17 08:47:45.797 +00:00] [INF] [21] Jellyfin.Server.Implementations.Users.UserManager: Authentication request for "Jellyfinadm" has succeeded.
[2026-01-17 08:47:45.798 +00:00] [INF] [21] Emby.Server.Implementations.Session.SessionManager: Current/Max sessions for user "Jellyfinadm": 1/0
[2026-01-17 08:47:45.799 +00:00] [INF] [21] Emby.Server.Implementations.Session.SessionManager: Creating new access token for user 9aa87528-4631-4cb2-99a6-a5a28d725975
[2026-01-17 08:50:26.251 +00:00] [INF] [9] Emby.Server.Implementations.Session.SessionWebSocketListener: Sending ForceKeepAlive message to 1 inactive WebSockets.
[2026-01-17 08:51:25.337 +00:00] [INF] [9] Emby.Server.Implementations.HttpServer.WebSocketManager: WS "172.18.0.1" closed
[2026-01-17 08:57:48.986 +00:00] [INF] [45] Emby.Server.Implementations.ScheduledTasks.TaskManager: "Download missing subtitles" Completed after 0 minute(s) and 0 seconds
[2026-01-17 08:57:48.994 +00:00] [INF] [53] Emby.Server.Implementations.ScheduledTasks.TaskManager: "Audio Normalization" Completed after 0 minute(s) and 0 seconds
[2026-01-17 08:57:49.882 +00:00] [INF] [22] Emby.Server.Implementations.Library.LibraryManager: Validating media library
[2026-01-17 08:57:49.887 +00:00] [INF] [53] Emby.Server.Implementations.ScheduledTasks.Tasks.OptimizeDatabaseTask: Optimizing and vacuuming jellyfin.db...
[2026-01-17 08:57:49.965 +00:00] [INF] [58] Emby.Server.Implementations.ScheduledTasks.TaskManager: "Download missing lyrics" Completed after 0 minute(s) and 0 seconds
[2026-01-17 08:57:50.026 +00:00] [INF] [45] Emby.Server.Implementations.ScheduledTasks.TaskManager: "Media Segment Scan" Completed after 0 minute(s) and 0 seconds
[2026-01-17 08:57:50.029 +00:00] [INF] [61] Emby.Server.Implementations.ScheduledTasks.TaskManager: "TasksRefreshChannels" Completed after 0 minute(s) and 0 seconds
[2026-01-17 08:57:50.117 +00:00] [INF] [58] Emby.Server.Implementations.ScheduledTasks.TaskManager: "Clean Log Directory" Completed after 0 minute(s) and 0 seconds
[2026-01-17 08:57:50.156 +00:00] [INF] [65] Emby.Server.Implementations.Library.LibraryManager: People validation complete
[2026-01-17 08:57:50.217 +00:00] [WRN] [65] Microsoft.EntityFrameworkCore.Query: The query uses a row limiting operator ('Skip'/'Take') without an 'OrderBy' operator. This may lead to unpredictable results. If the 'Distinct' operator is used after 'OrderBy', then make sure to use the 'OrderBy' operator after 'Distinct' as the ordering would otherwise get erased.
[2026-01-17 08:57:50.243 +00:00] [INF] [65] Emby.Server.Implementations.ScheduledTasks.TaskManager: "Refresh People" Completed after 0 minute(s) and 0 seconds
[2026-01-17 08:57:50.332 +00:00] [INF] [45] Emby.Server.Implementations.ScheduledTasks.TaskManager: "Clean Cache Directory" Completed after 0 minute(s) and 0 seconds
[2026-01-17 08:57:50.412 +00:00] [WRN] [22] MediaBrowser.Controller.Entities.BaseItem: Library folder "/data/Movies" is inaccessible or empty, skipping
[2026-01-17 08:57:50.444 +00:00] [WRN] [22] MediaBrowser.Controller.Entities.BaseItem: Library folder "/config/data/playlists" is inaccessible or empty, skipping
[2026-01-17 08:57:50.459 +00:00] [INF] [53] Jellyfin.Database.Providers.Sqlite.SqliteDatabaseProvider: jellyfin.db optimized successfully!
[2026-01-17 08:57:50.460 +00:00] [INF] [53] Emby.Server.Implementations.ScheduledTasks.TaskManager: "Optimize database" Completed after 0 minute(s) and 0 seconds
[2026-01-17 08:57:50.990 +00:00] [WRN] [53] MediaBrowser.Controller.Entities.BaseItem: Library folder "/data/Movies" is inaccessible or empty, skipping
[2026-01-17 08:57:51.039 +00:00] [WRN] [53] MediaBrowser.Controller.Entities.BaseItem: Library folder "/config/data/playlists" is inaccessible or empty, skipping
[2026-01-17 08:57:51.090 +00:00] [INF] [53] Emby.Server.Implementations.ScheduledTasks.TaskManager: "Scan Media Library" Completed after 0 minute(s) and 1 seconds
[2026-01-17 08:57:52.952 +00:00] [INF] [61] Jellyfin.LiveTv.Guide.GuideManager: Refreshing guide with 7 days of guide data
[2026-01-17 08:57:52.965 +00:00] [INF] [61] Emby.Server.Implementations.ScheduledTasks.TaskManager: "Refresh Guide" Completed after 0 minute(s) and 3 seconds
[2026-01-17 09:14:14.483 +00:00] [WRN] [60] Microsoft.EntityFrameworkCore.Query: The query uses a row limiting operator ('Skip'/'Take') without an 'OrderBy' operator. This may lead to unpredictable results. If the 'Distinct' operator is used after 'OrderBy', then make sure to use the 'OrderBy' operator after 'Distinct' as the ordering would otherwise get erased.
[2026-01-17 09:15:35.656 +00:00] [WRN] [57] MediaBrowser.Controller.Entities.BaseItem: Library folder "/data/Movies" is inaccessible or empty, skipping
[2026-01-17 09:15:35.699 +00:00] [WRN] [57] MediaBrowser.Controller.Entities.BaseItem: Library folder "/data/Series" is inaccessible or empty, skipping
[2026-01-17 09:15:35.808 +00:00] [WRN] [57] MediaBrowser.Controller.Entities.BaseItem: Library folder "/config/data/playlists" is inaccessible or empty, skipping
[2026-01-17 09:15:36.741 +00:00] [INF] [48] Emby.Server.Implementations.Library.LibraryManager: Validating media library
[2026-01-17 09:15:37.455 +00:00] [WRN] [48] MediaBrowser.Controller.Entities.BaseItem: Library folder "/data/Movies" is inaccessible or empty, skipping
[2026-01-17 09:15:37.489 +00:00] [WRN] [48] MediaBrowser.Controller.Entities.BaseItem: Library folder "/data/Series" is inaccessible or empty, skipping
[2026-01-17 09:15:37.551 +00:00] [WRN] [48] MediaBrowser.Controller.Entities.BaseItem: Library folder "/config/data/playlists" is inaccessible or empty, skipping
[2026-01-17 09:15:38.677 +00:00] [WRN] [60] MediaBrowser.Controller.Entities.BaseItem: Library folder "/data/Movies" is inaccessible or empty, skipping
[2026-01-17 09:15:38.701 +00:00] [WRN] [60] MediaBrowser.Controller.Entities.BaseItem: Library folder "/data/Series" is inaccessible or empty, skipping
[2026-01-17 09:15:38.757 +00:00] [WRN] [60] MediaBrowser.Controller.Entities.BaseItem: Library folder "/config/data/playlists" is inaccessible or empty, skipping
[2026-01-17 09:15:38.801 +00:00] [INF] [60] Emby.Server.Implementations.ScheduledTasks.TaskManager: "Scan Media Library" Completed after 0 minute(s) and 2 seconds
[2026-01-17 09:16:32.615 +00:00] [INF] [57] Emby.Server.Implementations.AppBase.BaseConfigurationManager: Saving system configuration
[2026-01-17 09:16:32.654 +00:00] [INF] [57] Emby.Server.Implementations.AppBase.BaseConfigurationManager: Setting cache path: "/cache"
[2026-01-17 09:20:49.019 +00:00] [INF] [45] Jellyfin.Server.Implementations.Users.UserManager: Authentication request for "Jellyfinadm" has succeeded.
[2026-01-17 09:20:49.020 +00:00] [INF] [45] Emby.Server.Implementations.Session.SessionManager: Current/Max sessions for user "Jellyfinadm": 2/0
[2026-01-17 09:20:49.020 +00:00] [INF] [45] Emby.Server.Implementations.Session.SessionManager: Creating new access token for user 9aa87528-4631-4cb2-99a6-a5a28d725975
[2026-01-17 09:20:49.131 +00:00] [INF] [68] Emby.Server.Implementations.HttpServer.WebSocketManager: WS "172.18.0.1" request
[2026-01-17 09:25:13.107 +00:00] [INF] [17] Emby.Server.Implementations.Session.SessionWebSocketListener: Sending ForceKeepAlive message to 1 inactive WebSockets.
[2026-01-17 09:29:01.081 +00:00] [INF] [42] Emby.Server.Implementations.Session.SessionWebSocketListener: Sending ForceKeepAlive message to 1 inactive WebSockets.
[2026-01-17 09:32:49.051 +00:00] [INF] [52] Emby.Server.Implementations.Session.SessionWebSocketListener: Sending ForceKeepAlive message to 1 inactive WebSockets.
[2026-01-17 09:32:52.696 +00:00] [INF] [62] Jellyfin.Server.Implementations.Users.UserManager: Authentication request for "Jellyfinadm" has succeeded.
[2026-01-17 09:32:52.697 +00:00] [INF] [62] Emby.Server.Implementations.Session.SessionManager: Current/Max sessions for user "Jellyfinadm": 3/0
[2026-01-17 09:32:52.697 +00:00] [INF] [62] Emby.Server.Implementations.Session.SessionManager: Creating new access token for user 9aa87528-4631-4cb2-99a6-a5a28d725975
[2026-01-17 09:53:57.058 +00:00] [WRN] [22] Emby.Server.Implementations.HttpServer.WebSocketConnection: WS "172.18.0.1" error receiving data: "The remote party closed the WebSocket connection without completing the close handshake."
[2026-01-17 09:53:57.230 +00:00] [INF] [22] Emby.Server.Implementations.HttpServer.WebSocketManager: WS "172.18.0.1" closed
[2026-01-17 10:44:08.339 +00:00] [INF] [40] Emby.Server.Implementations.HttpServer.WebSocketManager: WS "172.18.0.1" request
[2026-01-17 10:47:54.288 +00:00] [INF] [22] Jellyfin.LiveTv.Guide.GuideManager: Refreshing guide with 7 days of guide data
[2026-01-17 10:47:54.301 +00:00] [INF] [22] Emby.Server.Implementations.ScheduledTasks.TaskManager: "Refresh Guide" Completed after 0 minute(s) and 3 seconds
[2026-01-17 10:47:56.772 +00:00] [INF] [22] Emby.Server.Implementations.Session.SessionWebSocketListener: Sending ForceKeepAlive message to 1 inactive WebSockets.
[2026-01-17 10:52:20.753 +00:00] [INF] [65] Emby.Server.Implementations.Session.SessionWebSocketListener: Sending ForceKeepAlive message to 1 inactive WebSockets.
[2026-01-17 10:56:08.738 +00:00] [INF] [40] Emby.Server.Implementations.Session.SessionWebSocketListener: Sending ForceKeepAlive message to 1 inactive WebSockets.
[2026-01-17 10:59:56.718 +00:00] [INF] [28] Emby.Server.Implementations.Session.SessionWebSocketListener: Sending ForceKeepAlive message to 1 inactive WebSockets.
[2026-01-17 11:00:52.999 +00:00] [WRN] [58] Emby.Server.Implementations.HttpServer.WebSocketConnection: WS "172.18.0.1" error receiving data: "The remote party closed the WebSocket connection without completing the close handshake."
[2026-01-17 11:00:53.045 +00:00] [INF] [58] Emby.Server.Implementations.HttpServer.WebSocketManager: WS "172.18.0.1" closed
[2026-01-17 11:11:40.200 +00:00] [INF] [23] Emby.Server.Implementations.HttpServer.WebSocketManager: WS "172.18.0.1" request
[2026-01-17 11:16:16.322 +00:00] [INF] [40] Emby.Server.Implementations.Session.SessionWebSocketListener: Sending ForceKeepAlive message to 1 inactive WebSockets.
[2026-01-17 11:20:04.297 +00:00] [INF] [65] Emby.Server.Implementations.Session.SessionWebSocketListener: Sending ForceKeepAlive message to 1 inactive WebSockets.
[2026-01-17 11:23:52.267 +00:00] [INF] [57] Emby.Server.Implementations.Session.SessionWebSocketListener: Sending ForceKeepAlive message to 1 inactive WebSockets.
[2026-01-17 11:28:16.239 +00:00] [INF] [31] Emby.Server.Implementations.Session.SessionWebSocketListener: Sending ForceKeepAlive message to 1 inactive WebSockets.
[2026-01-17 11:32:04.211 +00:00] [INF] [60] Emby.Server.Implementations.Session.SessionWebSocketListener: Sending ForceKeepAlive message to 1 inactive WebSockets.
[2026-01-17 11:35:52.183 +00:00] [INF] [58] Emby.Server.Implementations.Session.SessionWebSocketListener: Sending ForceKeepAlive message to 1 inactive WebSockets.
[2026-01-17 11:40:16.156 +00:00] [INF] [19] Emby.Server.Implementations.Session.SessionWebSocketListener: Sending ForceKeepAlive message to 1 inactive WebSockets.
[2026-01-17 11:44:04.128 +00:00] [INF] [50] Emby.Server.Implementations.Session.SessionWebSocketListener: Sending ForceKeepAlive message to 1 inactive WebSockets.
[2026-01-17 11:45:52.665 +00:00] [WRN] [58] Emby.Server.Implementations.HttpServer.WebSocketConnection: WS "172.18.0.1" error receiving data: "The remote party closed the WebSocket connection without completing the close handshake."
[2026-01-17 11:45:52.821 +00:00] [INF] [58] Emby.Server.Implementations.HttpServer.WebSocketManager: WS "172.18.0.1" closed
[2026-01-17 13:29:55.071 +00:00] [INF] [78] Emby.Server.Implementations.Session.SessionManager: Sending shutdown notifications
[2026-01-17 13:30:10.251 +00:00] [INF] [1] Emby.Server.Implementations.AppBase.BaseConfigurationManager: Setting cache path: "/cache"
[2026-01-17 13:30:11.497 +00:00] [INF] [9] Jellyfin.Server.ServerSetupApp.SetupServer: Kestrel is listening on "0.0.0.0"
[2026-01-17 13:30:11.651 +00:00] [INF] [9] Main: Jellyfin version: "10.11.5"
[2026-01-17 13:30:11.667 +00:00] [INF] [9] Main: Environment Variables: ["[JELLYFIN_CONFIG_DIR, /config/config]", "[JELLYFIN_DATA_DIR, /config]", "[JELLYFIN_WEB_DIR, /jellyfin/jellyfin-web]", "[JELLYFIN_FFMPEG, /usr/lib/jellyfin-ffmpeg/ffmpeg]", "[JELLYFIN_LOG_DIR, /config/log]", "[JELLYFIN_CACHE_DIR, /cache]"]
[2026-01-17 13:30:11.671 +00:00] [INF] [9] Main: Arguments: ["/jellyfin/jellyfin.dll"]
[2026-01-17 13:30:11.672 +00:00] [INF] [9] Main: Operating system: "Debian GNU/Linux 13 (trixie)"
[2026-01-17 13:30:11.672 +00:00] [INF] [9] Main: Architecture: X64
[2026-01-17 13:30:11.674 +00:00] [INF] [9] Main: 64-Bit Process: True
[2026-01-17 13:30:11.674 +00:00] [INF] [9] Main: User Interactive: True
[2026-01-17 13:30:11.675 +00:00] [INF] [9] Main: Processor count: 6
[2026-01-17 13:30:11.675 +00:00] [INF] [9] Main: Program data path: "/config"
[2026-01-17 13:30:11.685 +00:00] [INF] [9] Main: Log directory path: "/config/log"
[2026-01-17 13:30:11.687 +00:00] [INF] [9] Main: Config directory path: "/config/config"
[2026-01-17 13:30:11.690 +00:00] [INF] [9] Main: Cache path: "/cache"
[2026-01-17 13:30:11.691 +00:00] [INF] [9] Main: Temp directory path: "/tmp/jellyfin"
[2026-01-17 13:30:11.692 +00:00] [INF] [9] Main: Web resources path: "/jellyfin/jellyfin-web"
[2026-01-17 13:30:11.692 +00:00] [INF] [9] Main: Application directory: "/jellyfin/"
[2026-01-17 13:30:11.740 +00:00] [INF] [9] Jellyfin.Server.Startup: Storage path `"/config/data"` (Fixed) successfully checked with "175.7GiB" free which is over the minimum of "2GiB".
[2026-01-17 13:30:11.749 +00:00] [INF] [9] Jellyfin.Server.Startup: Storage path `"/cache"` (Fixed) successfully checked with "175.7GiB" free which is over the minimum of "2GiB".
[2026-01-17 13:30:11.760 +00:00] [INF] [9] Jellyfin.Server.Startup: Storage path `"/config"` (Fixed) successfully checked with "175.7GiB" free which is over the minimum of "2GiB".
[2026-01-17 13:30:11.820 +00:00] [INF] [9] Emby.Server.Implementations.AppBase.BaseConfigurationManager: Setting cache path: "/cache"
[2026-01-17 13:30:12.295 +00:00] [INF] [9] Jellyfin.Database.Providers.Sqlite.SqliteDatabaseProvider: SQLite connection string: "Data Source=/config/data/jellyfin.db;Cache=Default;Default Timeout=30;Pooling=True"
[2026-01-17 13:30:12.334 +00:00] [INF] [9] Jellyfin.Database.Providers.Sqlite.SqliteDatabaseProvider: SQLITE connection pragma command set to: 
"PRAGMA locking_mode=NORMAL;
PRAGMA journal_size_limit=134217728;
PRAGMA synchronous=1;
PRAGMA temp_store=2;
"
[2026-01-17 13:30:12.349 +00:00] [INF] [9] Jellyfin.Database.Implementations.Locking.NoLockBehavior: The database locking mode has been set to: NoLock.
[2026-01-17 13:30:12.613 +00:00] [WRN] [12] Microsoft.Extensions.Diagnostics.HealthChecks.DefaultHealthCheckService: Health check "StartupCheck" with status Degraded completed after 8.4275ms with message '"Server is still starting up."'
[2026-01-17 13:30:12.676 +00:00] [INF] [9] Jellyfin.Server.Migrations.JellyfinMigrationService: Initialise Migration service.
[2026-01-17 13:30:18.403 +00:00] [INF] [9] Jellyfin.Server.Migrations.JellyfinMigrationService: There are 0 migrations for stage PreInitialisation.
[2026-01-17 13:30:18.728 +00:00] [INF] [9] Emby.Server.Implementations.AppBase.BaseConfigurationManager: Setting cache path: "/cache"
[2026-01-17 13:30:19.357 +00:00] [INF] [9] Emby.Server.Implementations.ApplicationHost: Loading assemblies
[2026-01-17 13:30:19.955 +00:00] [INF] [9] Jellyfin.Networking.Manager.NetworkManager: Defined LAN subnets: ["127.0.0.1/8", "10.0.0.0/8", "172.16.0.0/12", "192.168.0.0/16"]
[2026-01-17 13:30:19.967 +00:00] [INF] [9] Jellyfin.Networking.Manager.NetworkManager: Defined LAN exclusions: []
[2026-01-17 13:30:19.968 +00:00] [INF] [9] Jellyfin.Networking.Manager.NetworkManager: Used LAN subnets: ["127.0.0.1/8", "10.0.0.0/8", "172.16.0.0/12", "192.168.0.0/16"]
[2026-01-17 13:30:19.974 +00:00] [INF] [9] Jellyfin.Networking.Manager.NetworkManager: Filtered interface addresses: ["127.0.0.1", "172.18.0.3"]
[2026-01-17 13:30:19.978 +00:00] [INF] [9] Jellyfin.Networking.Manager.NetworkManager: Bind Addresses ["0.0.0.0"]
[2026-01-17 13:30:19.979 +00:00] [INF] [9] Jellyfin.Networking.Manager.NetworkManager: Remote IP filter is "Allowlist"
[2026-01-17 13:30:19.980 +00:00] [INF] [9] Jellyfin.Networking.Manager.NetworkManager: Filtered subnets: []
[2026-01-17 13:30:21.976 +00:00] [INF] [9] Jellyfin.Database.Providers.Sqlite.SqliteDatabaseProvider: SQLite connection string: "Data Source=/config/data/jellyfin.db;Cache=Default;Default Timeout=30;Pooling=True"
[2026-01-17 13:30:21.979 +00:00] [INF] [9] Jellyfin.Database.Providers.Sqlite.SqliteDatabaseProvider: SQLITE connection pragma command set to: 
"PRAGMA locking_mode=NORMAL;
PRAGMA journal_size_limit=134217728;
PRAGMA synchronous=1;
PRAGMA temp_store=2;
"
[2026-01-17 13:30:21.981 +00:00] [INF] [9] Jellyfin.Database.Implementations.Locking.NoLockBehavior: The database locking mode has been set to: NoLock.
[2026-01-17 13:30:22.005 +00:00] [INF] [9] Main: Prepare system for possible migrations
[2026-01-17 13:30:22.254 +00:00] [INF] [9] Jellyfin.Server.Migrations.JellyfinMigrationService: There are 0 migrations for stage CoreInitialisation.
[2026-01-17 13:30:26.177 +00:00] [INF] [9] Emby.Server.Implementations.Plugins.PluginManager: Loaded plugin: "TMDb" "10.11.5.0"
[2026-01-17 13:30:26.180 +00:00] [INF] [9] Emby.Server.Implementations.Plugins.PluginManager: Loaded plugin: "Studio Images" "10.11.5.0"
[2026-01-17 13:30:26.188 +00:00] [INF] [9] Emby.Server.Implementations.Plugins.PluginManager: Loaded plugin: "OMDb" "10.11.5.0"
[2026-01-17 13:30:26.334 +00:00] [INF] [9] Emby.Server.Implementations.Plugins.PluginManager: Loaded plugin: "MusicBrainz" "10.11.5.0"
[2026-01-17 13:30:26.336 +00:00] [INF] [9] Emby.Server.Implementations.Plugins.PluginManager: Loaded plugin: "AudioDB" "10.11.5.0"
[2026-01-17 13:30:26.814 +00:00] [INF] [9] Jellyfin.Server.Migrations.JellyfinMigrationService: There are 0 migrations for stage AppInitialisation.
[2026-01-17 13:30:26.936 +00:00] [WRN] [7] Microsoft.AspNetCore.DataProtection.Repositories.EphemeralXmlRepository: Using an in-memory repository. Keys will not be persisted to storage.
[2026-01-17 13:30:26.937 +00:00] [WRN] [7] Microsoft.AspNetCore.DataProtection.KeyManagement.XmlKeyManager: Neither user profile nor HKLM registry available. Using an ephemeral key repository. Protected data will be unavailable when application exits.
[2026-01-17 13:30:27.154 +00:00] [INF] [7] Main: Kestrel is listening on "0.0.0.0"
[2026-01-17 13:30:27.229 +00:00] [WRN] [9] Microsoft.AspNetCore.DataProtection.KeyManagement.XmlKeyManager: No XML encryptor configured. Key {a0115e41-8673-4240-a520-377e05a2fd8d} may be persisted to storage in unencrypted form.
[2026-01-17 13:30:32.244 +00:00] [WRN] [7] Microsoft.AspNetCore.StaticFiles.StaticFileMiddleware: The WebRootPath was not found: "/wwwroot". Static files may be unavailable.
[2026-01-17 13:30:32.434 +00:00] [INF] [7] Emby.Server.Implementations.ApplicationHost: Running startup tasks
[2026-01-17 13:30:32.475 +00:00] [INF] [7] Emby.Server.Implementations.ScheduledTasks.TaskManager: Daily trigger for "Generate Trickplay Images" set to fire at 2026-01-18 03:00:00.000 +00:00, which is 13:29:27.5250419 from now.
[2026-01-17 13:30:32.964 +00:00] [INF] [7] Emby.Server.Implementations.ScheduledTasks.TaskManager: Daily trigger for "Extract Chapter Images" set to fire at 2026-01-18 02:00:00.000 +00:00, which is 12:29:27.0359218 from now.
[2026-01-17 13:30:35.324 +00:00] [INF] [7] MediaBrowser.MediaEncoding.Encoder.MediaEncoder: Found ffmpeg version "7.1.3"
[2026-01-17 13:30:35.697 +00:00] [INF] [7] MediaBrowser.MediaEncoding.Encoder.MediaEncoder: Available "decoders": ["libdav1d", "av1", "av1_cuvid", "av1_qsv", "h264", "h264_qsv", "h264_cuvid", "hevc", "hevc_qsv", "hevc_cuvid", "mpeg2video", "mpeg2_qsv", "mpeg2_cuvid", "mpeg4", "mpeg4_cuvid", "msmpeg4", "vc1_qsv", "vc1_cuvid", "vp8", "libvpx", "vp8_cuvid", "vp8_qsv", "vp9", "libvpx-vp9", "vp9_cuvid", "vp9_qsv", "aac", "ac3", "ac4", "dca", "flac", "mp3", "truehd"]
[2026-01-17 13:30:35.800 +00:00] [INF] [7] MediaBrowser.MediaEncoding.Encoder.MediaEncoder: Available "encoders": ["libsvtav1", "av1_nvenc", "av1_qsv", "av1_amf", "av1_vaapi", "libx264", "h264_amf", "h264_nvenc", "h264_qsv", "h264_v4l2m2m", "h264_vaapi", "libx265", "hevc_amf", "hevc_nvenc", "hevc_qsv", "hevc_vaapi", "mjpeg_qsv", "mjpeg_vaapi", "aac", "libfdk_aac", "ac3", "alac", "dca", "flac", "libmp3lame", "libopus", "truehd", "libvorbis", "srt"]
[2026-01-17 13:30:35.910 +00:00] [INF] [7] MediaBrowser.MediaEncoding.Encoder.MediaEncoder: Available filters: ["bwdif_cuda", "bwdif_opencl", "deinterlace_qsv", "deinterlace_vaapi", "flip_vulkan", "hwupload_cuda", "hwupload_vaapi", "libplacebo", "overlay_opencl", "overlay_qsv", "overlay_vaapi", "overlay_vulkan", "overlay_cuda", "procamp_vaapi", "scale_cuda", "scale_opencl", "scale_qsv", "scale_vaapi", "scale_vulkan", "tonemapx", "tonemap_cuda", "tonemap_opencl", "tonemap_vaapi", "transpose_cuda", "transpose_opencl", "transpose_vaapi", "transpose_vulkan", "vpp_qsv", "yadif_cuda", "yadif_opencl", "zscale", "alphasrc"]
[2026-01-17 13:30:36.161 +00:00] [INF] [14] Emby.Server.Implementations.ScheduledTasks.TaskManager: "Clean up collections and playlists" Completed after 0 minute(s) and 0 seconds
[2026-01-17 13:30:36.877 +00:00] [INF] [14] Emby.Server.Implementations.ScheduledTasks.TaskManager: "Clean Transcode Directory" Completed after 0 minute(s) and 0 seconds
[2026-01-17 13:30:37.987 +00:00] [INF] [7] MediaBrowser.MediaEncoding.Encoder.MediaEncoder: Available hwaccel types: ["cuda", "vaapi", "qsv", "drm", "opencl", "vulkan"]
[2026-01-17 13:30:38.716 +00:00] [INF] [13] Emby.Server.Implementations.ScheduledTasks.TaskManager: "Update Plugins" Completed after 0 minute(s) and 1 seconds
[2026-01-17 13:32:01.213 +00:00] [INF] [7] MediaBrowser.MediaEncoding.Encoder.MediaEncoder: FFmpeg: "/usr/lib/jellyfin-ffmpeg/ffmpeg"
[2026-01-17 13:32:01.282 +00:00] [INF] [7] Emby.Server.Implementations.ApplicationHost: ServerId: "0377c98204e24abebccef2b5b490eaf2"
[2026-01-17 13:32:01.283 +00:00] [INF] [7] Emby.Server.Implementations.ApplicationHost: Core startup complete
[2026-01-17 13:32:01.283 +00:00] [INF] [7] Main: Startup complete 0:01:52.7322584
[2026-01-17 13:40:51.952 +00:00] [INF] [38] Emby.Server.Implementations.Session.SessionManager: Sending shutdown notifications
[2026-01-17 13:40:52.022 +00:00] [INF] [39] Main: Running query planner optimizations in the database... This might take a while
[2026-01-17 13:41:19.522 +00:00] [INF] [1] Emby.Server.Implementations.AppBase.BaseConfigurationManager: Setting cache path: "/cache"
[2026-01-17 13:41:20.464 +00:00] [INF] [9] Jellyfin.Server.ServerSetupApp.SetupServer: Kestrel is listening on "0.0.0.0"
[2026-01-17 13:41:20.554 +00:00] [INF] [9] Main: Jellyfin version: "10.11.5"
[2026-01-17 13:41:20.563 +00:00] [INF] [9] Main: Environment Variables: ["[JELLYFIN_DATA_DIR, /config]", "[JELLYFIN_WEB_DIR, /jellyfin/jellyfin-web]", "[JELLYFIN_CACHE_DIR, /cache]", "[JELLYFIN_CONFIG_DIR, /config/config]", "[JELLYFIN_FFMPEG, /usr/lib/jellyfin-ffmpeg/ffmpeg]", "[JELLYFIN_LOG_DIR, /config/log]"]
[2026-01-17 13:41:20.596 +00:00] [INF] [9] Main: Arguments: ["/jellyfin/jellyfin.dll"]
[2026-01-17 13:41:20.599 +00:00] [INF] [9] Main: Operating system: "Debian GNU/Linux 13 (trixie)"
[2026-01-17 13:41:20.599 +00:00] [INF] [9] Main: Architecture: X64
[2026-01-17 13:41:20.601 +00:00] [INF] [9] Main: 64-Bit Process: True
[2026-01-17 13:41:20.602 +00:00] [INF] [9] Main: User Interactive: True
[2026-01-17 13:41:20.607 +00:00] [INF] [9] Main: Processor count: 6
[2026-01-17 13:41:20.608 +00:00] [INF] [9] Main: Program data path: "/config"
[2026-01-17 13:41:20.612 +00:00] [INF] [9] Main: Log directory path: "/config/log"
[2026-01-17 13:41:20.613 +00:00] [INF] [9] Main: Config directory path: "/config/config"
[2026-01-17 13:41:20.614 +00:00] [INF] [9] Main: Cache path: "/cache"
[2026-01-17 13:41:20.616 +00:00] [INF] [9] Main: Temp directory path: "/tmp/jellyfin"
[2026-01-17 13:41:20.617 +00:00] [INF] [9] Main: Web resources path: "/jellyfin/jellyfin-web"
[2026-01-17 13:41:20.618 +00:00] [INF] [9] Main: Application directory: "/jellyfin/"
[2026-01-17 13:41:20.684 +00:00] [INF] [9] Jellyfin.Server.Startup: Storage path `"/config/data"` (Fixed) successfully checked with "173.5GiB" free which is over the minimum of "2GiB".
[2026-01-17 13:41:20.690 +00:00] [INF] [9] Jellyfin.Server.Startup: Storage path `"/cache"` (Fixed) successfully checked with "173.5GiB" free which is over the minimum of "2GiB".
[2026-01-17 13:41:20.696 +00:00] [INF] [9] Jellyfin.Server.Startup: Storage path `"/config"` (Fixed) successfully checked with "173.5GiB" free which is over the minimum of "2GiB".
[2026-01-17 13:41:20.790 +00:00] [INF] [9] Emby.Server.Implementations.AppBase.BaseConfigurationManager: Setting cache path: "/cache"
[2026-01-17 13:41:21.008 +00:00] [INF] [9] Jellyfin.Database.Providers.Sqlite.SqliteDatabaseProvider: SQLite connection string: "Data Source=/config/data/jellyfin.db;Cache=Default;Default Timeout=30;Pooling=True"
[2026-01-17 13:41:21.039 +00:00] [INF] [9] Jellyfin.Database.Providers.Sqlite.SqliteDatabaseProvider: SQLITE connection pragma command set to: 
"PRAGMA locking_mode=NORMAL;
PRAGMA journal_size_limit=134217728;
PRAGMA synchronous=1;
PRAGMA temp_store=2;
"
[2026-01-17 13:41:21.041 +00:00] [INF] [9] Jellyfin.Database.Implementations.Locking.NoLockBehavior: The database locking mode has been set to: NoLock.
[2026-01-17 13:41:21.140 +00:00] [INF] [9] Jellyfin.Server.Migrations.JellyfinMigrationService: Initialise Migration service.
[2026-01-17 13:41:22.043 +00:00] [WRN] [7] Microsoft.Extensions.Diagnostics.HealthChecks.DefaultHealthCheckService: Health check "StartupCheck" with status Degraded completed after 5.5939ms with message '"Server is still starting up."'
[2026-01-17 13:41:26.640 +00:00] [INF] [9] Jellyfin.Server.Migrations.JellyfinMigrationService: There are 0 migrations for stage PreInitialisation.
[2026-01-17 13:41:26.798 +00:00] [INF] [9] Emby.Server.Implementations.AppBase.BaseConfigurationManager: Setting cache path: "/cache"
[2026-01-17 13:41:27.286 +00:00] [INF] [9] Emby.Server.Implementations.ApplicationHost: Loading assemblies
[2026-01-17 13:41:27.604 +00:00] [INF] [9] Jellyfin.Networking.Manager.NetworkManager: Defined LAN subnets: ["127.0.0.1/8", "10.0.0.0/8", "172.16.0.0/12", "192.168.0.0/16"]
[2026-01-17 13:41:27.605 +00:00] [INF] [9] Jellyfin.Networking.Manager.NetworkManager: Defined LAN exclusions: []
[2026-01-17 13:41:27.616 +00:00] [INF] [9] Jellyfin.Networking.Manager.NetworkManager: Used LAN subnets: ["127.0.0.1/8", "10.0.0.0/8", "172.16.0.0/12", "192.168.0.0/16"]
[2026-01-17 13:41:27.621 +00:00] [INF] [9] Jellyfin.Networking.Manager.NetworkManager: Filtered interface addresses: ["127.0.0.1", "172.18.0.3"]
[2026-01-17 13:41:27.629 +00:00] [INF] [9] Jellyfin.Networking.Manager.NetworkManager: Bind Addresses ["0.0.0.0"]
[2026-01-17 13:41:27.629 +00:00] [INF] [9] Jellyfin.Networking.Manager.NetworkManager: Remote IP filter is "Allowlist"
[2026-01-17 13:41:27.630 +00:00] [INF] [9] Jellyfin.Networking.Manager.NetworkManager: Filtered subnets: []
[2026-01-17 13:41:28.562 +00:00] [INF] [9] Jellyfin.Database.Providers.Sqlite.SqliteDatabaseProvider: SQLite connection string: "Data Source=/config/data/jellyfin.db;Cache=Default;Default Timeout=30;Pooling=True"
[2026-01-17 13:41:28.563 +00:00] [INF] [9] Jellyfin.Database.Providers.Sqlite.SqliteDatabaseProvider: SQLITE connection pragma command set to: 
"PRAGMA locking_mode=NORMAL;
PRAGMA journal_size_limit=134217728;
PRAGMA synchronous=1;
PRAGMA temp_store=2;
"
[2026-01-17 13:41:28.571 +00:00] [INF] [9] Jellyfin.Database.Implementations.Locking.NoLockBehavior: The database locking mode has been set to: NoLock.
[2026-01-17 13:41:28.598 +00:00] [INF] [9] Main: Prepare system for possible migrations
[2026-01-17 13:41:29.274 +00:00] [INF] [9] Jellyfin.Server.Migrations.JellyfinMigrationService: There are 0 migrations for stage CoreInitialisation.
[2026-01-17 13:41:32.672 +00:00] [INF] [9] Emby.Server.Implementations.Plugins.PluginManager: Loaded plugin: "TMDb" "10.11.5.0"
[2026-01-17 13:41:32.678 +00:00] [INF] [9] Emby.Server.Implementations.Plugins.PluginManager: Loaded plugin: "Studio Images" "10.11.5.0"
[2026-01-17 13:41:32.685 +00:00] [INF] [9] Emby.Server.Implementations.Plugins.PluginManager: Loaded plugin: "OMDb" "10.11.5.0"
[2026-01-17 13:41:32.832 +00:00] [INF] [9] Emby.Server.Implementations.Plugins.PluginManager: Loaded plugin: "MusicBrainz" "10.11.5.0"
[2026-01-17 13:41:32.834 +00:00] [INF] [9] Emby.Server.Implementations.Plugins.PluginManager: Loaded plugin: "AudioDB" "10.11.5.0"
[2026-01-17 13:41:33.371 +00:00] [INF] [9] Jellyfin.Server.Migrations.JellyfinMigrationService: There are 0 migrations for stage AppInitialisation.
[2026-01-17 13:41:33.493 +00:00] [WRN] [12] Microsoft.AspNetCore.DataProtection.Repositories.EphemeralXmlRepository: Using an in-memory repository. Keys will not be persisted to storage.
[2026-01-17 13:41:33.506 +00:00] [WRN] [12] Microsoft.AspNetCore.DataProtection.KeyManagement.XmlKeyManager: Neither user profile nor HKLM registry available. Using an ephemeral key repository. Protected data will be unavailable when application exits.
[2026-01-17 13:41:33.732 +00:00] [INF] [12] Main: Kestrel is listening on "0.0.0.0"
[2026-01-17 13:41:33.777 +00:00] [WRN] [14] Microsoft.AspNetCore.DataProtection.KeyManagement.XmlKeyManager: No XML encryptor configured. Key {987784f7-78ef-4502-96dd-bde8a388ffab} may be persisted to storage in unencrypted form.
[2026-01-17 13:41:38.315 +00:00] [WRN] [12] Microsoft.AspNetCore.StaticFiles.StaticFileMiddleware: The WebRootPath was not found: "/wwwroot". Static files may be unavailable.
[2026-01-17 13:41:38.561 +00:00] [INF] [12] Emby.Server.Implementations.ApplicationHost: Running startup tasks
[2026-01-17 13:41:38.612 +00:00] [INF] [12] Emby.Server.Implementations.ScheduledTasks.TaskManager: Daily trigger for "Generate Trickplay Images" set to fire at 2026-01-18 03:00:00.000 +00:00, which is 13:18:21.3876699 from now.
[2026-01-17 13:41:38.860 +00:00] [INF] [12] Emby.Server.Implementations.ScheduledTasks.TaskManager: Daily trigger for "Extract Chapter Images" set to fire at 2026-01-18 02:00:00.000 +00:00, which is 12:18:21.1396580 from now.
[2026-01-17 13:41:41.044 +00:00] [INF] [12] MediaBrowser.MediaEncoding.Encoder.MediaEncoder: Found ffmpeg version "7.1.3"
[2026-01-17 13:41:41.312 +00:00] [INF] [12] MediaBrowser.MediaEncoding.Encoder.MediaEncoder: Available "decoders": ["libdav1d", "av1", "av1_cuvid", "av1_qsv", "h264", "h264_qsv", "h264_cuvid", "hevc", "hevc_qsv", "hevc_cuvid", "mpeg2video", "mpeg2_qsv", "mpeg2_cuvid", "mpeg4", "mpeg4_cuvid", "msmpeg4", "vc1_qsv", "vc1_cuvid", "vp8", "libvpx", "vp8_cuvid", "vp8_qsv", "vp9", "libvpx-vp9", "vp9_cuvid", "vp9_qsv", "aac", "ac3", "ac4", "dca", "flac", "mp3", "truehd"]
[2026-01-17 13:41:41.376 +00:00] [INF] [12] MediaBrowser.MediaEncoding.Encoder.MediaEncoder: Available "encoders": ["libsvtav1", "av1_nvenc", "av1_qsv", "av1_amf", "av1_vaapi", "libx264", "h264_amf", "h264_nvenc", "h264_qsv", "h264_v4l2m2m", "h264_vaapi", "libx265", "hevc_amf", "hevc_nvenc", "hevc_qsv", "hevc_vaapi", "mjpeg_qsv", "mjpeg_vaapi", "aac", "libfdk_aac", "ac3", "alac", "dca", "flac", "libmp3lame", "libopus", "truehd", "libvorbis", "srt"]
[2026-01-17 13:41:41.527 +00:00] [INF] [12] MediaBrowser.MediaEncoding.Encoder.MediaEncoder: Available filters: ["bwdif_cuda", "bwdif_opencl", "deinterlace_qsv", "deinterlace_vaapi", "flip_vulkan", "hwupload_cuda", "hwupload_vaapi", "libplacebo", "overlay_opencl", "overlay_qsv", "overlay_vaapi", "overlay_vulkan", "overlay_cuda", "procamp_vaapi", "scale_cuda", "scale_opencl", "scale_qsv", "scale_vaapi", "scale_vulkan", "tonemapx", "tonemap_cuda", "tonemap_opencl", "tonemap_vaapi", "transpose_cuda", "transpose_opencl", "transpose_vaapi", "transpose_vulkan", "vpp_qsv", "yadif_cuda", "yadif_opencl", "zscale", "alphasrc"]
[2026-01-17 13:41:42.177 +00:00] [INF] [9] Emby.Server.Implementations.ScheduledTasks.TaskManager: "Clean up collections and playlists" Completed after 0 minute(s) and 0 seconds
[2026-01-17 13:41:43.266 +00:00] [INF] [14] Emby.Server.Implementations.ScheduledTasks.TaskManager: "Clean Transcode Directory" Completed after 0 minute(s) and 0 seconds
[2026-01-17 13:41:43.868 +00:00] [INF] [12] MediaBrowser.MediaEncoding.Encoder.MediaEncoder: Available hwaccel types: ["cuda", "vaapi", "qsv", "drm", "opencl", "vulkan"]
[2026-01-17 13:41:44.718 +00:00] [INF] [9] Emby.Server.Implementations.ScheduledTasks.TaskManager: "Update Plugins" Completed after 0 minute(s) and 1 seconds
[2026-01-17 13:42:57.840 +00:00] [INF] [12] MediaBrowser.MediaEncoding.Encoder.MediaEncoder: FFmpeg: "/usr/lib/jellyfin-ffmpeg/ffmpeg"
[2026-01-17 13:42:57.852 +00:00] [INF] [12] Emby.Server.Implementations.ApplicationHost: ServerId: "0377c98204e24abebccef2b5b490eaf2"
[2026-01-17 13:42:57.852 +00:00] [INF] [12] Emby.Server.Implementations.ApplicationHost: Core startup complete
[2026-01-17 13:42:57.852 +00:00] [INF] [12] Main: Startup complete 0:01:40.7797218
